<?xml version="1.0" encoding="UTF-8"?>
<!-- Generated by org.testng.reporters.JUnitReportReporter -->
<testsuite skipped="0" hostname="wittyfeed-Vostro-3558" name="DuniadigestTestCases.DuniadigestSearchPageTestCasesTest" tests="4" failures="0" timestamp="08 Jan 2019 13:41:46 GMT" time="28.008" errors="0">
  <testcase name="ClickSearchOption" time="27.903" classname="DuniadigestTestCases.DuniadigestSearchPageTestCasesTest"/>
  <testcase name="CheckSearchHeader" time="0.072" classname="DuniadigestTestCases.DuniadigestSearchPageTestCasesTest"/>
  <testcase name="CheckSearchedStoryImage" time="0.017" classname="DuniadigestTestCases.DuniadigestSearchPageTestCasesTest"/>
  <testcase name="CheckSearchedStoryTitle" time="0.016" classname="DuniadigestTestCases.DuniadigestSearchPageTestCasesTest"/>
</testsuite> <!-- DuniadigestTestCases.DuniadigestSearchPageTestCasesTest -->
