<?xml version="1.0" encoding="UTF-8"?>
<!-- Generated by org.testng.reporters.JUnitReportReporter -->
<testsuite skipped="0" hostname="wittyfeed-Vostro-3558" name="DuniadigestTestCases.DuniadigestCatagoiesTestCasesTest" tests="34" failures="0" timestamp="15 Jan 2019 09:51:26 GMT" time="170.285" errors="0">
  <testcase name="ClickHamburgerMenu" time="19.612" classname="DuniadigestTestCases.DuniadigestCatagoiesTestCasesTest"/>
  <testcase name="CheckNewsDigest" time="1.383" classname="DuniadigestTestCases.DuniadigestCatagoiesTestCasesTest"/>
  <testcase name="CheckNewsDigestSubCata" time="1.031" classname="DuniadigestTestCases.DuniadigestCatagoiesTestCasesTest"/>
  <testcase name="CheckLifeCata" time="1.085" classname="DuniadigestTestCases.DuniadigestCatagoiesTestCasesTest"/>
  <testcase name="CheckLifeSubCata" time="1.027" classname="DuniadigestTestCases.DuniadigestCatagoiesTestCasesTest"/>
  <testcase name="CheckFilmyDuniaCata" time="1.034" classname="DuniadigestTestCases.DuniadigestCatagoiesTestCasesTest"/>
  <testcase name="CheckFilmyDuniaSubCata" time="1.033" classname="DuniadigestTestCases.DuniadigestCatagoiesTestCasesTest"/>
  <testcase name="DharamParCharchaCata" time="1.047" classname="DuniadigestTestCases.DuniadigestCatagoiesTestCasesTest"/>
  <testcase name="CheckDharamParCharchaSubCata" time="1.044" classname="DuniadigestTestCases.DuniadigestCatagoiesTestCasesTest"/>
  <testcase name="CheckMultiMediaCata" time="1.031" classname="DuniadigestTestCases.DuniadigestCatagoiesTestCasesTest"/>
  <testcase name="CheckMultiMediaSubCata" time="1.029" classname="DuniadigestTestCases.DuniadigestCatagoiesTestCasesTest"/>
  <testcase name="CheckKhelKhiladiCata" time="1.027" classname="DuniadigestTestCases.DuniadigestCatagoiesTestCasesTest"/>
  <testcase name="CheckMathPachiCata" time="1.023" classname="DuniadigestTestCases.DuniadigestCatagoiesTestCasesTest"/>
  <testcase name="CheckNewsDigestPage" time="6.734" classname="DuniadigestTestCases.DuniadigestCatagoiesTestCasesTest"/>
  <testcase name="CheckKiseePage" time="7.577" classname="DuniadigestTestCases.DuniadigestCatagoiesTestCasesTest"/>
  <testcase name="CheckApnaHindustanPage" time="18.795" classname="DuniadigestTestCases.DuniadigestCatagoiesTestCasesTest"/>
  <testcase name="CheckFirangiPage" time="6.718" classname="DuniadigestTestCases.DuniadigestCatagoiesTestCasesTest"/>
  <testcase name="CheckSocialCharchaPage" time="5.609" classname="DuniadigestTestCases.DuniadigestCatagoiesTestCasesTest"/>
  <testcase name="CheckLifePage" time="6.496" classname="DuniadigestTestCases.DuniadigestCatagoiesTestCasesTest"/>
  <testcase name="CheckRahanSahanPage" time="5.564" classname="DuniadigestTestCases.DuniadigestCatagoiesTestCasesTest"/>
  <testcase name="CheckRelationshipPage" time="6.913" classname="DuniadigestTestCases.DuniadigestCatagoiesTestCasesTest"/>
  <testcase name="CheckHealthPage" time="6.263" classname="DuniadigestTestCases.DuniadigestCatagoiesTestCasesTest"/>
  <testcase name="CheckTaknikPage" time="9.574" classname="DuniadigestTestCases.DuniadigestCatagoiesTestCasesTest"/>
  <testcase name="CheckHasithitoliPage" time="5.724" classname="DuniadigestTestCases.DuniadigestCatagoiesTestCasesTest"/>
  <testcase name="CheckFilmyDuniaPage" time="5.816" classname="DuniadigestTestCases.DuniadigestCatagoiesTestCasesTest"/>
  <testcase name="CheckSitareZaminPePage" time="4.866" classname="DuniadigestTestCases.DuniadigestCatagoiesTestCasesTest"/>
  <testcase name="CheckChugalKhorCachiPage" time="4.289" classname="DuniadigestTestCases.DuniadigestCatagoiesTestCasesTest"/>
  <testcase name="CheckDharamParCharchaPage" time="5.652" classname="DuniadigestTestCases.DuniadigestCatagoiesTestCasesTest"/>
  <testcase name="CheckDharmikItihasPage" time="4.962" classname="DuniadigestTestCases.DuniadigestCatagoiesTestCasesTest"/>
  <testcase name="CheckMultiMediaPage" time="4.742" classname="DuniadigestTestCases.DuniadigestCatagoiesTestCasesTest"/>
  <testcase name="CheckVideoPage" time="4.808" classname="DuniadigestTestCases.DuniadigestCatagoiesTestCasesTest"/>
  <testcase name="CheckInfoGraphicsPage" time="4.549" classname="DuniadigestTestCases.DuniadigestCatagoiesTestCasesTest"/>
  <testcase name="CheckKhelKhiladiPage" time="6.021" classname="DuniadigestTestCases.DuniadigestCatagoiesTestCasesTest"/>
  <testcase name="CheckMathPachiPage" time="6.207" classname="DuniadigestTestCases.DuniadigestCatagoiesTestCasesTest"/>
</testsuite> <!-- DuniadigestTestCases.DuniadigestCatagoiesTestCasesTest -->
