<?xml version="1.0" encoding="UTF-8"?>
<!-- Generated by org.testng.reporters.JUnitReportReporter -->
<testsuite skipped="0" hostname="wittyfeed-Vostro-3558" name="test.WittyFeedSearchPageTestCasesTest" tests="4" failures="0" timestamp="14 Dec 2018 12:20:49 GMT" time="15.496" errors="0">
  <testcase name="ClickSearchOption" time="15.391" classname="test.WittyFeedSearchPageTestCasesTest"/>
  <testcase name="CheckSearchHeader" time="0.043" classname="test.WittyFeedSearchPageTestCasesTest"/>
  <testcase name="CheckSearchedStoryImage" time="0.038" classname="test.WittyFeedSearchPageTestCasesTest"/>
  <testcase name="CheckSearchedStoryTitle" time="0.024" classname="test.WittyFeedSearchPageTestCasesTest"/>
</testsuite> <!-- test.WittyFeedSearchPageTestCasesTest -->
