<?xml version="1.0" encoding="UTF-8"?>
<!-- Generated by org.testng.reporters.JUnitReportReporter -->
<testsuite skipped="0" hostname="wittyfeed-Vostro-3558" name="DuniadigestTestCases.DuniadigestFooterOptionTestCasesTest" tests="9" failures="0" timestamp="07 Jan 2019 13:04:09 GMT" time="35.206" errors="0">
  <testcase name="ClickHamburgerMenu" time="20.288" classname="DuniadigestTestCases.DuniadigestFooterOptionTestCasesTest"/>
  <testcase name="CheckAbutUsLink" time="0.050" classname="DuniadigestTestCases.DuniadigestFooterOptionTestCasesTest"/>
  <testcase name="CheckTermsOfUseLink" time="0.028" classname="DuniadigestTestCases.DuniadigestFooterOptionTestCasesTest"/>
  <testcase name="CheckPrivacyPolicyLink" time="0.022" classname="DuniadigestTestCases.DuniadigestFooterOptionTestCasesTest"/>
  <testcase name="CheckCantactUsLink" time="0.025" classname="DuniadigestTestCases.DuniadigestFooterOptionTestCasesTest"/>
  <testcase name="CheckAbutUsPage" time="4.996" classname="DuniadigestTestCases.DuniadigestFooterOptionTestCasesTest"/>
  <testcase name="CheckTermsOfUsePage" time="5.182" classname="DuniadigestTestCases.DuniadigestFooterOptionTestCasesTest"/>
  <testcase name="CheckPrivacyPolicyPage" time="4.487" classname="DuniadigestTestCases.DuniadigestFooterOptionTestCasesTest"/>
  <testcase name="CheckCantactUsPage" time="0.128" classname="DuniadigestTestCases.DuniadigestFooterOptionTestCasesTest"/>
</testsuite> <!-- DuniadigestTestCases.DuniadigestFooterOptionTestCasesTest -->
