<?xml version="1.0" encoding="UTF-8"?>
<!-- Generated by org.testng.reporters.JUnitReportReporter -->
<testsuite skipped="0" hostname="wittyfeed-Vostro-3558" name="DuniadigestTestCases.DuniadigestTagstestcasesTest" tests="2" failures="0" timestamp="28 Dec 2018 07:51:04 GMT" time="20.365" errors="0">
  <testcase name="CheckSearchOption" time="20.337" classname="DuniadigestTestCases.DuniadigestTagstestcasesTest"/>
  <testcase name="CheckSearchTags" time="0.028" classname="DuniadigestTestCases.DuniadigestTagstestcasesTest"/>
</testsuite> <!-- DuniadigestTestCases.DuniadigestTagstestcasesTest -->
