<?xml version="1.0" encoding="UTF-8"?>
<!-- Generated by org.testng.reporters.JUnitReportReporter -->
<testsuite skipped="0" hostname="wittyfeed-Vostro-3558" name="InnervoiceTestCases.InnerVoiceStoryPageTestCasesTest" tests="7" failures="0" timestamp="26 Dec 2018 07:03:09 GMT" time="61.507" errors="0">
  <testcase name="OpenStoryPage" time="54.971" classname="InnervoiceTestCases.InnerVoiceStoryPageTestCasesTest"/>
  <testcase name="CheckStoryAuthor" time="1.064" classname="InnervoiceTestCases.InnerVoiceStoryPageTestCasesTest"/>
  <testcase name="CheckStoryTitle" time="1.192" classname="InnervoiceTestCases.InnerVoiceStoryPageTestCasesTest"/>
  <testcase name="CheckStoryDesc" time="1.127" classname="InnervoiceTestCases.InnerVoiceStoryPageTestCasesTest"/>
  <testcase name="CheckStoryShares" time="1.053" classname="InnervoiceTestCases.InnerVoiceStoryPageTestCasesTest"/>
  <testcase name="CheckStoryShareOptions" time="1.070" classname="InnervoiceTestCases.InnerVoiceStoryPageTestCasesTest"/>
  <testcase name="CheckStoryContent" time="1.030" classname="InnervoiceTestCases.InnerVoiceStoryPageTestCasesTest"/>
</testsuite> <!-- InnervoiceTestCases.InnerVoiceStoryPageTestCasesTest -->
