<?xml version="1.0" encoding="UTF-8"?>
<!-- Generated by org.testng.reporters.JUnitReportReporter -->
<testsuite skipped="0" hostname="wittyfeed-Vostro-3558" name="DuniadigestTestCases.CaptureAndParsingHarFileForPixPngDDTest" tests="32" failures="0" timestamp="15 Jan 2019 12:04:57 GMT" time="11.037" errors="0">
  <testcase name="OpenGoogleappsHar_analyzer" time="10.070" classname="DuniadigestTestCases.CaptureAndParsingHarFileForPixPngDDTest"/>
  <testcase name="CheckGMTValue" time="0.046" classname="DuniadigestTestCases.CaptureAndParsingHarFileForPixPngDDTest"/>
  <testcase name="Checkvisit_blockValue" time="0.038" classname="DuniadigestTestCases.CaptureAndParsingHarFileForPixPngDDTest"/>
  <testcase name="Checkcountry_codeValue" time="0.027" classname="DuniadigestTestCases.CaptureAndParsingHarFileForPixPngDDTest"/>
  <testcase name="Checklanguage_EnglishValue" time="0.034" classname="DuniadigestTestCases.CaptureAndParsingHarFileForPixPngDDTest"/>
  <testcase name="Checkcategory_peopleValue" time="0.042" classname="DuniadigestTestCases.CaptureAndParsingHarFileForPixPngDDTest"/>
  <testcase name="Checkwriter_nameValue" time="0.029" classname="DuniadigestTestCases.CaptureAndParsingHarFileForPixPngDDTest"/>
  <testcase name="Checkwriter_idValue" time="0.031" classname="DuniadigestTestCases.CaptureAndParsingHarFileForPixPngDDTest"/>
  <testcase name="Checkcategory_idValue" time="0.032" classname="DuniadigestTestCases.CaptureAndParsingHarFileForPixPngDDTest"/>
  <testcase name="Checkstory_idValue" time="0.025" classname="DuniadigestTestCases.CaptureAndParsingHarFileForPixPngDDTest"/>
  <testcase name="Checkgoogle_entitiesValue" time="0.029" classname="DuniadigestTestCases.CaptureAndParsingHarFileForPixPngDDTest"/>
  <testcase name="Checkpage_typeValue" time="0.029" classname="DuniadigestTestCases.CaptureAndParsingHarFileForPixPngDDTest"/>
  <testcase name="CheckcityValue" time="0.033" classname="DuniadigestTestCases.CaptureAndParsingHarFileForPixPngDDTest"/>
  <testcase name="Checkcountry_nameValue" time="0.029" classname="DuniadigestTestCases.CaptureAndParsingHarFileForPixPngDDTest"/>
  <testcase name="CheckfpValue" time="0.028" classname="DuniadigestTestCases.CaptureAndParsingHarFileForPixPngDDTest"/>
  <testcase name="Checkpage_urlValue" time="0.036" classname="DuniadigestTestCases.CaptureAndParsingHarFileForPixPngDDTest"/>
  <testcase name="Checkclient_ipValue" time="0.036" classname="DuniadigestTestCases.CaptureAndParsingHarFileForPixPngDDTest"/>
  <testcase name="Checkreferral_domainValue" time="0.023" classname="DuniadigestTestCases.CaptureAndParsingHarFileForPixPngDDTest"/>
  <testcase name="Checkdev_sourceValue" time="0.027" classname="DuniadigestTestCases.CaptureAndParsingHarFileForPixPngDDTest"/>
  <testcase name="CheckPBValue" time="0.025" classname="DuniadigestTestCases.CaptureAndParsingHarFileForPixPngDDTest"/>
  <testcase name="Checkstory_tagsValue" time="0.024" classname="DuniadigestTestCases.CaptureAndParsingHarFileForPixPngDDTest"/>
  <testcase name="Checkcurrent_blockValue" time="0.026" classname="DuniadigestTestCases.CaptureAndParsingHarFileForPixPngDDTest"/>
  <testcase name="Checktotal_blocksValue" time="0.026" classname="DuniadigestTestCases.CaptureAndParsingHarFileForPixPngDDTest"/>
  <testcase name="CheckdomainValue" time="0.025" classname="DuniadigestTestCases.CaptureAndParsingHarFileForPixPngDDTest"/>
  <testcase name="CheckadPartnerValue" time="0.026" classname="DuniadigestTestCases.CaptureAndParsingHarFileForPixPngDDTest"/>
  <testcase name="CheckadblockerValue" time="0.026" classname="DuniadigestTestCases.CaptureAndParsingHarFileForPixPngDDTest"/>
  <testcase name="CheckofcValue" time="0.045" classname="DuniadigestTestCases.CaptureAndParsingHarFileForPixPngDDTest"/>
  <testcase name="Checktotal_adsValue" time="0.031" classname="DuniadigestTestCases.CaptureAndParsingHarFileForPixPngDDTest"/>
  <testcase name="Checktree_idValue" time="0.031" classname="DuniadigestTestCases.CaptureAndParsingHarFileForPixPngDDTest"/>
  <testcase name="CheckussValue" time="0.041" classname="DuniadigestTestCases.CaptureAndParsingHarFileForPixPngDDTest"/>
  <testcase name="CheckpidValue" time="0.034" classname="DuniadigestTestCases.CaptureAndParsingHarFileForPixPngDDTest"/>
  <testcase name="Checkinit_story_idValue" time="0.033" classname="DuniadigestTestCases.CaptureAndParsingHarFileForPixPngDDTest"/>
</testsuite> <!-- DuniadigestTestCases.CaptureAndParsingHarFileForPixPngDDTest -->
