<?xml version="1.0" encoding="UTF-8"?>
<!-- Generated by org.testng.reporters.JUnitReportReporter -->
<testsuite skipped="0" hostname="wittyfeed-Vostro-3558" name="InnervoiceTestCases.InnerVoiceCatagoiesTestCasesTest" tests="29" failures="0" timestamp="26 Dec 2018 06:30:15 GMT" time="140.482" errors="0">
  <testcase name="ClickHamburgerMenu" time="22.193" classname="InnervoiceTestCases.InnerVoiceCatagoiesTestCasesTest"/>
  <testcase name="CheckEcploreCata" time="1.045" classname="InnervoiceTestCases.InnerVoiceCatagoiesTestCasesTest"/>
  <testcase name="CheckEcploreSubCata" time="1.029" classname="InnervoiceTestCases.InnerVoiceCatagoiesTestCasesTest"/>
  <testcase name="CheckTalesCata" time="1.038" classname="InnervoiceTestCases.InnerVoiceCatagoiesTestCasesTest"/>
  <testcase name="CheckTalesSubCata" time="1.033" classname="InnervoiceTestCases.InnerVoiceCatagoiesTestCasesTest"/>
  <testcase name="CheckExpressCata" time="1.028" classname="InnervoiceTestCases.InnerVoiceCatagoiesTestCasesTest"/>
  <testcase name="CheckVideosCata" time="1.029" classname="InnervoiceTestCases.InnerVoiceCatagoiesTestCasesTest"/>
  <testcase name="CheckExpressSubCata" time="1.026" classname="InnervoiceTestCases.InnerVoiceCatagoiesTestCasesTest"/>
  <testcase name="CheckVideosSubCata" time="1.027" classname="InnervoiceTestCases.InnerVoiceCatagoiesTestCasesTest"/>
  <testcase name="CheckIVPicksLink" time="1.027" classname="InnervoiceTestCases.InnerVoiceCatagoiesTestCasesTest"/>
  <testcase name="CheckEcplorePage" time="6.708" classname="InnervoiceTestCases.InnerVoiceCatagoiesTestCasesTest"/>
  <testcase name="CheckRelationshipPage" time="5.445" classname="InnervoiceTestCases.InnerVoiceCatagoiesTestCasesTest"/>
  <testcase name="CheckMotivationPage" time="6.309" classname="InnervoiceTestCases.InnerVoiceCatagoiesTestCasesTest"/>
  <testcase name="CheckSocialIssuesPage" time="5.486" classname="InnervoiceTestCases.InnerVoiceCatagoiesTestCasesTest"/>
  <testcase name="CheckOpenLetter0Page" time="5.923" classname="InnervoiceTestCases.InnerVoiceCatagoiesTestCasesTest"/>
  <testcase name="CheckPsychologyPage" time="5.641" classname="InnervoiceTestCases.InnerVoiceCatagoiesTestCasesTest"/>
  <testcase name="CheckQuotesAndThoughtsPage" time="6.957" classname="InnervoiceTestCases.InnerVoiceCatagoiesTestCasesTest"/>
  <testcase name="CheckPeoplePage" time="4.511" classname="InnervoiceTestCases.InnerVoiceCatagoiesTestCasesTest"/>
  <testcase name="CheckTalesPage" time="5.794" classname="InnervoiceTestCases.InnerVoiceCatagoiesTestCasesTest"/>
  <testcase name="CheckShortTalesPage" time="4.620" classname="InnervoiceTestCases.InnerVoiceCatagoiesTestCasesTest"/>
  <testcase name="CheckOpinionPage" time="4.905" classname="InnervoiceTestCases.InnerVoiceCatagoiesTestCasesTest"/>
  <testcase name="CheckPoemPage" time="5.885" classname="InnervoiceTestCases.InnerVoiceCatagoiesTestCasesTest"/>
  <testcase name="CheckVideosPage" time="8.898" classname="InnervoiceTestCases.InnerVoiceCatagoiesTestCasesTest"/>
  <testcase name="CheckUnheardPage" time="5.072" classname="InnervoiceTestCases.InnerVoiceCatagoiesTestCasesTest"/>
  <testcase name="CheckShortStoriesPage" time="5.345" classname="InnervoiceTestCases.InnerVoiceCatagoiesTestCasesTest"/>
  <testcase name="CheckAdvicePage" time="5.915" classname="InnervoiceTestCases.InnerVoiceCatagoiesTestCasesTest"/>
  <testcase name="CheckExpressPage" time="5.481" classname="InnervoiceTestCases.InnerVoiceCatagoiesTestCasesTest"/>
  <testcase name="CheckAskupPage" time="5.244" classname="InnervoiceTestCases.InnerVoiceCatagoiesTestCasesTest"/>
  <testcase name="CheckIVPicksPage" time="4.868" classname="InnervoiceTestCases.InnerVoiceCatagoiesTestCasesTest"/>
</testsuite> <!-- InnervoiceTestCases.InnerVoiceCatagoiesTestCasesTest -->
