<?xml version="1.0" encoding="UTF-8"?>
<!-- Generated by org.testng.reporters.JUnitReportReporter -->
<testsuite skipped="0" hostname="wittyfeed-Vostro-3558" name="test.WittyTagstestcasesTest" tests="2" failures="0" timestamp="14 Dec 2018 11:42:16 GMT" time="46.813" errors="0">
  <testcase name="CheckSearchOption" time="46.765" classname="test.WittyTagstestcasesTest"/>
  <testcase name="CheckSearchTags" time="0.048" classname="test.WittyTagstestcasesTest"/>
</testsuite> <!-- test.WittyTagstestcasesTest -->
