<?xml version="1.0" encoding="UTF-8"?>
<!-- Generated by org.testng.reporters.JUnitReportReporter -->
<testsuite skipped="0" hostname="wittyfeed-Vostro-3558" name="DuniadigestTestCases.HARFileRecord" tests="1" failures="0" timestamp="03 Jan 2019 08:47:50 GMT" time="5.142" errors="0">
  <testcase name="CreatHarFile" time="5.142" classname="DuniadigestTestCases.HARFileRecord"/>
</testsuite> <!-- DuniadigestTestCases.HARFileRecord -->
