<?xml version="1.0" encoding="UTF-8" ?>
<testsuite tests="130" failures="0" name="TestSuite" time="395.387" errors="0" skipped="0">
  <properties>
    <property name="java.runtime.name" value="Java(TM) SE Runtime Environment"/>
    <property name="sun.boot.library.path" value="/usr/lib/jvm/java-8-oracle/jre/lib/amd64"/>
    <property name="java.vm.version" value="25.191-b12"/>
    <property name="java.vm.vendor" value="Oracle Corporation"/>
    <property name="maven.multiModuleProjectDirectory" value="/home/wittyfeed/eclipse-workspace/Duniadigest"/>
    <property name="java.vendor.url" value="http://java.oracle.com/"/>
    <property name="path.separator" value=":"/>
    <property name="guice.disable.misplaced.annotation.check" value="true"/>
    <property name="java.vm.name" value="Java HotSpot(TM) 64-Bit Server VM"/>
    <property name="file.encoding.pkg" value="sun.io"/>
    <property name="user.country" value="US"/>
    <property name="sun.java.launcher" value="SUN_STANDARD"/>
    <property name="sun.os.patch.level" value="unknown"/>
    <property name="java.vm.specification.name" value="Java Virtual Machine Specification"/>
    <property name="user.dir" value="/home/wittyfeed/eclipse-workspace/Duniadigest"/>
    <property name="java.runtime.version" value="1.8.0_191-b12"/>
    <property name="java.awt.graphicsenv" value="sun.awt.X11GraphicsEnvironment"/>
    <property name="java.endorsed.dirs" value="/usr/lib/jvm/java-8-oracle/jre/lib/endorsed"/>
    <property name="os.arch" value="amd64"/>
    <property name="java.io.tmpdir" value="/tmp"/>
    <property name="line.separator" value="
"/>
    <property name="java.vm.specification.vendor" value="Oracle Corporation"/>
    <property name="os.name" value="Linux"/>
    <property name="classworlds.conf" value="/home/wittyfeed/eclipse-workspace/.metadata/.plugins/org.eclipse.m2e.launching/launches/m2conf688312968144323457.tmp"/>
    <property name="sun.jnu.encoding" value="UTF-8"/>
    <property name="java.library.path" value="/usr/java/packages/lib/amd64:/usr/lib64:/lib64:/lib:/usr/lib"/>
    <property name="java.specification.name" value="Java Platform API Specification"/>
    <property name="java.class.version" value="52.0"/>
    <property name="sun.management.compiler" value="HotSpot 64-Bit Tiered Compilers"/>
    <property name="os.version" value="4.4.0-131-generic"/>
    <property name="user.home" value="/home/wittyfeed"/>
    <property name="user.timezone" value="Asia/Kolkata"/>
    <property name="java.awt.printerjob" value="sun.print.PSPrinterJob"/>
    <property name="file.encoding" value="UTF-8"/>
    <property name="java.specification.version" value="1.8"/>
    <property name="user.name" value="wittyfeed"/>
    <property name="java.class.path" value="/home/wittyfeed/.p2/pool/plugins/org.eclipse.m2e.maven.runtime_1.9.1.20180912-1600/jars/plexus-classworlds-2.5.2.jar"/>
    <property name="java.vm.specification.version" value="1.8"/>
    <property name="sun.arch.data.model" value="64"/>
    <property name="java.home" value="/usr/lib/jvm/java-8-oracle/jre"/>
    <property name="sun.java.command" value="org.codehaus.plexus.classworlds.launcher.Launcher -B test"/>
    <property name="java.specification.vendor" value="Oracle Corporation"/>
    <property name="user.language" value="en"/>
    <property name="awt.toolkit" value="sun.awt.X11.XToolkit"/>
    <property name="java.vm.info" value="mixed mode"/>
    <property name="java.version" value="1.8.0_191"/>
    <property name="java.ext.dirs" value="/usr/lib/jvm/java-8-oracle/jre/lib/ext:/usr/java/packages/lib/ext"/>
    <property name="securerandom.source" value="file:/dev/./urandom"/>
    <property name="sun.boot.class.path" value="/usr/lib/jvm/java-8-oracle/jre/lib/resources.jar:/usr/lib/jvm/java-8-oracle/jre/lib/rt.jar:/usr/lib/jvm/java-8-oracle/jre/lib/sunrsasign.jar:/usr/lib/jvm/java-8-oracle/jre/lib/jsse.jar:/usr/lib/jvm/java-8-oracle/jre/lib/jce.jar:/usr/lib/jvm/java-8-oracle/jre/lib/charsets.jar:/usr/lib/jvm/java-8-oracle/jre/lib/jfr.jar:/usr/lib/jvm/java-8-oracle/jre/classes"/>
    <property name="java.vendor" value="Oracle Corporation"/>
    <property name="maven.home" value="/home/wittyfeed/eclipse-workspace/Duniadigest/EMBEDDED"/>
    <property name="file.separator" value="/"/>
    <property name="java.vendor.url.bug" value="http://bugreport.sun.com/bugreport/"/>
    <property name="sun.cpu.endian" value="little"/>
    <property name="sun.io.unicode.encoding" value="UnicodeLittle"/>
    <property name="sun.desktop" value="gnome"/>
    <property name="sun.cpu.isalist" value=""/>
  </properties>
  <testcase classname="DuniadigestTestCases.CaptureAndParsingHarFileForPixPngDDTest" name="OpenGoogleappsHar_analyzer" time="14.326"/>
  <testcase classname="DuniadigestTestCases.CaptureAndParsingHarFileForPixPngDDTest" name="CheckGMTValue" time="0.053"/>
  <testcase classname="DuniadigestTestCases.CaptureAndParsingHarFileForPixPngDDTest" name="Checkvisit_blockValue" time="0.025"/>
  <testcase classname="DuniadigestTestCases.CaptureAndParsingHarFileForPixPngDDTest" name="Checkcountry_codeValue" time="0.027"/>
  <testcase classname="DuniadigestTestCases.CaptureAndParsingHarFileForPixPngDDTest" name="Checklanguage_EnglishValue" time="0.023"/>
  <testcase classname="DuniadigestTestCases.CaptureAndParsingHarFileForPixPngDDTest" name="Checkcategory_peopleValue" time="0.033"/>
  <testcase classname="DuniadigestTestCases.CaptureAndParsingHarFileForPixPngDDTest" name="Checkwriter_nameValue" time="0.029"/>
  <testcase classname="DuniadigestTestCases.CaptureAndParsingHarFileForPixPngDDTest" name="Checkwriter_idValue" time="0.026"/>
  <testcase classname="DuniadigestTestCases.CaptureAndParsingHarFileForPixPngDDTest" name="Checkcategory_idValue" time="0.028"/>
  <testcase classname="DuniadigestTestCases.CaptureAndParsingHarFileForPixPngDDTest" name="Checkstory_idValue" time="0.025"/>
  <testcase classname="DuniadigestTestCases.CaptureAndParsingHarFileForPixPngDDTest" name="Checkgoogle_entitiesValue" time="0.026"/>
  <testcase classname="DuniadigestTestCases.CaptureAndParsingHarFileForPixPngDDTest" name="Checkpage_typeValue" time="0.025"/>
  <testcase classname="DuniadigestTestCases.CaptureAndParsingHarFileForPixPngDDTest" name="CheckcityValue" time="0.023"/>
  <testcase classname="DuniadigestTestCases.CaptureAndParsingHarFileForPixPngDDTest" name="Checkcountry_nameValue" time="0.024"/>
  <testcase classname="DuniadigestTestCases.CaptureAndParsingHarFileForPixPngDDTest" name="CheckfpValue" time="0.025"/>
  <testcase classname="DuniadigestTestCases.CaptureAndParsingHarFileForPixPngDDTest" name="Checkpage_urlValue" time="0.024"/>
  <testcase classname="DuniadigestTestCases.CaptureAndParsingHarFileForPixPngDDTest" name="Checkclient_ipValue" time="0.029"/>
  <testcase classname="DuniadigestTestCases.CaptureAndParsingHarFileForPixPngDDTest" name="Checkreferral_domainValue" time="0.022"/>
  <testcase classname="DuniadigestTestCases.CaptureAndParsingHarFileForPixPngDDTest" name="Checkdev_sourceValue" time="0.021"/>
  <testcase classname="DuniadigestTestCases.CaptureAndParsingHarFileForPixPngDDTest" name="CheckPBValue" time="0.024"/>
  <testcase classname="DuniadigestTestCases.CaptureAndParsingHarFileForPixPngDDTest" name="Checkstory_tagsValue" time="0.021"/>
  <testcase classname="DuniadigestTestCases.CaptureAndParsingHarFileForPixPngDDTest" name="Checkcurrent_blockValue" time="0.027"/>
  <testcase classname="DuniadigestTestCases.CaptureAndParsingHarFileForPixPngDDTest" name="Checktotal_blocksValue" time="0.025"/>
  <testcase classname="DuniadigestTestCases.CaptureAndParsingHarFileForPixPngDDTest" name="CheckdomainValue" time="0.023"/>
  <testcase classname="DuniadigestTestCases.CaptureAndParsingHarFileForPixPngDDTest" name="CheckadPartnerValue" time="0.022"/>
  <testcase classname="DuniadigestTestCases.CaptureAndParsingHarFileForPixPngDDTest" name="CheckadblockerValue" time="0.031"/>
  <testcase classname="DuniadigestTestCases.CaptureAndParsingHarFileForPixPngDDTest" name="CheckofcValue" time="0.026"/>
  <testcase classname="DuniadigestTestCases.CaptureAndParsingHarFileForPixPngDDTest" name="Checktotal_adsValue" time="0.022"/>
  <testcase classname="DuniadigestTestCases.CaptureAndParsingHarFileForPixPngDDTest" name="Checktree_idValue" time="0.027"/>
  <testcase classname="DuniadigestTestCases.CaptureAndParsingHarFileForPixPngDDTest" name="CheckussValue" time="0.032"/>
  <testcase classname="DuniadigestTestCases.CaptureAndParsingHarFileForPixPngDDTest" name="CheckpidValue" time="0.033"/>
  <testcase classname="DuniadigestTestCases.CaptureAndParsingHarFileForPixPngDDTest" name="Checkinit_story_idValue" time="0.03"/>
  <testcase classname="DuniadigestTestCases.DuniadigestCatagoiesTestCasesTest" name="ClickHamburgerMenu" time="16.217"/>
  <testcase classname="DuniadigestTestCases.DuniadigestCatagoiesTestCasesTest" name="CheckNewsDigest" time="1.037"/>
  <testcase classname="DuniadigestTestCases.DuniadigestCatagoiesTestCasesTest" name="CheckNewsDigestSubCata" time="1.028"/>
  <testcase classname="DuniadigestTestCases.DuniadigestCatagoiesTestCasesTest" name="CheckLifeCata" time="1.029"/>
  <testcase classname="DuniadigestTestCases.DuniadigestCatagoiesTestCasesTest" name="CheckLifeSubCata" time="1.026"/>
  <testcase classname="DuniadigestTestCases.DuniadigestCatagoiesTestCasesTest" name="CheckFilmyDuniaCata" time="1.025"/>
  <testcase classname="DuniadigestTestCases.DuniadigestCatagoiesTestCasesTest" name="CheckFilmyDuniaSubCata" time="2.035"/>
  <testcase classname="DuniadigestTestCases.DuniadigestCatagoiesTestCasesTest" name="DharamParCharchaCata" time="1.034"/>
  <testcase classname="DuniadigestTestCases.DuniadigestCatagoiesTestCasesTest" name="CheckDharamParCharchaSubCata" time="1.027"/>
  <testcase classname="DuniadigestTestCases.DuniadigestCatagoiesTestCasesTest" name="CheckMultiMediaCata" time="1.038"/>
  <testcase classname="DuniadigestTestCases.DuniadigestCatagoiesTestCasesTest" name="CheckMultiMediaSubCata" time="1.03"/>
  <testcase classname="DuniadigestTestCases.DuniadigestCatagoiesTestCasesTest" name="CheckKhelKhiladiCata" time="1.028"/>
  <testcase classname="DuniadigestTestCases.DuniadigestCatagoiesTestCasesTest" name="CheckMathPachiCata" time="1.023"/>
  <testcase classname="DuniadigestTestCases.DuniadigestCatagoiesTestCasesTest" name="CheckNewsDigestPage" time="4.836"/>
  <testcase classname="DuniadigestTestCases.DuniadigestCatagoiesTestCasesTest" name="CheckKiseePage" time="6.042"/>
  <testcase classname="DuniadigestTestCases.DuniadigestCatagoiesTestCasesTest" name="CheckApnaHindustanPage" time="4.49"/>
  <testcase classname="DuniadigestTestCases.DuniadigestCatagoiesTestCasesTest" name="CheckFirangiPage" time="4.223"/>
  <testcase classname="DuniadigestTestCases.DuniadigestCatagoiesTestCasesTest" name="CheckSocialCharchaPage" time="4.52"/>
  <testcase classname="DuniadigestTestCases.DuniadigestCatagoiesTestCasesTest" name="CheckLifePage" time="4.533"/>
  <testcase classname="DuniadigestTestCases.DuniadigestCatagoiesTestCasesTest" name="CheckRahanSahanPage" time="7.261"/>
  <testcase classname="DuniadigestTestCases.DuniadigestCatagoiesTestCasesTest" name="CheckRelationshipPage" time="28.601"/>
  <testcase classname="DuniadigestTestCases.DuniadigestCatagoiesTestCasesTest" name="CheckHealthPage" time="4.124"/>
  <testcase classname="DuniadigestTestCases.DuniadigestCatagoiesTestCasesTest" name="CheckTaknikPage" time="4.504"/>
  <testcase classname="DuniadigestTestCases.DuniadigestCatagoiesTestCasesTest" name="CheckHasithitoliPage" time="4.813"/>
  <testcase classname="DuniadigestTestCases.DuniadigestCatagoiesTestCasesTest" name="CheckFilmyDuniaPage" time="4.364"/>
  <testcase classname="DuniadigestTestCases.DuniadigestCatagoiesTestCasesTest" name="CheckSitareZaminPePage" time="4.13"/>
  <testcase classname="DuniadigestTestCases.DuniadigestCatagoiesTestCasesTest" name="CheckChugalKhorCachiPage" time="4.833"/>
  <testcase classname="DuniadigestTestCases.DuniadigestCatagoiesTestCasesTest" name="CheckDharamParCharchaPage" time="121.195"/>
  <testcase classname="DuniadigestTestCases.DuniadigestCatagoiesTestCasesTest" name="CheckDharmikItihasPage" time="4.39"/>
  <testcase classname="DuniadigestTestCases.DuniadigestCatagoiesTestCasesTest" name="CheckMultiMediaPage" time="4.942"/>
  <testcase classname="DuniadigestTestCases.DuniadigestCatagoiesTestCasesTest" name="CheckVideoPage" time="4.347"/>
  <testcase classname="DuniadigestTestCases.DuniadigestCatagoiesTestCasesTest" name="CheckInfoGraphicsPage" time="4.502"/>
  <testcase classname="DuniadigestTestCases.DuniadigestCatagoiesTestCasesTest" name="CheckKhelKhiladiPage" time="8.251"/>
  <testcase classname="DuniadigestTestCases.DuniadigestCatagoiesTestCasesTest" name="CheckMathPachiPage" time="7.388"/>
  <testcase classname="DuniadigestTestCases.DuniadigestFooterOptionTestCasesTest" name="ClickHamburgerMenu" time="5.053"/>
  <testcase classname="DuniadigestTestCases.DuniadigestFooterOptionTestCasesTest" name="CheckAbutUsLink" time="0.014"/>
  <testcase classname="DuniadigestTestCases.DuniadigestFooterOptionTestCasesTest" name="CheckTermsOfUseLink" time="0.011"/>
  <testcase classname="DuniadigestTestCases.DuniadigestFooterOptionTestCasesTest" name="CheckPrivacyPolicyLink" time="0.01"/>
  <testcase classname="DuniadigestTestCases.DuniadigestFooterOptionTestCasesTest" name="CheckCantactUsLink" time="0.015"/>
  <testcase classname="DuniadigestTestCases.DuniadigestFooterOptionTestCasesTest" name="CheckAbutUsPage" time="4.305"/>
  <testcase classname="DuniadigestTestCases.DuniadigestFooterOptionTestCasesTest" name="CheckTermsOfUsePage" time="4.173"/>
  <testcase classname="DuniadigestTestCases.DuniadigestFooterOptionTestCasesTest" name="CheckPrivacyPolicyPage" time="4.083"/>
  <testcase classname="DuniadigestTestCases.DuniadigestFooterOptionTestCasesTest" name="CheckCantactUsPage" time="0.024"/>
  <testcase classname="DuniadigestTestCases.DuniadigestHomePageTestcasesTest" name="CheckSearchOption" time="4.989"/>
  <testcase classname="DuniadigestTestCases.DuniadigestHomePageTestcasesTest" name="CheckSiteLogo" time="0.008"/>
  <testcase classname="DuniadigestTestCases.DuniadigestHomePageTestcasesTest" name="CheckNewsDigestCategories" time="0.007"/>
  <testcase classname="DuniadigestTestCases.DuniadigestHomePageTestcasesTest" name="CheckLifeCategories" time="5.009"/>
  <testcase classname="DuniadigestTestCases.DuniadigestHomePageTestcasesTest" name="CheckFilmyDuniaCategories" time="0.006"/>
  <testcase classname="DuniadigestTestCases.DuniadigestHomePageTestcasesTest" name="CheckDharamParCharchaCategories" time="0.008"/>
  <testcase classname="DuniadigestTestCases.DuniadigestHomePageTestcasesTest" name="CheckKhelKhiladiCategories" time="0.008"/>
  <testcase classname="DuniadigestTestCases.DuniadigestHomePageTestcasesTest" name="CheckMathaPachiCategories" time="0.007"/>
  <testcase classname="DuniadigestTestCases.DuniadigestHomePageTestcasesTest" name="CheckMultiMediaCategories" time="0.009"/>
  <testcase classname="DuniadigestTestCases.DuniadigestHomePageTestcasesTest" name="CheckInstaLink" time="0.007"/>
  <testcase classname="DuniadigestTestCases.DuniadigestHomePageTestcasesTest" name="CheckTwitterLink" time="0.009"/>
  <testcase classname="DuniadigestTestCases.DuniadigestHomePageTestcasesTest" name="CheckFacebookLink" time="0.006"/>
  <testcase classname="DuniadigestTestCases.DuniadigestHomePageTestcasesTest" name="CheckYouTubeLink" time="0.007"/>
  <testcase classname="DuniadigestTestCases.DuniadigestHomePageTestcasesTest" name="CheckFeaturedPostImage" time="0.006"/>
  <testcase classname="DuniadigestTestCases.DuniadigestHomePageTestcasesTest" name="CheckFeaturedPostTitle" time="0.008"/>
  <testcase classname="DuniadigestTestCases.DuniadigestHomePageTestcasesTest" name="CheckFeaturedPostAuthor" time="0.005"/>
  <testcase classname="DuniadigestTestCases.DuniadigestHomePageTestcasesTest" name="CheckSecondPostImage" time="0.012"/>
  <testcase classname="DuniadigestTestCases.DuniadigestHomePageTestcasesTest" name="CheckSecondPostTitle" time="0.008"/>
  <testcase classname="DuniadigestTestCases.DuniadigestHomePageTestcasesTest" name="CheckSecondPostAuthor" time="0.008"/>
  <testcase classname="DuniadigestTestCases.DuniadigestHomePageTestcasesTest" name="CheckThirdPostImage" time="0.008"/>
  <testcase classname="DuniadigestTestCases.DuniadigestHomePageTestcasesTest" name="CheckThirdPostTitle" time="0.008"/>
  <testcase classname="DuniadigestTestCases.DuniadigestHomePageTestcasesTest" name="CheckThirdPostAuthor" time="0.006"/>
  <testcase classname="DuniadigestTestCases.DuniadigestHomePageTestcasesTest" name="CheckLatestStoryImage" time="1.023"/>
  <testcase classname="DuniadigestTestCases.DuniadigestHomePageTestcasesTest" name="CheckLatestStoryTitle" time="1.229"/>
  <testcase classname="DuniadigestTestCases.DuniadigestHomePageTestcasesTest" name="CheckLatestStoryAuthor" time="1.026"/>
  <testcase classname="DuniadigestTestCases.DuniadigestHomePageTestcasesTest" name="CheckDDVideo1" time="1.022"/>
  <testcase classname="DuniadigestTestCases.DuniadigestHomePageTestcasesTest" name="CheckDDVideo2" time="1.02"/>
  <testcase classname="DuniadigestTestCases.DuniadigestHomePageTestcasesTest" name="CheckQuizeFeedImage" time="1.024"/>
  <testcase classname="DuniadigestTestCases.DuniadigestHomePageTestcasesTest" name="CheckQuizefeedTitle" time="1.025"/>
  <testcase classname="DuniadigestTestCases.DuniadigestHomePageTestcasesTest" name="CheckQuizeFeedAuthor" time="1.024"/>
  <testcase classname="DuniadigestTestCases.DuniadigestHomePageTestcasesTest" name="CheckEatSleepReadReaptImage" time="1.022"/>
  <testcase classname="DuniadigestTestCases.DuniadigestHomePageTestcasesTest" name="CheckEatSleepReadReaptTitle" time="1.02"/>
  <testcase classname="DuniadigestTestCases.DuniadigestHomePageTestcasesTest" name="CheckEatSleepReadReaptAuthor" time="1.026"/>
  <testcase classname="DuniadigestTestCases.DuniadigestSearchPageTestCasesTest" name="ClickSearchOption" time="10.945"/>
  <testcase classname="DuniadigestTestCases.DuniadigestSearchPageTestCasesTest" name="CheckSearchHeader" time="0.017"/>
  <testcase classname="DuniadigestTestCases.DuniadigestSearchPageTestCasesTest" name="CheckSearchedStoryImage" time="0.011"/>
  <testcase classname="DuniadigestTestCases.DuniadigestSearchPageTestCasesTest" name="CheckSearchedStoryTitle" time="0.019"/>
  <testcase classname="DuniadigestTestCases.DuniadigestStoryPageTestCasesTest" name="OpenStoryPage" time="32.757"/>
  <testcase classname="DuniadigestTestCases.DuniadigestStoryPageTestCasesTest" name="CheckStoryAuthor" time="1.053"/>
  <testcase classname="DuniadigestTestCases.DuniadigestStoryPageTestCasesTest" name="CheckStoryTitle" time="1.248"/>
  <testcase classname="DuniadigestTestCases.DuniadigestStoryPageTestCasesTest" name="CheckStoryDesc" time="1.03"/>
  <testcase classname="DuniadigestTestCases.DuniadigestStoryPageTestCasesTest" name="CheckStoryShares" time="1.127"/>
  <testcase classname="DuniadigestTestCases.DuniadigestStoryPageTestCasesTest" name="CheckStoryShareOptions" time="1.054"/>
  <testcase classname="DuniadigestTestCases.DuniadigestStoryPageTestCasesTest" name="CheckStoryContent" time="1.022"/>
  <testcase classname="DuniadigestTestCases.DuniadigestUserProfileTestCasesTest" name="ClickAuthorName" time="9.451"/>
  <testcase classname="DuniadigestTestCases.DuniadigestUserProfileTestCasesTest" name="CheckBackgroundImage" time="0.019"/>
  <testcase classname="DuniadigestTestCases.DuniadigestUserProfileTestCasesTest" name="CheckAuthorName" time="0.016"/>
  <testcase classname="DuniadigestTestCases.DuniadigestUserProfileTestCasesTest" name="CheckAuthorImage" time="0.011"/>
  <testcase classname="DuniadigestTestCases.DuniadigestUserProfileTestCasesTest" name="CheckWriterName" time="0.01"/>
  <testcase classname="DuniadigestTestCases.DuniadigestUserProfileTestCasesTest" name="CheckEditor" time="0.009"/>
  <testcase classname="DuniadigestTestCases.DuniadigestUserProfileTestCasesTest" name="CheckProfileDesc" time="0.012"/>
  <testcase classname="DuniadigestTestCases.DuniadigestUserProfileTestCasesTest" name="CheckDontMissThisStory" time="0.01"/>
  <testcase classname="DuniadigestTestCases.DuniadigestUserProfileTestCasesTest" name="LatestStories" time="0.01"/>
  <testcase classname="DuniadigestTestCases.DuniadigestTagstestcasesTest" name="CheckSearchOption" time="5.227"/>
  <testcase classname="DuniadigestTestCases.DuniadigestTagstestcasesTest" name="CheckSearchTags" time="0.008"/>
</testsuite>