<?xml version="1.0" encoding="UTF-8"?>
<!-- Generated by org.testng.reporters.JUnitReportReporter -->
<testsuite hostname="wittyfeed-Vostro-3558" name="HARreader.HARreader.AppTest" tests="1" failures="0" timestamp="7 Jan 2019 06:20:35 GMT" time="5.906" errors="0">
  <testcase name="CreatHarFile" time="5.906" classname="HARreader.HARreader.AppTest"/>
</testsuite>
