<?xml version="1.0" encoding="UTF-8"?>
<!-- Generated by org.testng.reporters.JUnitReportReporter -->
<testsuite skipped="0" hostname="wittyfeed-Vostro-3558" name="RestAssured1.RestAssured1.RemoveDislike" tests="1" failures="0" timestamp="19 Feb 2019 08:10:06 GMT" time="2.696" errors="0">
  <testcase name="CheckStatus" time="2.696" classname="RestAssured1.RestAssured1.RemoveDislike"/>
</testsuite> <!-- RestAssured1.RestAssured1.RemoveDislike -->
