<?xml version="1.0" encoding="UTF-8"?>
<!-- Generated by org.testng.reporters.JUnitReportReporter -->
<testsuite skipped="0" hostname="Gate6-70" name="RestAssured1.RestAssured1.AppTest" tests="2" failures="0" timestamp="01 May 2018 11:57:59 GMT" time="3.278" errors="0">
  <testcase name="CheckStatus" time="3.063" classname="RestAssured1.RestAssured1.AppTest"/>
  <testcase name="getResponseBody" time="0.215" classname="RestAssured1.RestAssured1.AppTest"/>
</testsuite> <!-- RestAssured1.RestAssured1.AppTest -->
