<?xml version="1.0" encoding="UTF-8"?>
<!-- Generated by org.testng.reporters.JUnitReportReporter -->
<testsuite skipped="0" hostname="wittyfeed-Vostro-3558" name="RestAssured1.RestAssured1.CreateComment" tests="1" failures="0" timestamp="19 Feb 2019 12:09:32 GMT" time="3.389" errors="0">
  <testcase name="CheckStatus" time="3.389" classname="RestAssured1.RestAssured1.CreateComment"/>
</testsuite> <!-- RestAssured1.RestAssured1.CreateComment -->
