<?xml version="1.0" encoding="UTF-8"?>
<!-- Generated by org.testng.reporters.JUnitReportReporter -->
<testsuite skipped="0" hostname="wittyfeed-Vostro-3558" name="RestAssured1.RestAssured1.RemoveDislikeTest" tests="1" failures="0" timestamp="19 Feb 2019 12:50:35 GMT" time="3.292" errors="0">
  <testcase name="CheckStatus" time="3.292" classname="RestAssured1.RestAssured1.RemoveDislikeTest"/>
</testsuite> <!-- RestAssured1.RestAssured1.RemoveDislikeTest -->
