<?xml version="1.0" encoding="UTF-8"?>
<!-- Generated by org.testng.reporters.JUnitReportReporter -->
<testsuite skipped="0" hostname="wittyfeed-Vostro-3558" name="RestAssured1.RestAssured1.DislikeTest" tests="1" failures="0" timestamp="19 Feb 2019 12:13:03 GMT" time="3.284" errors="0">
  <testcase name="CheckStatus" time="3.284" classname="RestAssured1.RestAssured1.DislikeTest"/>
</testsuite> <!-- RestAssured1.RestAssured1.DislikeTest -->
