<?xml version="1.0" encoding="UTF-8"?>
<!-- Generated by org.testng.reporters.JUnitReportReporter -->
<testsuite skipped="0" hostname="Gate6-70" name="RestAssured1.RestAssured1.PostAPI" tests="1" failures="0" timestamp="02 May 2018 05:52:18 GMT" time="2.571" errors="0">
  <testcase name="CheckStatus" time="2.571" classname="RestAssured1.RestAssured1.PostAPI"/>
</testsuite> <!-- RestAssured1.RestAssured1.PostAPI -->
