<?xml version="1.0" encoding="UTF-8"?>
<!-- Generated by org.testng.reporters.JUnitReportReporter -->
<testsuite skipped="0" hostname="wittyfeed-Vostro-3558" name="RestAssured1.RestAssured1.UnbookmarkTest" tests="1" failures="0" timestamp="19 Feb 2019 12:55:32 GMT" time="2.884" errors="0">
  <testcase name="CheckStatus" time="2.884" classname="RestAssured1.RestAssured1.UnbookmarkTest"/>
</testsuite> <!-- RestAssured1.RestAssured1.UnbookmarkTest -->
