<?xml version="1.0" encoding="UTF-8"?>
<!-- Generated by org.testng.reporters.JUnitReportReporter -->
<testsuite skipped="0" hostname="wittyfeed-Vostro-3558" name="RestAssured1.RestAssured1.ArticleLikes" tests="1" failures="0" timestamp="16 Feb 2019 12:47:39 GMT" time="2.912" errors="0">
  <testcase name="CheckStatus" time="2.912" classname="RestAssured1.RestAssured1.ArticleLikes"/>
</testsuite> <!-- RestAssured1.RestAssured1.ArticleLikes -->
