<?xml version="1.0" encoding="UTF-8"?>
<!-- Generated by org.testng.reporters.JUnitReportReporter -->
<testsuite skipped="0" hostname="wittyfeed-Vostro-3558" name="RestAssured1.RestAssured1.ReportTest" tests="1" failures="0" timestamp="19 Feb 2019 12:53:08 GMT" time="3.236" errors="0">
  <testcase name="CheckStatus" time="3.236" classname="RestAssured1.RestAssured1.ReportTest"/>
</testsuite> <!-- RestAssured1.RestAssured1.ReportTest -->
