<?xml version="1.0" encoding="UTF-8"?>
<!-- Generated by org.testng.reporters.JUnitReportReporter -->
<testsuite skipped="0" hostname="wittyfeed-Vostro-3558" name="GeeksmateTestCases.HealthiasticStoryPageTestCasesTest" tests="7" failures="0" timestamp="29 Dec 2018 10:17:33 GMT" time="26.575" errors="0">
  <testcase name="OpenStoryPage" time="20.210" classname="GeeksmateTestCases.HealthiasticStoryPageTestCasesTest"/>
  <testcase name="CheckStoryAuthor" time="1.076" classname="GeeksmateTestCases.HealthiasticStoryPageTestCasesTest"/>
  <testcase name="CheckStoryTitle" time="1.120" classname="GeeksmateTestCases.HealthiasticStoryPageTestCasesTest"/>
  <testcase name="CheckStoryDesc" time="1.034" classname="GeeksmateTestCases.HealthiasticStoryPageTestCasesTest"/>
  <testcase name="CheckStoryShares" time="1.034" classname="GeeksmateTestCases.HealthiasticStoryPageTestCasesTest"/>
  <testcase name="CheckStoryShareOptions" time="1.070" classname="GeeksmateTestCases.HealthiasticStoryPageTestCasesTest"/>
  <testcase name="CheckStoryContent" time="1.031" classname="GeeksmateTestCases.HealthiasticStoryPageTestCasesTest"/>
</testsuite> <!-- GeeksmateTestCases.HealthiasticStoryPageTestCasesTest -->
