<?xml version="1.0" encoding="UTF-8"?>
<!-- Generated by org.testng.reporters.JUnitReportReporter -->
<testsuite skipped="0" hostname="wittyfeed-Vostro-3558" name="FactsonlyTestCases.FactsonlySearchPageTestCasesTest" tests="4" failures="0" timestamp="09 Jan 2019 13:21:34 GMT" time="36.797" errors="0">
  <testcase name="ClickSearchOption" time="36.714" classname="FactsonlyTestCases.FactsonlySearchPageTestCasesTest"/>
  <testcase name="CheckSearchHeader" time="0.052" classname="FactsonlyTestCases.FactsonlySearchPageTestCasesTest"/>
  <testcase name="CheckSearchedStoryImage" time="0.017" classname="FactsonlyTestCases.FactsonlySearchPageTestCasesTest"/>
  <testcase name="CheckSearchedStoryTitle" time="0.014" classname="FactsonlyTestCases.FactsonlySearchPageTestCasesTest"/>
</testsuite> <!-- FactsonlyTestCases.FactsonlySearchPageTestCasesTest -->
