<?xml version="1.0" encoding="UTF-8"?>
<!-- Generated by org.testng.reporters.JUnitReportReporter -->
<testsuite skipped="0" hostname="wittyfeed-Vostro-3558" name="GeeksmateTestCases.GeeksmateCatagoiesTestCasesTest" tests="7" failures="0" timestamp="26 Dec 2018 12:56:42 GMT" time="45.818" errors="0">
  <testcase name="ClickHamburgerMenu" time="18.214" classname="GeeksmateTestCases.GeeksmateCatagoiesTestCasesTest"/>
  <testcase name="CheckSciencePage" time="5.318" classname="GeeksmateTestCases.GeeksmateCatagoiesTestCasesTest"/>
  <testcase name="CheckMoviesAndTVPage" time="4.818" classname="GeeksmateTestCases.GeeksmateCatagoiesTestCasesTest"/>
  <testcase name="CheckPCSPage" time="3.880" classname="GeeksmateTestCases.GeeksmateCatagoiesTestCasesTest"/>
  <testcase name="CheckVideosPage" time="5.029" classname="GeeksmateTestCases.GeeksmateCatagoiesTestCasesTest"/>
  <testcase name="CheckQUIZPage" time="4.433" classname="GeeksmateTestCases.GeeksmateCatagoiesTestCasesTest"/>
  <testcase name="CheckappsPage" time="4.126" classname="GeeksmateTestCases.GeeksmateCatagoiesTestCasesTest"/>
</testsuite> <!-- GeeksmateTestCases.GeeksmateCatagoiesTestCasesTest -->
