<?xml version="1.0" encoding="UTF-8"?>
<!-- Generated by org.testng.reporters.JUnitReportReporter -->
<testsuite skipped="0" hostname="wittyfeed-Vostro-3558" name="GeeksmateTestCases.ThephilipinoStoryPageTestCasesTest" tests="7" failures="0" timestamp="29 Dec 2018 07:50:52 GMT" time="26.081" errors="0">
  <testcase name="OpenStoryPage" time="19.734" classname="GeeksmateTestCases.ThephilipinoStoryPageTestCasesTest"/>
  <testcase name="CheckStoryAuthor" time="1.082" classname="GeeksmateTestCases.ThephilipinoStoryPageTestCasesTest"/>
  <testcase name="CheckStoryTitle" time="1.056" classname="GeeksmateTestCases.ThephilipinoStoryPageTestCasesTest"/>
  <testcase name="CheckStoryDesc" time="1.035" classname="GeeksmateTestCases.ThephilipinoStoryPageTestCasesTest"/>
  <testcase name="CheckStoryShares" time="1.040" classname="GeeksmateTestCases.ThephilipinoStoryPageTestCasesTest"/>
  <testcase name="CheckStoryShareOptions" time="1.059" classname="GeeksmateTestCases.ThephilipinoStoryPageTestCasesTest"/>
  <testcase name="CheckStoryContent" time="1.075" classname="GeeksmateTestCases.ThephilipinoStoryPageTestCasesTest"/>
</testsuite> <!-- GeeksmateTestCases.ThephilipinoStoryPageTestCasesTest -->
