<?xml version="1.0" encoding="UTF-8"?>
<!-- Generated by org.testng.reporters.JUnitReportReporter -->
<testsuite skipped="0" hostname="wittyfeed-Vostro-3558" name="FactsonlyTestCases.CaptureAndParsingHarFileForPixPngFOTest" tests="32" failures="0" timestamp="08 Jan 2019 05:54:23 GMT" time="10.035" errors="0">
  <testcase name="OpenGoogleappsHar_analyzer" time="8.999" classname="FactsonlyTestCases.CaptureAndParsingHarFileForPixPngFOTest"/>
  <testcase name="CheckGMTValue" time="0.048" classname="FactsonlyTestCases.CaptureAndParsingHarFileForPixPngFOTest"/>
  <testcase name="Checkvisit_blockValue" time="0.047" classname="FactsonlyTestCases.CaptureAndParsingHarFileForPixPngFOTest"/>
  <testcase name="Checkcountry_codeValue" time="0.068" classname="FactsonlyTestCases.CaptureAndParsingHarFileForPixPngFOTest"/>
  <testcase name="Checklanguage_EnglishValue" time="0.034" classname="FactsonlyTestCases.CaptureAndParsingHarFileForPixPngFOTest"/>
  <testcase name="Checkcategory_peopleValue" time="0.036" classname="FactsonlyTestCases.CaptureAndParsingHarFileForPixPngFOTest"/>
  <testcase name="Checkwriter_nameValue" time="0.030" classname="FactsonlyTestCases.CaptureAndParsingHarFileForPixPngFOTest"/>
  <testcase name="Checkwriter_idValue" time="0.029" classname="FactsonlyTestCases.CaptureAndParsingHarFileForPixPngFOTest"/>
  <testcase name="Checkcategory_idValue" time="0.026" classname="FactsonlyTestCases.CaptureAndParsingHarFileForPixPngFOTest"/>
  <testcase name="Checkstory_idValue" time="0.030" classname="FactsonlyTestCases.CaptureAndParsingHarFileForPixPngFOTest"/>
  <testcase name="Checkgoogle_entitiesValue" time="0.037" classname="FactsonlyTestCases.CaptureAndParsingHarFileForPixPngFOTest"/>
  <testcase name="Checkpage_typeValue" time="0.034" classname="FactsonlyTestCases.CaptureAndParsingHarFileForPixPngFOTest"/>
  <testcase name="CheckcityValue" time="0.030" classname="FactsonlyTestCases.CaptureAndParsingHarFileForPixPngFOTest"/>
  <testcase name="Checkcountry_nameValue" time="0.029" classname="FactsonlyTestCases.CaptureAndParsingHarFileForPixPngFOTest"/>
  <testcase name="CheckfpValue" time="0.029" classname="FactsonlyTestCases.CaptureAndParsingHarFileForPixPngFOTest"/>
  <testcase name="Checkpage_urlValue" time="0.025" classname="FactsonlyTestCases.CaptureAndParsingHarFileForPixPngFOTest"/>
  <testcase name="Checkclient_ipValue" time="0.026" classname="FactsonlyTestCases.CaptureAndParsingHarFileForPixPngFOTest"/>
  <testcase name="Checkreferral_domainValue" time="0.026" classname="FactsonlyTestCases.CaptureAndParsingHarFileForPixPngFOTest"/>
  <testcase name="Checkdev_sourceValue" time="0.024" classname="FactsonlyTestCases.CaptureAndParsingHarFileForPixPngFOTest"/>
  <testcase name="CheckPBValue" time="0.022" classname="FactsonlyTestCases.CaptureAndParsingHarFileForPixPngFOTest"/>
  <testcase name="Checkstory_tagsValue" time="0.037" classname="FactsonlyTestCases.CaptureAndParsingHarFileForPixPngFOTest"/>
  <testcase name="Checkcurrent_blockValue" time="0.030" classname="FactsonlyTestCases.CaptureAndParsingHarFileForPixPngFOTest"/>
  <testcase name="Checktotal_blocksValue" time="0.025" classname="FactsonlyTestCases.CaptureAndParsingHarFileForPixPngFOTest"/>
  <testcase name="CheckdomainValue" time="0.027" classname="FactsonlyTestCases.CaptureAndParsingHarFileForPixPngFOTest"/>
  <testcase name="CheckadPartnerValue" time="0.032" classname="FactsonlyTestCases.CaptureAndParsingHarFileForPixPngFOTest"/>
  <testcase name="CheckadblockerValue" time="0.025" classname="FactsonlyTestCases.CaptureAndParsingHarFileForPixPngFOTest"/>
  <testcase name="CheckofcValue" time="0.030" classname="FactsonlyTestCases.CaptureAndParsingHarFileForPixPngFOTest"/>
  <testcase name="Checktotal_adsValue" time="0.036" classname="FactsonlyTestCases.CaptureAndParsingHarFileForPixPngFOTest"/>
  <testcase name="Checktree_idValue" time="0.037" classname="FactsonlyTestCases.CaptureAndParsingHarFileForPixPngFOTest"/>
  <testcase name="CheckussValue" time="0.034" classname="FactsonlyTestCases.CaptureAndParsingHarFileForPixPngFOTest"/>
  <testcase name="CheckpidValue" time="0.038" classname="FactsonlyTestCases.CaptureAndParsingHarFileForPixPngFOTest"/>
  <testcase name="Checkinit_story_idValue" time="0.055" classname="FactsonlyTestCases.CaptureAndParsingHarFileForPixPngFOTest"/>
</testsuite> <!-- FactsonlyTestCases.CaptureAndParsingHarFileForPixPngFOTest -->
