<?xml version="1.0" encoding="UTF-8"?>
<!-- Generated by org.testng.reporters.JUnitReportReporter -->
<testsuite skipped="0" hostname="wittyfeed-Vostro-3558" name="GeeksmateTestCases.GeeksmateTagstestcasesTest" tests="2" failures="0" timestamp="27 Dec 2018 05:56:44 GMT" time="19.795" errors="0">
  <testcase name="CheckSearchOption" time="19.772" classname="GeeksmateTestCases.GeeksmateTagstestcasesTest"/>
  <testcase name="CheckSearchTags" time="0.023" classname="GeeksmateTestCases.GeeksmateTagstestcasesTest"/>
</testsuite> <!-- GeeksmateTestCases.GeeksmateTagstestcasesTest -->
