<?xml version="1.0" encoding="UTF-8"?>
<!-- Generated by org.testng.reporters.JUnitReportReporter -->
<testsuite skipped="0" hostname="wittyfeed-Vostro-3558" name="FactsonlyTestCases.FactsonlyUserProfileTestCasesTest" tests="6" failures="0" timestamp="09 Jan 2019 11:05:24 GMT" time="25.706" errors="0">
  <testcase name="ClickAuthorName" time="25.586" classname="FactsonlyTestCases.FactsonlyUserProfileTestCasesTest"/>
  <testcase name="CheckBackgroundImage" time="0.032" classname="FactsonlyTestCases.FactsonlyUserProfileTestCasesTest"/>
  <testcase name="CheckAuthorName" time="0.024" classname="FactsonlyTestCases.FactsonlyUserProfileTestCasesTest"/>
  <testcase name="CheckAuthorImage" time="0.023" classname="FactsonlyTestCases.FactsonlyUserProfileTestCasesTest"/>
  <testcase name="CheckWriterName" time="0.023" classname="FactsonlyTestCases.FactsonlyUserProfileTestCasesTest"/>
  <testcase name="CheckEditor" time="0.018" classname="FactsonlyTestCases.FactsonlyUserProfileTestCasesTest"/>
</testsuite> <!-- FactsonlyTestCases.FactsonlyUserProfileTestCasesTest -->
