<?xml version="1.0" encoding="UTF-8"?>
<!-- Generated by org.testng.reporters.JUnitReportReporter -->
<testsuite skipped="0" hostname="wittyfeed-Vostro-3558" name="FactsonlyTestCases.FactsonlyFooterOptionTestCasesTest" tests="5" failures="0" timestamp="03 Jan 2019 11:01:32 GMT" time="24.155" errors="0">
  <testcase name="ClickHamburgerMenu" time="18.697" classname="FactsonlyTestCases.FactsonlyFooterOptionTestCasesTest"/>
  <testcase name="CheckTermsOfUseLink" time="0.024" classname="FactsonlyTestCases.FactsonlyFooterOptionTestCasesTest"/>
  <testcase name="CheckPrivacyPolicyLink" time="0.022" classname="FactsonlyTestCases.FactsonlyFooterOptionTestCasesTest"/>
  <testcase name="CheckTermsOfUsePage" time="2.957" classname="FactsonlyTestCases.FactsonlyFooterOptionTestCasesTest"/>
  <testcase name="CheckPrivacyPolicyPage" time="2.455" classname="FactsonlyTestCases.FactsonlyFooterOptionTestCasesTest"/>
</testsuite> <!-- FactsonlyTestCases.FactsonlyFooterOptionTestCasesTest -->
