<?xml version="1.0" encoding="UTF-8"?>
<!-- Generated by org.testng.reporters.JUnitReportReporter -->
<testsuite skipped="0" hostname="wittyfeed-Vostro-3558" name="FactsonlyTestCases.FactsonlyHomePageTestcasesTest" tests="26" failures="0" timestamp="09 Jan 2019 10:53:59 GMT" time="33.156" errors="0">
  <testcase name="CheckSearchOption" time="21.644" classname="FactsonlyTestCases.FactsonlyHomePageTestcasesTest"/>
  <testcase name="CheckSiteLogo" time="0.015" classname="FactsonlyTestCases.FactsonlyHomePageTestcasesTest"/>
  <testcase name="CheckCreepyCategories" time="0.016" classname="FactsonlyTestCases.FactsonlyHomePageTestcasesTest"/>
  <testcase name="CheckHistoryCategories" time="5.026" classname="FactsonlyTestCases.FactsonlyHomePageTestcasesTest"/>
  <testcase name="CheckEntertainmentCategories" time="0.021" classname="FactsonlyTestCases.FactsonlyHomePageTestcasesTest"/>
  <testcase name="CheckScienceCategories" time="0.012" classname="FactsonlyTestCases.FactsonlyHomePageTestcasesTest"/>
  <testcase name="CheckCultureCategories" time="0.012" classname="FactsonlyTestCases.FactsonlyHomePageTestcasesTest"/>
  <testcase name="CheckInstaLink" time="0.023" classname="FactsonlyTestCases.FactsonlyHomePageTestcasesTest"/>
  <testcase name="CheckTwitterLink" time="0.013" classname="FactsonlyTestCases.FactsonlyHomePageTestcasesTest"/>
  <testcase name="CheckFacebookLink" time="0.015" classname="FactsonlyTestCases.FactsonlyHomePageTestcasesTest"/>
  <testcase name="CheckYouTubeLink" time="0.016" classname="FactsonlyTestCases.FactsonlyHomePageTestcasesTest"/>
  <testcase name="CheckFeaturedPostImage" time="0.012" classname="FactsonlyTestCases.FactsonlyHomePageTestcasesTest"/>
  <testcase name="CheckFeaturedPostTitle" time="0.010" classname="FactsonlyTestCases.FactsonlyHomePageTestcasesTest"/>
  <testcase name="CheckFeaturedPostAuthor" time="0.010" classname="FactsonlyTestCases.FactsonlyHomePageTestcasesTest"/>
  <testcase name="CheckSecondPostImage" time="0.011" classname="FactsonlyTestCases.FactsonlyHomePageTestcasesTest"/>
  <testcase name="CheckSecondPostTitle" time="0.010" classname="FactsonlyTestCases.FactsonlyHomePageTestcasesTest"/>
  <testcase name="CheckSecondPostAuthor" time="0.011" classname="FactsonlyTestCases.FactsonlyHomePageTestcasesTest"/>
  <testcase name="CheckThirdPostImage" time="0.011" classname="FactsonlyTestCases.FactsonlyHomePageTestcasesTest"/>
  <testcase name="CheckThirdPostTitle" time="0.010" classname="FactsonlyTestCases.FactsonlyHomePageTestcasesTest"/>
  <testcase name="CheckThirdPostAuthor" time="0.010" classname="FactsonlyTestCases.FactsonlyHomePageTestcasesTest"/>
  <testcase name="CheckLatestStoryImage" time="1.104" classname="FactsonlyTestCases.FactsonlyHomePageTestcasesTest"/>
  <testcase name="CheckLatestStoryTitle" time="1.025" classname="FactsonlyTestCases.FactsonlyHomePageTestcasesTest"/>
  <testcase name="CheckLatestStoryAuthor" time="1.037" classname="FactsonlyTestCases.FactsonlyHomePageTestcasesTest"/>
  <testcase name="CheckEatSleepReadReaptImage" time="1.026" classname="FactsonlyTestCases.FactsonlyHomePageTestcasesTest"/>
  <testcase name="CheckEatSleepReadReaptTitle" time="1.028" classname="FactsonlyTestCases.FactsonlyHomePageTestcasesTest"/>
  <testcase name="CheckEatSleepReadReaptAuthor" time="1.028" classname="FactsonlyTestCases.FactsonlyHomePageTestcasesTest"/>
</testsuite> <!-- FactsonlyTestCases.FactsonlyHomePageTestcasesTest -->
