<?xml version="1.0" encoding="UTF-8"?>
<!-- Generated by org.testng.reporters.JUnitReportReporter -->
<testsuite skipped="0" hostname="wittyfeed-Vostro-3558" name="ThePhilipinoTestCases.ThephilipinoStoryPageTestCasesTest" tests="7" failures="0" timestamp="10 Jan 2019 11:01:32 GMT" time="27.919" errors="0">
  <testcase name="OpenStoryPage" time="21.621" classname="ThePhilipinoTestCases.ThephilipinoStoryPageTestCasesTest"/>
  <testcase name="CheckStoryAuthor" time="1.053" classname="ThePhilipinoTestCases.ThephilipinoStoryPageTestCasesTest"/>
  <testcase name="CheckStoryTitle" time="1.032" classname="ThePhilipinoTestCases.ThephilipinoStoryPageTestCasesTest"/>
  <testcase name="CheckStoryDesc" time="1.073" classname="ThePhilipinoTestCases.ThephilipinoStoryPageTestCasesTest"/>
  <testcase name="CheckStoryShares" time="1.043" classname="ThePhilipinoTestCases.ThephilipinoStoryPageTestCasesTest"/>
  <testcase name="CheckStoryShareOptions" time="1.063" classname="ThePhilipinoTestCases.ThephilipinoStoryPageTestCasesTest"/>
  <testcase name="CheckStoryContent" time="1.034" classname="ThePhilipinoTestCases.ThephilipinoStoryPageTestCasesTest"/>
</testsuite> <!-- ThePhilipinoTestCases.ThephilipinoStoryPageTestCasesTest -->
