<?xml version="1.0" encoding="UTF-8"?>
<!-- Generated by org.testng.reporters.JUnitReportReporter -->
<testsuite skipped="0" hostname="wittyfeed-Vostro-3558" name="GeeksmateTestCases.GeeksmateFooterOptionTestCasesTest" tests="9" failures="0" timestamp="27 Dec 2018 05:37:25 GMT" time="42.062" errors="0">
  <testcase name="ClickHamburgerMenu" time="27.687" classname="GeeksmateTestCases.GeeksmateFooterOptionTestCasesTest"/>
  <testcase name="CheckAbutUsLink" time="0.032" classname="GeeksmateTestCases.GeeksmateFooterOptionTestCasesTest"/>
  <testcase name="CheckTermsOfUseLink" time="0.015" classname="GeeksmateTestCases.GeeksmateFooterOptionTestCasesTest"/>
  <testcase name="CheckPrivacyPolicyLink" time="0.026" classname="GeeksmateTestCases.GeeksmateFooterOptionTestCasesTest"/>
  <testcase name="CheckCantactUsLink" time="0.019" classname="GeeksmateTestCases.GeeksmateFooterOptionTestCasesTest"/>
  <testcase name="CheckAbutUsPage" time="5.029" classname="GeeksmateTestCases.GeeksmateFooterOptionTestCasesTest"/>
  <testcase name="CheckTermsOfUsePage" time="4.920" classname="GeeksmateTestCases.GeeksmateFooterOptionTestCasesTest"/>
  <testcase name="CheckPrivacyPolicyPage" time="4.251" classname="GeeksmateTestCases.GeeksmateFooterOptionTestCasesTest"/>
  <testcase name="CheckCantactUsPage" time="0.083" classname="GeeksmateTestCases.GeeksmateFooterOptionTestCasesTest"/>
</testsuite> <!-- GeeksmateTestCases.GeeksmateFooterOptionTestCasesTest -->
