<?xml version="1.0" encoding="UTF-8"?>
<!-- Generated by org.testng.reporters.JUnitReportReporter -->
<testsuite skipped="0" hostname="wittyfeed-Vostro-3558" name="InnervoiceTestCases.InnerVoiceSearchPageTestCasesTest" tests="4" failures="0" timestamp="26 Dec 2018 06:57:18 GMT" time="23.593" errors="0">
  <testcase name="ClickSearchOption" time="23.517" classname="InnervoiceTestCases.InnerVoiceSearchPageTestCasesTest"/>
  <testcase name="CheckSearchHeader" time="0.044" classname="InnervoiceTestCases.InnerVoiceSearchPageTestCasesTest"/>
  <testcase name="CheckSearchedStoryImage" time="0.015" classname="InnervoiceTestCases.InnerVoiceSearchPageTestCasesTest"/>
  <testcase name="CheckSearchedStoryTitle" time="0.017" classname="InnervoiceTestCases.InnerVoiceSearchPageTestCasesTest"/>
</testsuite> <!-- InnervoiceTestCases.InnerVoiceSearchPageTestCasesTest -->
