<?xml version="1.0" encoding="UTF-8"?>
<!-- Generated by org.testng.reporters.JUnitReportReporter -->
<testsuite skipped="0" hostname="wittyfeed-Vostro-3558" name="GeeksmateTestCases.GeeksmateStoryPageTestCasesTest" tests="7" failures="0" timestamp="27 Dec 2018 05:52:08 GMT" time="60.964" errors="0">
  <testcase name="OpenStoryPage" time="54.513" classname="GeeksmateTestCases.GeeksmateStoryPageTestCasesTest"/>
  <testcase name="CheckStoryAuthor" time="1.063" classname="GeeksmateTestCases.GeeksmateStoryPageTestCasesTest"/>
  <testcase name="CheckStoryTitle" time="1.127" classname="GeeksmateTestCases.GeeksmateStoryPageTestCasesTest"/>
  <testcase name="CheckStoryDesc" time="1.111" classname="GeeksmateTestCases.GeeksmateStoryPageTestCasesTest"/>
  <testcase name="CheckStoryShares" time="1.056" classname="GeeksmateTestCases.GeeksmateStoryPageTestCasesTest"/>
  <testcase name="CheckStoryShareOptions" time="1.064" classname="GeeksmateTestCases.GeeksmateStoryPageTestCasesTest"/>
  <testcase name="CheckStoryContent" time="1.030" classname="GeeksmateTestCases.GeeksmateStoryPageTestCasesTest"/>
</testsuite> <!-- GeeksmateTestCases.GeeksmateStoryPageTestCasesTest -->
