<?xml version="1.0" encoding="UTF-8"?>
<!-- Generated by org.testng.reporters.JUnitReportReporter -->
<testsuite hostname="wittyfeed-Vostro-3558" name="DuniadigestTestCases.DuniadigestFooterOptionTestCasesTest" tests="9" failures="0" timestamp="7 Jan 2019 13:22:12 GMT" time="17.688" errors="0">
  <testcase name="CheckTermsOfUsePage" time="4.176" classname="DuniadigestTestCases.DuniadigestFooterOptionTestCasesTest"/>
  <testcase name="CheckCantactUsPage" time="0.024" classname="DuniadigestTestCases.DuniadigestFooterOptionTestCasesTest"/>
  <testcase name="CheckAbutUsPage" time="4.305" classname="DuniadigestTestCases.DuniadigestFooterOptionTestCasesTest"/>
  <testcase name="CheckPrivacyPolicyPage" time="4.082" classname="DuniadigestTestCases.DuniadigestFooterOptionTestCasesTest"/>
  <testcase name="CheckPrivacyPolicyLink" time="0.010" classname="DuniadigestTestCases.DuniadigestFooterOptionTestCasesTest"/>
  <testcase name="CheckTermsOfUseLink" time="0.011" classname="DuniadigestTestCases.DuniadigestFooterOptionTestCasesTest"/>
  <testcase name="ClickHamburgerMenu" time="5.052" classname="DuniadigestTestCases.DuniadigestFooterOptionTestCasesTest"/>
  <testcase name="CheckCantactUsLink" time="0.015" classname="DuniadigestTestCases.DuniadigestFooterOptionTestCasesTest"/>
  <testcase name="CheckAbutUsLink" time="0.013" classname="DuniadigestTestCases.DuniadigestFooterOptionTestCasesTest"/>
</testsuite>
