<?xml version="1.0" encoding="UTF-8"?>
<!-- Generated by org.testng.reporters.JUnitReportReporter -->
<testsuite hostname="wittyfeed-Vostro-3558" name="DuniadigestTestCases.DuniadigestHomePageTestcasesTest" tests="33" failures="0" timestamp="7 Jan 2019 13:22:12 GMT" time="21.609" errors="0">
  <testcase name="CheckInstaLink" time="0.007" classname="DuniadigestTestCases.DuniadigestHomePageTestcasesTest"/>
  <testcase name="CheckEatSleepReadReaptImage" time="1.022" classname="DuniadigestTestCases.DuniadigestHomePageTestcasesTest"/>
  <testcase name="CheckDharamParCharchaCategories" time="0.008" classname="DuniadigestTestCases.DuniadigestHomePageTestcasesTest"/>
  <testcase name="CheckDDVideo1" time="1.022" classname="DuniadigestTestCases.DuniadigestHomePageTestcasesTest"/>
  <testcase name="CheckMultiMediaCategories" time="0.008" classname="DuniadigestTestCases.DuniadigestHomePageTestcasesTest"/>
  <testcase name="CheckYouTubeLink" time="0.006" classname="DuniadigestTestCases.DuniadigestHomePageTestcasesTest"/>
  <testcase name="CheckSecondPostImage" time="0.012" classname="DuniadigestTestCases.DuniadigestHomePageTestcasesTest"/>
  <testcase name="CheckThirdPostAuthor" time="0.006" classname="DuniadigestTestCases.DuniadigestHomePageTestcasesTest"/>
  <testcase name="CheckMathaPachiCategories" time="0.007" classname="DuniadigestTestCases.DuniadigestHomePageTestcasesTest"/>
  <testcase name="CheckThirdPostImage" time="0.008" classname="DuniadigestTestCases.DuniadigestHomePageTestcasesTest"/>
  <testcase name="CheckTwitterLink" time="0.009" classname="DuniadigestTestCases.DuniadigestHomePageTestcasesTest"/>
  <testcase name="CheckFilmyDuniaCategories" time="0.007" classname="DuniadigestTestCases.DuniadigestHomePageTestcasesTest"/>
  <testcase name="CheckQuizeFeedImage" time="1.023" classname="DuniadigestTestCases.DuniadigestHomePageTestcasesTest"/>
  <testcase name="CheckSiteLogo" time="0.007" classname="DuniadigestTestCases.DuniadigestHomePageTestcasesTest"/>
  <testcase name="CheckDDVideo2" time="1.020" classname="DuniadigestTestCases.DuniadigestHomePageTestcasesTest"/>
  <testcase name="CheckNewsDigestCategories" time="0.006" classname="DuniadigestTestCases.DuniadigestHomePageTestcasesTest"/>
  <testcase name="CheckKhelKhiladiCategories" time="0.007" classname="DuniadigestTestCases.DuniadigestHomePageTestcasesTest"/>
  <testcase name="CheckFeaturedPostImage" time="0.007" classname="DuniadigestTestCases.DuniadigestHomePageTestcasesTest"/>
  <testcase name="CheckEatSleepReadReaptTitle" time="1.021" classname="DuniadigestTestCases.DuniadigestHomePageTestcasesTest"/>
  <testcase name="CheckSearchOption" time="4.990" classname="DuniadigestTestCases.DuniadigestHomePageTestcasesTest"/>
  <testcase name="CheckSecondPostAuthor" time="0.007" classname="DuniadigestTestCases.DuniadigestHomePageTestcasesTest"/>
  <testcase name="CheckFeaturedPostTitle" time="0.008" classname="DuniadigestTestCases.DuniadigestHomePageTestcasesTest"/>
  <testcase name="CheckEatSleepReadReaptAuthor" time="1.024" classname="DuniadigestTestCases.DuniadigestHomePageTestcasesTest"/>
  <testcase name="CheckSecondPostTitle" time="0.009" classname="DuniadigestTestCases.DuniadigestHomePageTestcasesTest"/>
  <testcase name="CheckLatestStoryImage" time="1.023" classname="DuniadigestTestCases.DuniadigestHomePageTestcasesTest"/>
  <testcase name="CheckFacebookLink" time="0.006" classname="DuniadigestTestCases.DuniadigestHomePageTestcasesTest"/>
  <testcase name="CheckFeaturedPostAuthor" time="0.007" classname="DuniadigestTestCases.DuniadigestHomePageTestcasesTest"/>
  <testcase name="CheckThirdPostTitle" time="0.008" classname="DuniadigestTestCases.DuniadigestHomePageTestcasesTest"/>
  <testcase name="CheckLatestStoryAuthor" time="1.027" classname="DuniadigestTestCases.DuniadigestHomePageTestcasesTest"/>
  <testcase name="CheckLifeCategories" time="5.009" classname="DuniadigestTestCases.DuniadigestHomePageTestcasesTest"/>
  <testcase name="CheckQuizefeedTitle" time="1.025" classname="DuniadigestTestCases.DuniadigestHomePageTestcasesTest"/>
  <testcase name="CheckQuizeFeedAuthor" time="1.024" classname="DuniadigestTestCases.DuniadigestHomePageTestcasesTest"/>
  <testcase name="CheckLatestStoryTitle" time="1.229" classname="DuniadigestTestCases.DuniadigestHomePageTestcasesTest"/>
</testsuite>
