<?xml version="1.0" encoding="UTF-8"?>
<!-- Generated by org.testng.reporters.JUnitReportReporter -->
<testsuite hostname="wittyfeed-Vostro-3558" name="DuniadigestTestCases.DuniadigestStoryPageTestCasesTest" tests="7" failures="0" timestamp="7 Jan 2019 13:22:12 GMT" time="39.293" errors="0">
  <testcase name="CheckStoryAuthor" time="1.053" classname="DuniadigestTestCases.DuniadigestStoryPageTestCasesTest"/>
  <testcase name="CheckStoryTitle" time="1.248" classname="DuniadigestTestCases.DuniadigestStoryPageTestCasesTest"/>
  <testcase name="CheckStoryShareOptions" time="1.056" classname="DuniadigestTestCases.DuniadigestStoryPageTestCasesTest"/>
  <testcase name="CheckStoryContent" time="1.022" classname="DuniadigestTestCases.DuniadigestStoryPageTestCasesTest"/>
  <testcase name="CheckStoryDesc" time="1.031" classname="DuniadigestTestCases.DuniadigestStoryPageTestCasesTest"/>
  <testcase name="CheckStoryShares" time="1.128" classname="DuniadigestTestCases.DuniadigestStoryPageTestCasesTest"/>
  <testcase name="OpenStoryPage" time="32.755" classname="DuniadigestTestCases.DuniadigestStoryPageTestCasesTest"/>
</testsuite>
