<?xml version="1.0" encoding="UTF-8"?>
<!-- Generated by org.testng.reporters.JUnitReportReporter -->
<testsuite hostname="wittyfeed-Vostro-3558" name="DuniadigestTestCases.DuniadigestSearchPageTestCasesTest" tests="4" failures="0" timestamp="7 Jan 2019 13:22:12 GMT" time="10.994" errors="0">
  <testcase name="CheckSearchedStoryTitle" time="0.020" classname="DuniadigestTestCases.DuniadigestSearchPageTestCasesTest"/>
  <testcase name="ClickSearchOption" time="10.946" classname="DuniadigestTestCases.DuniadigestSearchPageTestCasesTest"/>
  <testcase name="CheckSearchedStoryImage" time="0.012" classname="DuniadigestTestCases.DuniadigestSearchPageTestCasesTest"/>
  <testcase name="CheckSearchHeader" time="0.016" classname="DuniadigestTestCases.DuniadigestSearchPageTestCasesTest"/>
</testsuite>
