<?xml version="1.0" encoding="UTF-8"?>
<!-- Generated by org.testng.reporters.JUnitReportReporter -->
<testsuite skipped="0" hostname="wittyfeed-Vostro-3558" name="GeeksmateTestCases.GeeksmateUserProfileTestCasesTest" tests="9" failures="0" timestamp="27 Dec 2018 05:59:03 GMT" time="23.544" errors="0">
  <testcase name="ClickAuthorName" time="23.350" classname="GeeksmateTestCases.GeeksmateUserProfileTestCasesTest"/>
  <testcase name="CheckBackgroundImage" time="0.027" classname="GeeksmateTestCases.GeeksmateUserProfileTestCasesTest"/>
  <testcase name="CheckAuthorName" time="0.023" classname="GeeksmateTestCases.GeeksmateUserProfileTestCasesTest"/>
  <testcase name="CheckAuthorImage" time="0.028" classname="GeeksmateTestCases.GeeksmateUserProfileTestCasesTest"/>
  <testcase name="CheckWriterName" time="0.026" classname="GeeksmateTestCases.GeeksmateUserProfileTestCasesTest"/>
  <testcase name="CheckEditor" time="0.017" classname="GeeksmateTestCases.GeeksmateUserProfileTestCasesTest"/>
  <testcase name="CheckProfileDesc" time="0.018" classname="GeeksmateTestCases.GeeksmateUserProfileTestCasesTest"/>
  <testcase name="CheckDontMissThisStory" time="0.021" classname="GeeksmateTestCases.GeeksmateUserProfileTestCasesTest"/>
  <testcase name="LatestStories" time="0.034" classname="GeeksmateTestCases.GeeksmateUserProfileTestCasesTest"/>
</testsuite> <!-- GeeksmateTestCases.GeeksmateUserProfileTestCasesTest -->
