<?xml version="1.0" encoding="UTF-8"?>
<!-- Generated by org.testng.reporters.JUnitReportReporter -->
<testsuite skipped="0" hostname="wittyfeed-Vostro-3558" name="HollywoodpieTestCases.HollywoodpieCatagoiesTestCasesTest" tests="7" failures="0" timestamp="03 Jan 2019 11:40:35 GMT" time="33.577" errors="0">
  <testcase name="ClickHamburgerMenu" time="21.477" classname="HollywoodpieTestCases.HollywoodpieCatagoiesTestCasesTest"/>
  <testcase name="CheckCelebrityCata" time="1.059" classname="HollywoodpieTestCases.HollywoodpieCatagoiesTestCasesTest"/>
  <testcase name="CheckMusicCata" time="1.033" classname="HollywoodpieTestCases.HollywoodpieCatagoiesTestCasesTest"/>
  <testcase name="CheckFilmCata" time="1.038" classname="HollywoodpieTestCases.HollywoodpieCatagoiesTestCasesTest"/>
  <testcase name="CheckCelebrityPage" time="3.039" classname="HollywoodpieTestCases.HollywoodpieCatagoiesTestCasesTest"/>
  <testcase name="CheckMusicPage" time="2.927" classname="HollywoodpieTestCases.HollywoodpieCatagoiesTestCasesTest"/>
  <testcase name="CheckFilmPage" time="3.004" classname="HollywoodpieTestCases.HollywoodpieCatagoiesTestCasesTest"/>
</testsuite> <!-- HollywoodpieTestCases.HollywoodpieCatagoiesTestCasesTest -->
