<?xml version="1.0" encoding="UTF-8"?>
<!-- Generated by org.testng.reporters.JUnitReportReporter -->
<testsuite skipped="0" hostname="wittyfeed-Vostro-3558" name="HollywoodpieTestCases.HollywoodpieSearchPageTestCasesTest" tests="4" failures="0" timestamp="09 Jan 2019 13:23:47 GMT" time="30.090" errors="0">
  <testcase name="ClickSearchOption" time="30.025" classname="HollywoodpieTestCases.HollywoodpieSearchPageTestCasesTest"/>
  <testcase name="CheckSearchHeader" time="0.035" classname="HollywoodpieTestCases.HollywoodpieSearchPageTestCasesTest"/>
  <testcase name="CheckSearchedStoryImage" time="0.016" classname="HollywoodpieTestCases.HollywoodpieSearchPageTestCasesTest"/>
  <testcase name="CheckSearchedStoryTitle" time="0.014" classname="HollywoodpieTestCases.HollywoodpieSearchPageTestCasesTest"/>
</testsuite> <!-- HollywoodpieTestCases.HollywoodpieSearchPageTestCasesTest -->
