<?xml version="1.0" encoding="UTF-8"?>
<!-- Generated by org.testng.reporters.JUnitReportReporter -->
<testsuite skipped="0" hostname="wittyfeed-Vostro-3558" name="HollywoodpieTestCases.HollywoodpieFooterOptionTestCasesTest" tests="5" failures="0" timestamp="03 Jan 2019 11:42:38 GMT" time="21.402" errors="0">
  <testcase name="ClickHamburgerMenu" time="16.017" classname="HollywoodpieTestCases.HollywoodpieFooterOptionTestCasesTest"/>
  <testcase name="CheckTermsOfUseLink" time="0.021" classname="HollywoodpieTestCases.HollywoodpieFooterOptionTestCasesTest"/>
  <testcase name="CheckPrivacyPolicyLink" time="0.014" classname="HollywoodpieTestCases.HollywoodpieFooterOptionTestCasesTest"/>
  <testcase name="CheckTermsOfUsePage" time="2.860" classname="HollywoodpieTestCases.HollywoodpieFooterOptionTestCasesTest"/>
  <testcase name="CheckPrivacyPolicyPage" time="2.490" classname="HollywoodpieTestCases.HollywoodpieFooterOptionTestCasesTest"/>
</testsuite> <!-- HollywoodpieTestCases.HollywoodpieFooterOptionTestCasesTest -->
