<?xml version="1.0" encoding="UTF-8"?>
<!-- Generated by org.testng.reporters.JUnitReportReporter -->
<testsuite skipped="0" hostname="wittyfeed-Vostro-3558" name="HollywoodpieTestCases.CaptureAndParsingHarFileForPixPngHPTest" tests="32" failures="0" timestamp="07 Jan 2019 11:27:32 GMT" time="10.597" errors="0">
  <testcase name="OpenGoogleappsHar_analyzer" time="9.496" classname="HollywoodpieTestCases.CaptureAndParsingHarFileForPixPngHPTest"/>
  <testcase name="CheckGMTValue" time="0.054" classname="HollywoodpieTestCases.CaptureAndParsingHarFileForPixPngHPTest"/>
  <testcase name="Checkvisit_blockValue" time="0.047" classname="HollywoodpieTestCases.CaptureAndParsingHarFileForPixPngHPTest"/>
  <testcase name="Checkcountry_codeValue" time="0.031" classname="HollywoodpieTestCases.CaptureAndParsingHarFileForPixPngHPTest"/>
  <testcase name="Checklanguage_EnglishValue" time="0.036" classname="HollywoodpieTestCases.CaptureAndParsingHarFileForPixPngHPTest"/>
  <testcase name="Checkcategory_peopleValue" time="0.043" classname="HollywoodpieTestCases.CaptureAndParsingHarFileForPixPngHPTest"/>
  <testcase name="Checkwriter_nameValue" time="0.028" classname="HollywoodpieTestCases.CaptureAndParsingHarFileForPixPngHPTest"/>
  <testcase name="Checkwriter_idValue" time="0.028" classname="HollywoodpieTestCases.CaptureAndParsingHarFileForPixPngHPTest"/>
  <testcase name="Checkcategory_idValue" time="0.043" classname="HollywoodpieTestCases.CaptureAndParsingHarFileForPixPngHPTest"/>
  <testcase name="Checkstory_idValue" time="0.029" classname="HollywoodpieTestCases.CaptureAndParsingHarFileForPixPngHPTest"/>
  <testcase name="Checkgoogle_entitiesValue" time="0.031" classname="HollywoodpieTestCases.CaptureAndParsingHarFileForPixPngHPTest"/>
  <testcase name="Checkpage_typeValue" time="0.035" classname="HollywoodpieTestCases.CaptureAndParsingHarFileForPixPngHPTest"/>
  <testcase name="CheckcityValue" time="0.033" classname="HollywoodpieTestCases.CaptureAndParsingHarFileForPixPngHPTest"/>
  <testcase name="Checkcountry_nameValue" time="0.031" classname="HollywoodpieTestCases.CaptureAndParsingHarFileForPixPngHPTest"/>
  <testcase name="CheckfpValue" time="0.033" classname="HollywoodpieTestCases.CaptureAndParsingHarFileForPixPngHPTest"/>
  <testcase name="Checkpage_urlValue" time="0.032" classname="HollywoodpieTestCases.CaptureAndParsingHarFileForPixPngHPTest"/>
  <testcase name="Checkclient_ipValue" time="0.028" classname="HollywoodpieTestCases.CaptureAndParsingHarFileForPixPngHPTest"/>
  <testcase name="Checkreferral_domainValue" time="0.030" classname="HollywoodpieTestCases.CaptureAndParsingHarFileForPixPngHPTest"/>
  <testcase name="Checkdev_sourceValue" time="0.030" classname="HollywoodpieTestCases.CaptureAndParsingHarFileForPixPngHPTest"/>
  <testcase name="CheckPBValue" time="0.031" classname="HollywoodpieTestCases.CaptureAndParsingHarFileForPixPngHPTest"/>
  <testcase name="Checkstory_tagsValue" time="0.031" classname="HollywoodpieTestCases.CaptureAndParsingHarFileForPixPngHPTest"/>
  <testcase name="Checkcurrent_blockValue" time="0.044" classname="HollywoodpieTestCases.CaptureAndParsingHarFileForPixPngHPTest"/>
  <testcase name="Checktotal_blocksValue" time="0.036" classname="HollywoodpieTestCases.CaptureAndParsingHarFileForPixPngHPTest"/>
  <testcase name="CheckdomainValue" time="0.030" classname="HollywoodpieTestCases.CaptureAndParsingHarFileForPixPngHPTest"/>
  <testcase name="CheckadPartnerValue" time="0.023" classname="HollywoodpieTestCases.CaptureAndParsingHarFileForPixPngHPTest"/>
  <testcase name="CheckadblockerValue" time="0.027" classname="HollywoodpieTestCases.CaptureAndParsingHarFileForPixPngHPTest"/>
  <testcase name="CheckofcValue" time="0.033" classname="HollywoodpieTestCases.CaptureAndParsingHarFileForPixPngHPTest"/>
  <testcase name="Checktotal_adsValue" time="0.042" classname="HollywoodpieTestCases.CaptureAndParsingHarFileForPixPngHPTest"/>
  <testcase name="Checktree_idValue" time="0.032" classname="HollywoodpieTestCases.CaptureAndParsingHarFileForPixPngHPTest"/>
  <testcase name="CheckussValue" time="0.054" classname="HollywoodpieTestCases.CaptureAndParsingHarFileForPixPngHPTest"/>
  <testcase name="CheckpidValue" time="0.045" classname="HollywoodpieTestCases.CaptureAndParsingHarFileForPixPngHPTest"/>
  <testcase name="Checkinit_story_idValue" time="0.051" classname="HollywoodpieTestCases.CaptureAndParsingHarFileForPixPngHPTest"/>
</testsuite> <!-- HollywoodpieTestCases.CaptureAndParsingHarFileForPixPngHPTest -->
