<?xml version="1.0" encoding="UTF-8"?>
<!-- Generated by org.testng.reporters.JUnitReportReporter -->
<testsuite skipped="0" hostname="wittyfeed-Vostro-3558" name="HollywoodpieTestCases.HollywoodpieHomePageTestcasesTest" tests="24" failures="0" timestamp="03 Jan 2019 11:30:50 GMT" time="27.600" errors="0">
  <testcase name="CheckSearchOption" time="16.140" classname="HollywoodpieTestCases.HollywoodpieHomePageTestcasesTest"/>
  <testcase name="CheckSiteLogo" time="0.014" classname="HollywoodpieTestCases.HollywoodpieHomePageTestcasesTest"/>
  <testcase name="CheckCelebrityCategories" time="0.023" classname="HollywoodpieTestCases.HollywoodpieHomePageTestcasesTest"/>
  <testcase name="CheckMusicCategories" time="5.016" classname="HollywoodpieTestCases.HollywoodpieHomePageTestcasesTest"/>
  <testcase name="CheckFilmCategories" time="0.014" classname="HollywoodpieTestCases.HollywoodpieHomePageTestcasesTest"/>
  <testcase name="CheckInstaLink" time="0.017" classname="HollywoodpieTestCases.HollywoodpieHomePageTestcasesTest"/>
  <testcase name="CheckTwitterLink" time="0.011" classname="HollywoodpieTestCases.HollywoodpieHomePageTestcasesTest"/>
  <testcase name="CheckFacebookLink" time="0.012" classname="HollywoodpieTestCases.HollywoodpieHomePageTestcasesTest"/>
  <testcase name="CheckYouTubeLink" time="0.012" classname="HollywoodpieTestCases.HollywoodpieHomePageTestcasesTest"/>
  <testcase name="CheckFeaturedPostImage" time="0.011" classname="HollywoodpieTestCases.HollywoodpieHomePageTestcasesTest"/>
  <testcase name="CheckFeaturedPostTitle" time="0.026" classname="HollywoodpieTestCases.HollywoodpieHomePageTestcasesTest"/>
  <testcase name="CheckFeaturedPostAuthor" time="0.019" classname="HollywoodpieTestCases.HollywoodpieHomePageTestcasesTest"/>
  <testcase name="CheckSecondPostImage" time="0.013" classname="HollywoodpieTestCases.HollywoodpieHomePageTestcasesTest"/>
  <testcase name="CheckSecondPostTitle" time="0.040" classname="HollywoodpieTestCases.HollywoodpieHomePageTestcasesTest"/>
  <testcase name="CheckSecondPostAuthor" time="0.014" classname="HollywoodpieTestCases.HollywoodpieHomePageTestcasesTest"/>
  <testcase name="CheckThirdPostImage" time="0.013" classname="HollywoodpieTestCases.HollywoodpieHomePageTestcasesTest"/>
  <testcase name="CheckThirdPostTitle" time="0.020" classname="HollywoodpieTestCases.HollywoodpieHomePageTestcasesTest"/>
  <testcase name="CheckThirdPostAuthor" time="0.014" classname="HollywoodpieTestCases.HollywoodpieHomePageTestcasesTest"/>
  <testcase name="CheckLatestStoryImage" time="1.036" classname="HollywoodpieTestCases.HollywoodpieHomePageTestcasesTest"/>
  <testcase name="CheckLatestStoryTitle" time="1.026" classname="HollywoodpieTestCases.HollywoodpieHomePageTestcasesTest"/>
  <testcase name="CheckLatestStoryAuthor" time="1.027" classname="HollywoodpieTestCases.HollywoodpieHomePageTestcasesTest"/>
  <testcase name="CheckEatSleepReadReaptImage" time="1.029" classname="HollywoodpieTestCases.HollywoodpieHomePageTestcasesTest"/>
  <testcase name="CheckEatSleepReadReaptTitle" time="1.028" classname="HollywoodpieTestCases.HollywoodpieHomePageTestcasesTest"/>
  <testcase name="CheckEatSleepReadReaptAuthor" time="1.025" classname="HollywoodpieTestCases.HollywoodpieHomePageTestcasesTest"/>
</testsuite> <!-- HollywoodpieTestCases.HollywoodpieHomePageTestcasesTest -->
