<?xml version="1.0" encoding="UTF-8"?>
<!-- Generated by org.testng.reporters.JUnitReportReporter -->
<testsuite skipped="0" hostname="wittyfeed-Vostro-3558" name="HollywoodpieTestCases.HollywoodpieStoryPageTestCasesTest" tests="7" failures="0" timestamp="03 Jan 2019 11:50:33 GMT" time="25.042" errors="0">
  <testcase name="OpenStoryPage" time="18.632" classname="HollywoodpieTestCases.HollywoodpieStoryPageTestCasesTest"/>
  <testcase name="CheckStoryAuthor" time="1.049" classname="HollywoodpieTestCases.HollywoodpieStoryPageTestCasesTest"/>
  <testcase name="CheckStoryTitle" time="1.084" classname="HollywoodpieTestCases.HollywoodpieStoryPageTestCasesTest"/>
  <testcase name="CheckStoryDesc" time="1.137" classname="HollywoodpieTestCases.HollywoodpieStoryPageTestCasesTest"/>
  <testcase name="CheckStoryShares" time="1.036" classname="HollywoodpieTestCases.HollywoodpieStoryPageTestCasesTest"/>
  <testcase name="CheckStoryShareOptions" time="1.071" classname="HollywoodpieTestCases.HollywoodpieStoryPageTestCasesTest"/>
  <testcase name="CheckStoryContent" time="1.033" classname="HollywoodpieTestCases.HollywoodpieStoryPageTestCasesTest"/>
</testsuite> <!-- HollywoodpieTestCases.HollywoodpieStoryPageTestCasesTest -->
