<?xml version="1.0" encoding="UTF-8"?>
<!-- Generated by org.testng.reporters.JUnitReportReporter -->
<testsuite skipped="0" hostname="wittyfeed-Vostro-3558" name="HollywoodpieTestCases.HollywoodpieUserProfileTestCasesTest" tests="9" failures="0" timestamp="03 Jan 2019 11:53:12 GMT" time="43.689" errors="0">
  <testcase name="ClickAuthorName" time="43.521" classname="HollywoodpieTestCases.HollywoodpieUserProfileTestCasesTest"/>
  <testcase name="CheckBackgroundImage" time="0.028" classname="HollywoodpieTestCases.HollywoodpieUserProfileTestCasesTest"/>
  <testcase name="CheckAuthorName" time="0.020" classname="HollywoodpieTestCases.HollywoodpieUserProfileTestCasesTest"/>
  <testcase name="CheckAuthorImage" time="0.020" classname="HollywoodpieTestCases.HollywoodpieUserProfileTestCasesTest"/>
  <testcase name="CheckWriterName" time="0.021" classname="HollywoodpieTestCases.HollywoodpieUserProfileTestCasesTest"/>
  <testcase name="CheckEditor" time="0.016" classname="HollywoodpieTestCases.HollywoodpieUserProfileTestCasesTest"/>
  <testcase name="CheckProfileDesc" time="0.017" classname="HollywoodpieTestCases.HollywoodpieUserProfileTestCasesTest"/>
  <testcase name="CheckDontMissThisStory" time="0.020" classname="HollywoodpieTestCases.HollywoodpieUserProfileTestCasesTest"/>
  <testcase name="LatestStories" time="0.026" classname="HollywoodpieTestCases.HollywoodpieUserProfileTestCasesTest"/>
</testsuite> <!-- HollywoodpieTestCases.HollywoodpieUserProfileTestCasesTest -->
