<?xml version="1.0" encoding="UTF-8"?>
<!-- Generated by org.testng.reporters.JUnitReportReporter -->
<testsuite skipped="0" hostname="wittyfeed-Vostro-3558" name="test.TestCasesForFeaturedPostDetailsTest" tests="3" failures="0" timestamp="29 Nov 2018 06:58:11 GMT" time="0.149" errors="0">
  <testcase name="CheckImageOnFeaturedPostDetailsPage" time="0.084" classname="test.TestCasesForFeaturedPostDetailsTest"/>
  <testcase name="CheckHeaderOnFeaturedPostDetailsPage" time="0.030" classname="test.TestCasesForFeaturedPostDetailsTest"/>
  <testcase name="CheckParagraphOnFeaturedPostDetailsPage" time="0.035" classname="test.TestCasesForFeaturedPostDetailsTest"/>
</testsuite> <!-- test.TestCasesForFeaturedPostDetailsTest -->
