<?xml version="1.0" encoding="UTF-8"?>
<!-- Generated by org.testng.reporters.JUnitReportReporter -->
<testsuite skipped="0" hostname="wittyfeed-Vostro-3558" name="InnervoiceTestCases.GeeksmateHomePageTestcasesTest" tests="33" failures="0" timestamp="26 Dec 2018 08:26:14 GMT" time="37.134" errors="0">
  <testcase name="CheckSearchOption" time="20.504" classname="InnervoiceTestCases.GeeksmateHomePageTestcasesTest"/>
  <testcase name="CheckSiteLogo" time="0.013" classname="InnervoiceTestCases.GeeksmateHomePageTestcasesTest"/>
  <testcase name="CheckNewsCategories" time="0.011" classname="InnervoiceTestCases.GeeksmateHomePageTestcasesTest"/>
  <testcase name="CheckGadgetsCategories" time="5.026" classname="InnervoiceTestCases.GeeksmateHomePageTestcasesTest"/>
  <testcase name="CheckReviewsCategories" time="0.011" classname="InnervoiceTestCases.GeeksmateHomePageTestcasesTest"/>
  <testcase name="CheckBestProductsCategories" time="0.015" classname="InnervoiceTestCases.GeeksmateHomePageTestcasesTest"/>
  <testcase name="CheckQuizCategories" time="0.011" classname="InnervoiceTestCases.GeeksmateHomePageTestcasesTest"/>
  <testcase name="CheckInternetReadsCategories" time="0.013" classname="InnervoiceTestCases.GeeksmateHomePageTestcasesTest"/>
  <testcase name="CheckVideosCategories" time="0.012" classname="InnervoiceTestCases.GeeksmateHomePageTestcasesTest"/>
  <testcase name="CheckInstaLink" time="0.020" classname="InnervoiceTestCases.GeeksmateHomePageTestcasesTest"/>
  <testcase name="CheckTwitterLink" time="0.016" classname="InnervoiceTestCases.GeeksmateHomePageTestcasesTest"/>
  <testcase name="CheckFacebookLink" time="0.012" classname="InnervoiceTestCases.GeeksmateHomePageTestcasesTest"/>
  <testcase name="CheckYouTubeLink" time="0.011" classname="InnervoiceTestCases.GeeksmateHomePageTestcasesTest"/>
  <testcase name="CheckFeaturedPostImage" time="0.011" classname="InnervoiceTestCases.GeeksmateHomePageTestcasesTest"/>
  <testcase name="CheckFeaturedPostTitle" time="0.012" classname="InnervoiceTestCases.GeeksmateHomePageTestcasesTest"/>
  <testcase name="CheckFeaturedPostAuthor" time="0.011" classname="InnervoiceTestCases.GeeksmateHomePageTestcasesTest"/>
  <testcase name="CheckSecondPostImage" time="0.011" classname="InnervoiceTestCases.GeeksmateHomePageTestcasesTest"/>
  <testcase name="CheckSecondPostTitle" time="0.011" classname="InnervoiceTestCases.GeeksmateHomePageTestcasesTest"/>
  <testcase name="CheckSecondPostAuthor" time="0.012" classname="InnervoiceTestCases.GeeksmateHomePageTestcasesTest"/>
  <testcase name="CheckThirdPostImage" time="0.011" classname="InnervoiceTestCases.GeeksmateHomePageTestcasesTest"/>
  <testcase name="CheckThirdPostTitle" time="0.010" classname="InnervoiceTestCases.GeeksmateHomePageTestcasesTest"/>
  <testcase name="CheckThirdPostAuthor" time="0.012" classname="InnervoiceTestCases.GeeksmateHomePageTestcasesTest"/>
  <testcase name="CheckLatestStoryImage" time="1.033" classname="InnervoiceTestCases.GeeksmateHomePageTestcasesTest"/>
  <testcase name="CheckLatestStoryTitle" time="1.031" classname="InnervoiceTestCases.GeeksmateHomePageTestcasesTest"/>
  <testcase name="CheckLatestStoryAuthor" time="1.035" classname="InnervoiceTestCases.GeeksmateHomePageTestcasesTest"/>
  <testcase name="CheckGMVideo1" time="1.034" classname="InnervoiceTestCases.GeeksmateHomePageTestcasesTest"/>
  <testcase name="CheckGMVideo2" time="1.029" classname="InnervoiceTestCases.GeeksmateHomePageTestcasesTest"/>
  <testcase name="CheckQuizeFeedImage" time="1.028" classname="InnervoiceTestCases.GeeksmateHomePageTestcasesTest"/>
  <testcase name="CheckQuizefeedTitle" time="1.032" classname="InnervoiceTestCases.GeeksmateHomePageTestcasesTest"/>
  <testcase name="CheckQuizeFeedAuthor" time="1.031" classname="InnervoiceTestCases.GeeksmateHomePageTestcasesTest"/>
  <testcase name="CheckEatSleepReadReaptImage" time="1.028" classname="InnervoiceTestCases.GeeksmateHomePageTestcasesTest"/>
  <testcase name="CheckEatSleepReadReaptTitle" time="1.027" classname="InnervoiceTestCases.GeeksmateHomePageTestcasesTest"/>
  <testcase name="CheckEatSleepReadReaptAuthor" time="1.050" classname="InnervoiceTestCases.GeeksmateHomePageTestcasesTest"/>
</testsuite> <!-- InnervoiceTestCases.GeeksmateHomePageTestcasesTest -->
