<?xml version="1.0" encoding="UTF-8"?>
<!-- Generated by org.testng.reporters.JUnitReportReporter -->
<testsuite hostname="wittyfeed-Vostro-3558" name="PoppleTestCases.TagstestcasesTest" tests="2" failures="0" timestamp="11 Dec 2018 08:34:26 GMT" time="9.977" errors="0">
  <testcase name="CheckSearchOption" time="9.951" classname="PoppleTestCases.TagstestcasesTest"/>
  <testcase name="CheckSearchTags" time="0.026" classname="PoppleTestCases.TagstestcasesTest"/>
</testsuite>
