<?xml version="1.0" encoding="UTF-8"?>
<!-- Generated by org.testng.reporters.JUnitReportReporter -->
<testsuite hostname="wittyfeed-Vostro-3558" name="PoppleTestCases.CatagoriesPageTestCasesTest" tests="26" failures="0" timestamp="8 Dec 2018 08:49:02 GMT" time="124.622" errors="0">
  <testcase name="ClickHamburgerMenu" time="0.122" classname="PoppleTestCases.CatagoriesPageTestCasesTest"/>
  <testcase name="CheckRelationshipPage" time="6.571" classname="PoppleTestCases.CatagoriesPageTestCasesTest"/>
  <testcase name="CheckQuizPage" time="5.956" classname="PoppleTestCases.CatagoriesPageTestCasesTest"/>
  <testcase name="CheckPeoplePage" time="6.184" classname="PoppleTestCases.CatagoriesPageTestCasesTest"/>
  <testcase name="CheckPositiveCata" time="1.079" classname="PoppleTestCases.CatagoriesPageTestCasesTest"/>
  <testcase name="CheckVideoLink" time="1.073" classname="PoppleTestCases.CatagoriesPageTestCasesTest"/>
  <testcase name="CheckAnimalsPage" time="6.119" classname="PoppleTestCases.CatagoriesPageTestCasesTest"/>
  <testcase name="CheckPositiveSubCata" time="1.122" classname="PoppleTestCases.CatagoriesPageTestCasesTest"/>
  <testcase name="CheckSportsPage" time="6.903" classname="PoppleTestCases.CatagoriesPageTestCasesTest"/>
  <testcase name="CheckCulturePage" time="7.910" classname="PoppleTestCases.CatagoriesPageTestCasesTest"/>
  <testcase name="CheckTravelPage" time="6.414" classname="PoppleTestCases.CatagoriesPageTestCasesTest"/>
  <testcase name="CheckpeopleCata" time="1.098" classname="PoppleTestCases.CatagoriesPageTestCasesTest"/>
  <testcase name="CheckTerendingPage" time="7.327" classname="PoppleTestCases.CatagoriesPageTestCasesTest"/>
  <testcase name="CheckLifestylePage" time="6.545" classname="PoppleTestCases.CatagoriesPageTestCasesTest"/>
  <testcase name="CheckQuizLink" time="1.084" classname="PoppleTestCases.CatagoriesPageTestCasesTest"/>
  <testcase name="CheckpeopleSubCata" time="1.090" classname="PoppleTestCases.CatagoriesPageTestCasesTest"/>
  <testcase name="CheckPopularPage" time="6.441" classname="PoppleTestCases.CatagoriesPageTestCasesTest"/>
  <testcase name="CheckTechnologyPage" time="6.496" classname="PoppleTestCases.CatagoriesPageTestCasesTest"/>
  <testcase name="CheckVideoPage" time="7.152" classname="PoppleTestCases.CatagoriesPageTestCasesTest"/>
  <testcase name="CheckOpinionPage" time="6.650" classname="PoppleTestCases.CatagoriesPageTestCasesTest"/>
  <testcase name="CheckDiyPage" time="6.865" classname="PoppleTestCases.CatagoriesPageTestCasesTest"/>
  <testcase name="CheckPopularSubCata" time="1.127" classname="PoppleTestCases.CatagoriesPageTestCasesTest"/>
  <testcase name="CheckEntertainmentPage" time="6.321" classname="PoppleTestCases.CatagoriesPageTestCasesTest"/>
  <testcase name="CheckHumorPage" time="6.537" classname="PoppleTestCases.CatagoriesPageTestCasesTest"/>
  <testcase name="CheckPositivePage" time="9.365" classname="PoppleTestCases.CatagoriesPageTestCasesTest"/>
  <testcase name="CheckPopularCata" time="1.071" classname="PoppleTestCases.CatagoriesPageTestCasesTest"/>
</testsuite>
