<?xml version="1.0" encoding="UTF-8"?>
<!-- Generated by org.testng.reporters.JUnitReportReporter -->
<testsuite hostname="wittyfeed-Vostro-3558" name="PoppleTestCases.FooterOptionTestCasesTest" tests="9" failures="0" timestamp="4 Jan 2019 08:34:41 GMT" time="40.111" errors="0">
  <testcase name="CheckCantactUsLink" time="0.016" classname="PoppleTestCases.FooterOptionTestCasesTest"/>
  <testcase name="CheckTermsOfUseLink" time="0.014" classname="PoppleTestCases.FooterOptionTestCasesTest"/>
  <testcase name="CheckAbutUsLink" time="0.031" classname="PoppleTestCases.FooterOptionTestCasesTest"/>
  <testcase name="CheckPrivacyPolicyLink" time="0.016" classname="PoppleTestCases.FooterOptionTestCasesTest"/>
  <testcase name="CheckCantactUsPage" time="0.040" classname="PoppleTestCases.FooterOptionTestCasesTest"/>
  <testcase name="ClickHamburgerMenu" time="23.480" classname="PoppleTestCases.FooterOptionTestCasesTest"/>
  <testcase name="CheckAbutUsPage" time="5.759" classname="PoppleTestCases.FooterOptionTestCasesTest"/>
  <testcase name="CheckPrivacyPolicyPage" time="5.543" classname="PoppleTestCases.FooterOptionTestCasesTest"/>
  <testcase name="CheckTermsOfUsePage" time="5.212" classname="PoppleTestCases.FooterOptionTestCasesTest"/>
</testsuite>
