<?xml version="1.0" encoding="UTF-8"?>
<!-- Generated by org.testng.reporters.JUnitReportReporter -->
<testsuite hostname="wittyfeed-Vostro-3558" name="PoppleTestCases.CaptureAndParsingHarFileForPixPngTest" tests="1" failures="0" timestamp="5 Dec 2018 13:59:50 GMT" time="11.772" errors="0">
  <testcase name="HarFileParsing" time="11.772" classname="PoppleTestCases.CaptureAndParsingHarFileForPixPngTest"/>
</testsuite>
