<?xml version="1.0" encoding="UTF-8"?>
<!-- Generated by org.testng.reporters.JUnitReportReporter -->
<testsuite hostname="wittyfeed-Vostro-3558" name="PoppleTestCases.CaptureAndParsingHarFileForPixPngTPTest" tests="32" failures="0" timestamp="7 Jan 2019 13:39:15 GMT" time="11.801" errors="0">
  <testcase name="ReadHarFile" time="10.869" classname="PoppleTestCases.CaptureAndParsingHarFileForPixPngTPTest"/>
  <testcase name="CheckGMTValue" time="0.055" classname="PoppleTestCases.CaptureAndParsingHarFileForPixPngTPTest"/>
  <testcase name="Checklanguage_EnglishValue" time="0.026" classname="PoppleTestCases.CaptureAndParsingHarFileForPixPngTPTest"/>
  <testcase name="Checkwriter_nameValue" time="0.031" classname="PoppleTestCases.CaptureAndParsingHarFileForPixPngTPTest"/>
  <testcase name="Checktree_idValue" time="0.025" classname="PoppleTestCases.CaptureAndParsingHarFileForPixPngTPTest"/>
  <testcase name="Checkcountry_codeValue" time="0.034" classname="PoppleTestCases.CaptureAndParsingHarFileForPixPngTPTest"/>
  <testcase name="Checkstory_idValue" time="0.025" classname="PoppleTestCases.CaptureAndParsingHarFileForPixPngTPTest"/>
  <testcase name="Checkcountry_nameValue" time="0.027" classname="PoppleTestCases.CaptureAndParsingHarFileForPixPngTPTest"/>
  <testcase name="CheckadPartnerValue" time="0.025" classname="PoppleTestCases.CaptureAndParsingHarFileForPixPngTPTest"/>
  <testcase name="Checkwriter_idValue" time="0.026" classname="PoppleTestCases.CaptureAndParsingHarFileForPixPngTPTest"/>
  <testcase name="Checkpage_urlValue" time="0.025" classname="PoppleTestCases.CaptureAndParsingHarFileForPixPngTPTest"/>
  <testcase name="Checktotal_adsValue" time="0.035" classname="PoppleTestCases.CaptureAndParsingHarFileForPixPngTPTest"/>
  <testcase name="Checkinit_story_idValue" time="0.038" classname="PoppleTestCases.CaptureAndParsingHarFileForPixPngTPTest"/>
  <testcase name="Checkcategory_peopleValue" time="0.043" classname="PoppleTestCases.CaptureAndParsingHarFileForPixPngTPTest"/>
  <testcase name="CheckofcValue" time="0.022" classname="PoppleTestCases.CaptureAndParsingHarFileForPixPngTPTest"/>
  <testcase name="CheckussValue" time="0.045" classname="PoppleTestCases.CaptureAndParsingHarFileForPixPngTPTest"/>
  <testcase name="Checkvisit_blockValue" time="0.029" classname="PoppleTestCases.CaptureAndParsingHarFileForPixPngTPTest"/>
  <testcase name="CheckdomainValue" time="0.032" classname="PoppleTestCases.CaptureAndParsingHarFileForPixPngTPTest"/>
  <testcase name="Checkstory_tagsValue" time="0.024" classname="PoppleTestCases.CaptureAndParsingHarFileForPixPngTPTest"/>
  <testcase name="CheckfpValue" time="0.025" classname="PoppleTestCases.CaptureAndParsingHarFileForPixPngTPTest"/>
  <testcase name="Checkcurrent_blockValue" time="0.028" classname="PoppleTestCases.CaptureAndParsingHarFileForPixPngTPTest"/>
  <testcase name="Checkpage_typeValue" time="0.029" classname="PoppleTestCases.CaptureAndParsingHarFileForPixPngTPTest"/>
  <testcase name="CheckadblockerValue" time="0.022" classname="PoppleTestCases.CaptureAndParsingHarFileForPixPngTPTest"/>
  <testcase name="CheckPBValue" time="0.024" classname="PoppleTestCases.CaptureAndParsingHarFileForPixPngTPTest"/>
  <testcase name="Checkclient_ipValue" time="0.038" classname="PoppleTestCases.CaptureAndParsingHarFileForPixPngTPTest"/>
  <testcase name="Checkreferral_domainValue" time="0.029" classname="PoppleTestCases.CaptureAndParsingHarFileForPixPngTPTest"/>
  <testcase name="Checkdev_sourceValue" time="0.026" classname="PoppleTestCases.CaptureAndParsingHarFileForPixPngTPTest"/>
  <testcase name="CheckpidValue" time="0.035" classname="PoppleTestCases.CaptureAndParsingHarFileForPixPngTPTest"/>
  <testcase name="Checkgoogle_entitiesValue" time="0.025" classname="PoppleTestCases.CaptureAndParsingHarFileForPixPngTPTest"/>
  <testcase name="Checktotal_blocksValue" time="0.031" classname="PoppleTestCases.CaptureAndParsingHarFileForPixPngTPTest"/>
  <testcase name="CheckcityValue" time="0.026" classname="PoppleTestCases.CaptureAndParsingHarFileForPixPngTPTest"/>
  <testcase name="Checkcategory_idValue" time="0.027" classname="PoppleTestCases.CaptureAndParsingHarFileForPixPngTPTest"/>
</testsuite>
