<?xml version="1.0" encoding="UTF-8"?>
<!-- Generated by org.testng.reporters.JUnitReportReporter -->
<testsuite hostname="wittyfeed-Vostro-3558" name="PopplePages.querydata" tests="1" failures="0" timestamp="4 Dec 2018 04:35:24 GMT" time="17.897" errors="0">
  <testcase name="WeatherMessageBody" time="17.897" classname="PopplePages.querydata"/>
</testsuite>
