<?xml version="1.0" encoding="UTF-8"?>
<!-- Generated by org.testng.reporters.JUnitReportReporter -->
<testsuite hostname="wittyfeed-Vostro-3558" name="PoppleTestCases.FooterOptionTestCasesTest" tests="9" failures="0" timestamp="8 Dec 2018 08:49:02 GMT" time="20.535" errors="0">
  <testcase name="CheckAbutUsLink" time="0.027" classname="PoppleTestCases.FooterOptionTestCasesTest"/>
  <testcase name="CheckTermsOfUseLink" time="0.028" classname="PoppleTestCases.FooterOptionTestCasesTest"/>
  <testcase name="CheckAbutUsPage" time="8.176" classname="PoppleTestCases.FooterOptionTestCasesTest"/>
  <testcase name="CheckCantactUsPage" time="0.101" classname="PoppleTestCases.FooterOptionTestCasesTest"/>
  <testcase name="ClickHamburgerMenu" time="0.140" classname="PoppleTestCases.FooterOptionTestCasesTest"/>
  <testcase name="CheckCantactUsLink" time="0.059" classname="PoppleTestCases.FooterOptionTestCasesTest"/>
  <testcase name="CheckPrivacyPolicyLink" time="0.035" classname="PoppleTestCases.FooterOptionTestCasesTest"/>
  <testcase name="CheckPrivacyPolicyPage" time="5.899" classname="PoppleTestCases.FooterOptionTestCasesTest"/>
  <testcase name="CheckTermsOfUsePage" time="6.070" classname="PoppleTestCases.FooterOptionTestCasesTest"/>
</testsuite>
