<?xml version="1.0" encoding="UTF-8"?>
<!-- Generated by org.testng.reporters.JUnitReportReporter -->
<testsuite hostname="wittyfeed-Vostro-3558" name="PoppleTestCases.SearchPageTestCasesTest" tests="4" failures="0" timestamp="9 Jan 2019 07:23:13 GMT" time="29.645" errors="0">
  <testcase name="CheckSearchedStoryImage" time="0.020" classname="PoppleTestCases.SearchPageTestCasesTest"/>
  <testcase name="ClickSearchOption" time="29.568" classname="PoppleTestCases.SearchPageTestCasesTest"/>
  <testcase name="CheckSearchHeader" time="0.036" classname="PoppleTestCases.SearchPageTestCasesTest"/>
  <testcase name="CheckSearchedStoryTitle" time="0.021" classname="PoppleTestCases.SearchPageTestCasesTest"/>
</testsuite>
