<?xml version="1.0" encoding="UTF-8"?>
<!-- Generated by org.testng.reporters.JUnitReportReporter -->
<testsuite hostname="wittyfeed-Vostro-3558" name="PopplePages.CaptureHttpsTraffic" tests="1" failures="0" timestamp="11 Dec 2018 10:40:26 GMT" time="28.163" errors="0">
  <testcase name="CreatHarFile" time="28.163" classname="PopplePages.CaptureHttpsTraffic"/>
</testsuite>
