<?xml version="1.0" encoding="UTF-8"?>
<!-- Generated by org.testng.reporters.JUnitReportReporter -->
<testsuite hostname="wittyfeed-Vostro-3558" name="PopplePages.QueryStringFromURL" tests="1" failures="0" timestamp="30 Nov 2018 11:49:39 GMT" time="0.030" errors="0">
  <testcase name="testing" time="0.030" classname="PopplePages.QueryStringFromURL"/>
</testsuite>
