<?xml version="1.0" encoding="UTF-8"?>
<!-- Generated by org.testng.reporters.JUnitReportReporter -->
<testsuite hostname="wittyfeed-Vostro-3558" name="PoppleTestCases.StoryPageTestCasesTest" tests="9" failures="0" timestamp="9 Jan 2019 08:09:20 GMT" time="51.201" errors="0">
  <testcase name="CheckStoryFirstImage" time="0.035" classname="PoppleTestCases.StoryPageTestCasesTest"/>
  <testcase name="CheckAdvertisementFrame" time="0.078" classname="PoppleTestCases.StoryPageTestCasesTest"/>
  <testcase name="CheckStoryAuthor" time="1.084" classname="PoppleTestCases.StoryPageTestCasesTest"/>
  <testcase name="CheckStoryTitle" time="1.336" classname="PoppleTestCases.StoryPageTestCasesTest"/>
  <testcase name="CheckStoryContent" time="1.049" classname="PoppleTestCases.StoryPageTestCasesTest"/>
  <testcase name="OpenStoryPage" time="44.321" classname="PoppleTestCases.StoryPageTestCasesTest"/>
  <testcase name="CheckStoryDesc" time="1.171" classname="PoppleTestCases.StoryPageTestCasesTest"/>
  <testcase name="CheckStoryShareOptions" time="1.084" classname="PoppleTestCases.StoryPageTestCasesTest"/>
  <testcase name="CheckStoryShares" time="1.043" classname="PoppleTestCases.StoryPageTestCasesTest"/>
</testsuite>
