<?xml version="1.0" encoding="UTF-8"?>
<!-- Generated by org.testng.reporters.JUnitReportReporter -->
<testsuite hostname="wittyfeed-Vostro-3558" name="PoppleTestCases.StoryCBCount" tests="1" failures="0" timestamp="1 Dec 2018 09:16:29 GMT" time="68.666" errors="0">
  <testcase name="Story_CB_Count" time="68.666" classname="PoppleTestCases.StoryCBCount"/>
</testsuite>
