<?xml version="1.0" encoding="UTF-8"?>
<!-- Generated by org.testng.reporters.JUnitReportReporter -->
<testsuite hostname="wittyfeed-Vostro-3558" name="PoppleTestCases.HomePageTestCasesTest" tests="31" failures="0" timestamp="9 Jan 2019 07:21:15 GMT" time="35.939" errors="0">
  <testcase name="CheckInstaLink" time="5.016" classname="PoppleTestCases.HomePageTestCasesTest"/>
  <testcase name="CheckTwittLink" time="0.016" classname="PoppleTestCases.HomePageTestCasesTest"/>
  <testcase name="CheckSiteLogo" time="0.014" classname="PoppleTestCases.HomePageTestCasesTest"/>
  <testcase name="CheckPeopleCategoriesLink" time="0.014" classname="PoppleTestCases.HomePageTestCasesTest"/>
  <testcase name="CheckEatSleepReadReaptTitle" time="1.066" classname="PoppleTestCases.HomePageTestCasesTest"/>
  <testcase name="CheckFacebookLink" time="0.020" classname="PoppleTestCases.HomePageTestCasesTest"/>
  <testcase name="CheckLatestStoryImage" time="0.014" classname="PoppleTestCases.HomePageTestCasesTest"/>
  <testcase name="QuizeFeedAuthor" time="1.029" classname="PoppleTestCases.HomePageTestCasesTest"/>
  <testcase name="CheckEatSleepReadReaptAuthor" time="1.025" classname="PoppleTestCases.HomePageTestCasesTest"/>
  <testcase name="CheckPositiveCategoriesLink" time="0.012" classname="PoppleTestCases.HomePageTestCasesTest"/>
  <testcase name="CheckQuizeFeedImage" time="1.039" classname="PoppleTestCases.HomePageTestCasesTest"/>
  <testcase name="CheckEatSleepReadReaptImage" time="1.040" classname="PoppleTestCases.HomePageTestCasesTest"/>
  <testcase name="CheckSecondPostImage" time="0.012" classname="PoppleTestCases.HomePageTestCasesTest"/>
  <testcase name="CheckThirdPostTitle" time="0.013" classname="PoppleTestCases.HomePageTestCasesTest"/>
  <testcase name="CheckpopularCategoriesLink" time="0.013" classname="PoppleTestCases.HomePageTestCasesTest"/>
  <testcase name="CheckSecondPostAuthor" time="0.011" classname="PoppleTestCases.HomePageTestCasesTest"/>
  <testcase name="CheckFeaturedPostAuthor" time="0.013" classname="PoppleTestCases.HomePageTestCasesTest"/>
  <testcase name="CheckQuizLink" time="0.023" classname="PoppleTestCases.HomePageTestCasesTest"/>
  <testcase name="CheckSecondPostTitle" time="0.010" classname="PoppleTestCases.HomePageTestCasesTest"/>
  <testcase name="CheckLatestStoryTitle" time="0.010" classname="PoppleTestCases.HomePageTestCasesTest"/>
  <testcase name="CheckThirdPostImage" time="0.011" classname="PoppleTestCases.HomePageTestCasesTest"/>
  <testcase name="CheckLatestStoryAuthor" time="1.033" classname="PoppleTestCases.HomePageTestCasesTest"/>
  <testcase name="CheckSearchOption" time="21.311" classname="PoppleTestCases.HomePageTestCasesTest"/>
  <testcase name="CheckThirdPostAuthor" time="0.012" classname="PoppleTestCases.HomePageTestCasesTest"/>
  <testcase name="CheckYouTubeLink" time="0.013" classname="PoppleTestCases.HomePageTestCasesTest"/>
  <testcase name="CheckTheVideo1" time="1.028" classname="PoppleTestCases.HomePageTestCasesTest"/>
  <testcase name="Checkvideo2" time="1.037" classname="PoppleTestCases.HomePageTestCasesTest"/>
  <testcase name="CheckFeaturedPostTitle" time="0.012" classname="PoppleTestCases.HomePageTestCasesTest"/>
  <testcase name="CheckVideosLink" time="0.014" classname="PoppleTestCases.HomePageTestCasesTest"/>
  <testcase name="CheckFeaturedPostImage" time="0.022" classname="PoppleTestCases.HomePageTestCasesTest"/>
  <testcase name="CheckQuizefeedTitle" time="1.036" classname="PoppleTestCases.HomePageTestCasesTest"/>
</testsuite>
