<?xml version="1.0" encoding="UTF-8"?>
<!-- Generated by org.testng.reporters.JUnitReportReporter -->
<testsuite hostname="wittyfeed-Vostro-3558" name="PoppleTestCases.UserProfileTestCasesTest" tests="6" failures="0" timestamp="9 Jan 2019 07:19:42 GMT" time="22.856" errors="0">
  <testcase name="ClickAuthorName" time="22.658" classname="PoppleTestCases.UserProfileTestCasesTest"/>
  <testcase name="CheckAuthorImage" time="0.043" classname="PoppleTestCases.UserProfileTestCasesTest"/>
  <testcase name="CheckWriterName" time="0.029" classname="PoppleTestCases.UserProfileTestCasesTest"/>
  <testcase name="CheckAuthorName" time="0.037" classname="PoppleTestCases.UserProfileTestCasesTest"/>
  <testcase name="CheckEditor" time="0.030" classname="PoppleTestCases.UserProfileTestCasesTest"/>
  <testcase name="CheckBackgroundImage" time="0.059" classname="PoppleTestCases.UserProfileTestCasesTest"/>
</testsuite>
