<?xml version="1.0" encoding="UTF-8"?>
<!-- Generated by org.testng.reporters.JUnitReportReporter -->
<testsuite hostname="wittyfeed-Vostro-3558" name="PoppleTestCases.CatagoriesPageTestCasesTest" tests="11" failures="0" timestamp="26 Dec 2018 05:30:19 GMT" time="66.075" errors="0">
  <testcase name="CheckPopularCata" time="1.045" classname="PoppleTestCases.CatagoriesPageTestCasesTest"/>
  <testcase name="CheckVideoPage" time="9.168" classname="PoppleTestCases.CatagoriesPageTestCasesTest"/>
  <testcase name="CheckPositiveCata" time="1.063" classname="PoppleTestCases.CatagoriesPageTestCasesTest"/>
  <testcase name="CheckpeopleCata" time="1.037" classname="PoppleTestCases.CatagoriesPageTestCasesTest"/>
  <testcase name="CheckVideoLink" time="1.036" classname="PoppleTestCases.CatagoriesPageTestCasesTest"/>
  <testcase name="CheckPopularPage" time="7.134" classname="PoppleTestCases.CatagoriesPageTestCasesTest"/>
  <testcase name="ClickHamburgerMenu" time="24.928" classname="PoppleTestCases.CatagoriesPageTestCasesTest"/>
  <testcase name="CheckQuizLink" time="1.035" classname="PoppleTestCases.CatagoriesPageTestCasesTest"/>
  <testcase name="CheckPositivePage" time="7.238" classname="PoppleTestCases.CatagoriesPageTestCasesTest"/>
  <testcase name="CheckPeoplePage" time="6.283" classname="PoppleTestCases.CatagoriesPageTestCasesTest"/>
  <testcase name="CheckQuizPage" time="6.108" classname="PoppleTestCases.CatagoriesPageTestCasesTest"/>
</testsuite>
