<?xml version="1.0" encoding="UTF-8"?>
<!-- Generated by org.testng.reporters.JUnitReportReporter -->
<testsuite hostname="wittyfeed-Vostro-3558" name="PopplePages.CaptureHttpsTraffic" tests="1" failures="0" timestamp="8 Dec 2018 08:49:02 GMT" time="40.264" errors="0">
  <testcase name="CreatHarFile" time="40.264" classname="PopplePages.CaptureHttpsTraffic"/>
</testsuite>
