<?xml version="1.0" encoding="UTF-8"?>
<!-- Generated by org.testng.reporters.JUnitReportReporter -->
<testsuite skipped="0" hostname="wittyfeed-Vostro-3558" name="WittyFeedTestCases.CaptureAndParsingHarFileForPixPngTest" tests="1" failures="0" timestamp="03 Jan 2019 13:58:28 GMT" time="7.393" errors="0">
  <testcase name="CreatHarFile" time="7.393" classname="WittyFeedTestCases.CaptureAndParsingHarFileForPixPngTest"/>
</testsuite> <!-- WittyFeedTestCases.CaptureAndParsingHarFileForPixPngTest -->
