<?xml version="1.0" encoding="UTF-8"?>
<!-- Generated by org.testng.reporters.JUnitReportReporter -->
<testsuite skipped="0" hostname="wittyfeed-Vostro-3558" name="FoodMateTestCases.CaptureAndParsingHarFileForPixPngWFTest" tests="32" failures="0" timestamp="15 Jan 2019 12:21:42 GMT" time="11.455" errors="0">
  <testcase name="OpenGoogleappsHar_analyzer" time="10.527" classname="FoodMateTestCases.CaptureAndParsingHarFileForPixPngWFTest"/>
  <testcase name="CheckGMTValue" time="0.049" classname="FoodMateTestCases.CaptureAndParsingHarFileForPixPngWFTest"/>
  <testcase name="Checkvisit_blockValue" time="0.037" classname="FoodMateTestCases.CaptureAndParsingHarFileForPixPngWFTest"/>
  <testcase name="Checkcountry_codeValue" time="0.045" classname="FoodMateTestCases.CaptureAndParsingHarFileForPixPngWFTest"/>
  <testcase name="Checklanguage_EnglishValue" time="0.027" classname="FoodMateTestCases.CaptureAndParsingHarFileForPixPngWFTest"/>
  <testcase name="Checkcategory_peopleValue" time="0.034" classname="FoodMateTestCases.CaptureAndParsingHarFileForPixPngWFTest"/>
  <testcase name="Checkwriter_nameValue" time="0.031" classname="FoodMateTestCases.CaptureAndParsingHarFileForPixPngWFTest"/>
  <testcase name="Checkwriter_idValue" time="0.031" classname="FoodMateTestCases.CaptureAndParsingHarFileForPixPngWFTest"/>
  <testcase name="Checkcategory_idValue" time="0.027" classname="FoodMateTestCases.CaptureAndParsingHarFileForPixPngWFTest"/>
  <testcase name="Checkstory_idValue" time="0.025" classname="FoodMateTestCases.CaptureAndParsingHarFileForPixPngWFTest"/>
  <testcase name="Checkgoogle_entitiesValue" time="0.028" classname="FoodMateTestCases.CaptureAndParsingHarFileForPixPngWFTest"/>
  <testcase name="Checkpage_typeValue" time="0.030" classname="FoodMateTestCases.CaptureAndParsingHarFileForPixPngWFTest"/>
  <testcase name="CheckcityValue" time="0.028" classname="FoodMateTestCases.CaptureAndParsingHarFileForPixPngWFTest"/>
  <testcase name="Checkcountry_nameValue" time="0.030" classname="FoodMateTestCases.CaptureAndParsingHarFileForPixPngWFTest"/>
  <testcase name="CheckfpValue" time="0.025" classname="FoodMateTestCases.CaptureAndParsingHarFileForPixPngWFTest"/>
  <testcase name="Checkpage_urlValue" time="0.025" classname="FoodMateTestCases.CaptureAndParsingHarFileForPixPngWFTest"/>
  <testcase name="Checkclient_ipValue" time="0.029" classname="FoodMateTestCases.CaptureAndParsingHarFileForPixPngWFTest"/>
  <testcase name="Checkreferral_domainValue" time="0.025" classname="FoodMateTestCases.CaptureAndParsingHarFileForPixPngWFTest"/>
  <testcase name="Checkdev_sourceValue" time="0.025" classname="FoodMateTestCases.CaptureAndParsingHarFileForPixPngWFTest"/>
  <testcase name="CheckPBValue" time="0.028" classname="FoodMateTestCases.CaptureAndParsingHarFileForPixPngWFTest"/>
  <testcase name="Checkstory_tagsValue" time="0.024" classname="FoodMateTestCases.CaptureAndParsingHarFileForPixPngWFTest"/>
  <testcase name="Checkcurrent_blockValue" time="0.024" classname="FoodMateTestCases.CaptureAndParsingHarFileForPixPngWFTest"/>
  <testcase name="Checktotal_blocksValue" time="0.026" classname="FoodMateTestCases.CaptureAndParsingHarFileForPixPngWFTest"/>
  <testcase name="CheckdomainValue" time="0.024" classname="FoodMateTestCases.CaptureAndParsingHarFileForPixPngWFTest"/>
  <testcase name="CheckadPartnerValue" time="0.024" classname="FoodMateTestCases.CaptureAndParsingHarFileForPixPngWFTest"/>
  <testcase name="CheckadblockerValue" time="0.025" classname="FoodMateTestCases.CaptureAndParsingHarFileForPixPngWFTest"/>
  <testcase name="CheckofcValue" time="0.043" classname="FoodMateTestCases.CaptureAndParsingHarFileForPixPngWFTest"/>
  <testcase name="Checktotal_adsValue" time="0.035" classname="FoodMateTestCases.CaptureAndParsingHarFileForPixPngWFTest"/>
  <testcase name="Checktree_idValue" time="0.032" classname="FoodMateTestCases.CaptureAndParsingHarFileForPixPngWFTest"/>
  <testcase name="CheckussValue" time="0.036" classname="FoodMateTestCases.CaptureAndParsingHarFileForPixPngWFTest"/>
  <testcase name="CheckpidValue" time="0.029" classname="FoodMateTestCases.CaptureAndParsingHarFileForPixPngWFTest"/>
  <testcase name="Checkinit_story_idValue" time="0.027" classname="FoodMateTestCases.CaptureAndParsingHarFileForPixPngWFTest"/>
</testsuite> <!-- FoodMateTestCases.CaptureAndParsingHarFileForPixPngWFTest -->
