<?xml version="1.0" encoding="UTF-8"?>
<!-- Generated by org.testng.reporters.JUnitReportReporter -->
<testsuite skipped="0" hostname="wittyfeed-Vostro-3558" name="FoodMateTestCases.FoodMateSearchPageTestCasesTest" tests="4" failures="0" timestamp="15 Jan 2019 06:11:25 GMT" time="25.148" errors="0">
  <testcase name="ClickSearchOption" time="25.078" classname="FoodMateTestCases.FoodMateSearchPageTestCasesTest"/>
  <testcase name="CheckSearchHeader" time="0.044" classname="FoodMateTestCases.FoodMateSearchPageTestCasesTest"/>
  <testcase name="CheckSearchedStoryImage" time="0.012" classname="FoodMateTestCases.FoodMateSearchPageTestCasesTest"/>
  <testcase name="CheckSearchedStoryTitle" time="0.014" classname="FoodMateTestCases.FoodMateSearchPageTestCasesTest"/>
</testsuite> <!-- FoodMateTestCases.FoodMateSearchPageTestCasesTest -->
