<?xml version="1.0" encoding="UTF-8"?>
<!-- Generated by org.testng.reporters.JUnitReportReporter -->
<testsuite skipped="0" hostname="wittyfeed-Vostro-3558" name="FoodMateTestCases.WittyFeedHomePageTestcasesTest" tests="29" failures="0" timestamp="14 Jan 2019 11:57:02 GMT" time="38.990" errors="0">
  <testcase name="CheckSearchOption" time="22.410" classname="FoodMateTestCases.WittyFeedHomePageTestcasesTest"/>
  <testcase name="CheckSiteLogo" time="0.014" classname="FoodMateTestCases.WittyFeedHomePageTestcasesTest"/>
  <testcase name="CheckRecipesCategories" time="0.017" classname="FoodMateTestCases.WittyFeedHomePageTestcasesTest"/>
  <testcase name="CheckCultureCategories" time="5.014" classname="FoodMateTestCases.WittyFeedHomePageTestcasesTest"/>
  <testcase name="CheckEntertainmentCategories" time="0.014" classname="FoodMateTestCases.WittyFeedHomePageTestcasesTest"/>
  <testcase name="CheckFoodFunCategories" time="0.014" classname="FoodMateTestCases.WittyFeedHomePageTestcasesTest"/>
  <testcase name="CheckVideosCategories" time="0.012" classname="FoodMateTestCases.WittyFeedHomePageTestcasesTest"/>
  <testcase name="CheckTwitterLink" time="0.011" classname="FoodMateTestCases.WittyFeedHomePageTestcasesTest"/>
  <testcase name="CheckYouTubeLink" time="0.025" classname="FoodMateTestCases.WittyFeedHomePageTestcasesTest"/>
  <testcase name="CheckFeaturedPostImage" time="0.016" classname="FoodMateTestCases.WittyFeedHomePageTestcasesTest"/>
  <testcase name="CheckFeaturedPostTitle" time="0.015" classname="FoodMateTestCases.WittyFeedHomePageTestcasesTest"/>
  <testcase name="CheckFeaturedPostAuthor" time="0.012" classname="FoodMateTestCases.WittyFeedHomePageTestcasesTest"/>
  <testcase name="CheckSecondPostImage" time="0.012" classname="FoodMateTestCases.WittyFeedHomePageTestcasesTest"/>
  <testcase name="CheckSecondPostTitle" time="0.010" classname="FoodMateTestCases.WittyFeedHomePageTestcasesTest"/>
  <testcase name="CheckSecondPostAuthor" time="0.014" classname="FoodMateTestCases.WittyFeedHomePageTestcasesTest"/>
  <testcase name="CheckThirdPostImage" time="0.012" classname="FoodMateTestCases.WittyFeedHomePageTestcasesTest"/>
  <testcase name="CheckThirdPostTitle" time="0.056" classname="FoodMateTestCases.WittyFeedHomePageTestcasesTest"/>
  <testcase name="CheckThirdPostAuthor" time="0.010" classname="FoodMateTestCases.WittyFeedHomePageTestcasesTest"/>
  <testcase name="CheckLatestStoryImage" time="1.033" classname="FoodMateTestCases.WittyFeedHomePageTestcasesTest"/>
  <testcase name="CheckLatestStoryTitle" time="1.027" classname="FoodMateTestCases.WittyFeedHomePageTestcasesTest"/>
  <testcase name="CheckLatestStoryAuthor" time="1.028" classname="FoodMateTestCases.WittyFeedHomePageTestcasesTest"/>
  <testcase name="CheckFMVideo1" time="1.026" classname="FoodMateTestCases.WittyFeedHomePageTestcasesTest"/>
  <testcase name="CheckFMVideo2" time="1.025" classname="FoodMateTestCases.WittyFeedHomePageTestcasesTest"/>
  <testcase name="CheckQuizeFeedImage" time="1.024" classname="FoodMateTestCases.WittyFeedHomePageTestcasesTest"/>
  <testcase name="CheckQuizefeedTitle" time="1.025" classname="FoodMateTestCases.WittyFeedHomePageTestcasesTest"/>
  <testcase name="CheckQuizeFeedAuthor" time="1.025" classname="FoodMateTestCases.WittyFeedHomePageTestcasesTest"/>
  <testcase name="CheckEatSleepReadReaptImage" time="1.032" classname="FoodMateTestCases.WittyFeedHomePageTestcasesTest"/>
  <testcase name="CheckEatSleepReadReaptTitle" time="1.025" classname="FoodMateTestCases.WittyFeedHomePageTestcasesTest"/>
  <testcase name="CheckEatSleepReadReaptAuthor" time="1.032" classname="FoodMateTestCases.WittyFeedHomePageTestcasesTest"/>
</testsuite> <!-- FoodMateTestCases.WittyFeedHomePageTestcasesTest -->
