<?xml version="1.0" encoding="UTF-8"?>
<!-- Generated by org.testng.reporters.JUnitReportReporter -->
<testsuite skipped="0" hostname="wittyfeed-Vostro-3558" name="WittyFeedTestCases.WittyFeedFooterOptionTestCasesTest" tests="9" failures="0" timestamp="24 Dec 2018 12:18:03 GMT" time="24.495" errors="0">
  <testcase name="ClickHamburgerMenu" time="10.919" classname="WittyFeedTestCases.WittyFeedFooterOptionTestCasesTest"/>
  <testcase name="CheckAbutUsLink" time="0.036" classname="WittyFeedTestCases.WittyFeedFooterOptionTestCasesTest"/>
  <testcase name="CheckTermsOfUseLink" time="0.028" classname="WittyFeedTestCases.WittyFeedFooterOptionTestCasesTest"/>
  <testcase name="CheckPrivacyPolicyLink" time="0.028" classname="WittyFeedTestCases.WittyFeedFooterOptionTestCasesTest"/>
  <testcase name="CheckCantactUsLink" time="0.029" classname="WittyFeedTestCases.WittyFeedFooterOptionTestCasesTest"/>
  <testcase name="CheckAbutUsPage" time="4.722" classname="WittyFeedTestCases.WittyFeedFooterOptionTestCasesTest"/>
  <testcase name="CheckTermsOfUsePage" time="3.991" classname="WittyFeedTestCases.WittyFeedFooterOptionTestCasesTest"/>
  <testcase name="CheckPrivacyPolicyPage" time="4.710" classname="WittyFeedTestCases.WittyFeedFooterOptionTestCasesTest"/>
  <testcase name="CheckCantactUsPage" time="0.032" classname="WittyFeedTestCases.WittyFeedFooterOptionTestCasesTest"/>
</testsuite> <!-- WittyFeedTestCases.WittyFeedFooterOptionTestCasesTest -->
