<?xml version="1.0" encoding="UTF-8"?>
<!-- Generated by org.testng.reporters.JUnitReportReporter -->
<testsuite skipped="0" hostname="wittyfeed-Vostro-3558" name="FoodMateTestCases.FoodMateFooterOptionTestCasesTest" tests="9" failures="0" timestamp="15 Jan 2019 06:02:49 GMT" time="35.211" errors="0">
  <testcase name="ClickHamburgerMenu" time="21.245" classname="FoodMateTestCases.FoodMateFooterOptionTestCasesTest"/>
  <testcase name="CheckAbutUsLink" time="0.022" classname="FoodMateTestCases.FoodMateFooterOptionTestCasesTest"/>
  <testcase name="CheckTermsOfUseLink" time="0.014" classname="FoodMateTestCases.FoodMateFooterOptionTestCasesTest"/>
  <testcase name="CheckPrivacyPolicyLink" time="0.021" classname="FoodMateTestCases.FoodMateFooterOptionTestCasesTest"/>
  <testcase name="CheckCantactUsLink" time="0.019" classname="FoodMateTestCases.FoodMateFooterOptionTestCasesTest"/>
  <testcase name="CheckAbutUsPage" time="4.732" classname="FoodMateTestCases.FoodMateFooterOptionTestCasesTest"/>
  <testcase name="CheckTermsOfUsePage" time="4.131" classname="FoodMateTestCases.FoodMateFooterOptionTestCasesTest"/>
  <testcase name="CheckPrivacyPolicyPage" time="4.989" classname="FoodMateTestCases.FoodMateFooterOptionTestCasesTest"/>
  <testcase name="CheckCantactUsPage" time="0.038" classname="FoodMateTestCases.FoodMateFooterOptionTestCasesTest"/>
</testsuite> <!-- FoodMateTestCases.FoodMateFooterOptionTestCasesTest -->
