<?xml version="1.0" encoding="UTF-8"?>
<!-- Generated by org.testng.reporters.JUnitReportReporter -->
<testsuite skipped="0" hostname="wittyfeed-Vostro-3558" name="FoodMateTestCases.FoodMateUserProfileTestCasesTest" tests="6" failures="0" timestamp="15 Jan 2019 06:12:41 GMT" time="34.715" errors="0">
  <testcase name="ClickAuthorName" time="34.571" classname="FoodMateTestCases.FoodMateUserProfileTestCasesTest"/>
  <testcase name="CheckBackgroundImage" time="0.044" classname="FoodMateTestCases.FoodMateUserProfileTestCasesTest"/>
  <testcase name="CheckAuthorName" time="0.022" classname="FoodMateTestCases.FoodMateUserProfileTestCasesTest"/>
  <testcase name="CheckAuthorImage" time="0.022" classname="FoodMateTestCases.FoodMateUserProfileTestCasesTest"/>
  <testcase name="CheckWriterName" time="0.029" classname="FoodMateTestCases.FoodMateUserProfileTestCasesTest"/>
  <testcase name="CheckEditor" time="0.027" classname="FoodMateTestCases.FoodMateUserProfileTestCasesTest"/>
</testsuite> <!-- FoodMateTestCases.FoodMateUserProfileTestCasesTest -->
