<?xml version="1.0" encoding="UTF-8"?>
<!-- Generated by org.testng.reporters.JUnitReportReporter -->
<testsuite skipped="0" hostname="wittyfeed-Vostro-3558" name="WittyFeedTestCases.WittyFeedCatagoiesTestCasesTest" tests="33" failures="0" timestamp="09 Jan 2019 12:58:51 GMT" time="120.276" errors="0">
  <testcase name="ClickHamburgerMenu" time="22.039" classname="WittyFeedTestCases.WittyFeedCatagoiesTestCasesTest"/>
  <testcase name="CheckNewsCata" time="1.112" classname="WittyFeedTestCases.WittyFeedCatagoiesTestCasesTest"/>
  <testcase name="CheckNewsSubCata" time="1.031" classname="WittyFeedTestCases.WittyFeedCatagoiesTestCasesTest"/>
  <testcase name="CheckLifeStyleCata" time="1.044" classname="WittyFeedTestCases.WittyFeedCatagoiesTestCasesTest"/>
  <testcase name="CheckLifeStyleSubCata" time="1.030" classname="WittyFeedTestCases.WittyFeedCatagoiesTestCasesTest"/>
  <testcase name="CheckEntertainmentCata" time="1.030" classname="WittyFeedTestCases.WittyFeedCatagoiesTestCasesTest"/>
  <testcase name="CheckEntertainmentSubCata" time="1.026" classname="WittyFeedTestCases.WittyFeedCatagoiesTestCasesTest"/>
  <testcase name="CheckOpinionLink" time="1.027" classname="WittyFeedTestCases.WittyFeedCatagoiesTestCasesTest"/>
  <testcase name="CheckIndiaKaPulseLink" time="1.029" classname="WittyFeedTestCases.WittyFeedCatagoiesTestCasesTest"/>
  <testcase name="CheckSocialImpactLink" time="1.031" classname="WittyFeedTestCases.WittyFeedCatagoiesTestCasesTest"/>
  <testcase name="CheckGirlingLink" time="1.034" classname="WittyFeedTestCases.WittyFeedCatagoiesTestCasesTest"/>
  <testcase name="CheckVideosLink" time="1.027" classname="WittyFeedTestCases.WittyFeedCatagoiesTestCasesTest"/>
  <testcase name="CheckQuizLink" time="1.026" classname="WittyFeedTestCases.WittyFeedCatagoiesTestCasesTest"/>
  <testcase name="CheckNewsPage" time="6.587" classname="WittyFeedTestCases.WittyFeedCatagoiesTestCasesTest"/>
  <testcase name="CheckPoliticsPage" time="5.375" classname="WittyFeedTestCases.WittyFeedCatagoiesTestCasesTest"/>
  <testcase name="CheckSocialPage" time="7.322" classname="WittyFeedTestCases.WittyFeedCatagoiesTestCasesTest"/>
  <testcase name="CheckTrendingPage" time="5.828" classname="WittyFeedTestCases.WittyFeedCatagoiesTestCasesTest"/>
  <testcase name="CheckLifeStylePage" time="5.642" classname="WittyFeedTestCases.WittyFeedCatagoiesTestCasesTest"/>
  <testcase name="CheckHealthPage" time="6.239" classname="WittyFeedTestCases.WittyFeedCatagoiesTestCasesTest"/>
  <testcase name="CheckRelationshipPage" time="5.517" classname="WittyFeedTestCases.WittyFeedCatagoiesTestCasesTest"/>
  <testcase name="CheckTravelPage" time="6.039" classname="WittyFeedTestCases.WittyFeedCatagoiesTestCasesTest"/>
  <testcase name="CheckFashionPage" time="5.538" classname="WittyFeedTestCases.WittyFeedCatagoiesTestCasesTest"/>
  <testcase name="CheckEntertainmentPage" time="5.475" classname="WittyFeedTestCases.WittyFeedCatagoiesTestCasesTest"/>
  <testcase name="CheckBollywoodPage" time="4.623" classname="WittyFeedTestCases.WittyFeedCatagoiesTestCasesTest"/>
  <testcase name="CheckSocialCelebritiesPage" time="5.979" classname="WittyFeedTestCases.WittyFeedCatagoiesTestCasesTest"/>
  <testcase name="CheckSportsPage" time="5.855" classname="WittyFeedTestCases.WittyFeedCatagoiesTestCasesTest"/>
  <testcase name="CheckHollywoodPage" time="3.520" classname="WittyFeedTestCases.WittyFeedCatagoiesTestCasesTest"/>
  <testcase name="CheckOpinionPage" time="1.103" classname="WittyFeedTestCases.WittyFeedCatagoiesTestCasesTest"/>
  <testcase name="CheckIndiaKaPulsePage" time="1.026" classname="WittyFeedTestCases.WittyFeedCatagoiesTestCasesTest"/>
  <testcase name="CheckSocialImpactPage" time="1.036" classname="WittyFeedTestCases.WittyFeedCatagoiesTestCasesTest"/>
  <testcase name="CheckGirlingPage" time="1.022" classname="WittyFeedTestCases.WittyFeedCatagoiesTestCasesTest"/>
  <testcase name="CheckVideosPage" time="1.039" classname="WittyFeedTestCases.WittyFeedCatagoiesTestCasesTest"/>
  <testcase name="CheckQuizPage" time="1.025" classname="WittyFeedTestCases.WittyFeedCatagoiesTestCasesTest"/>
</testsuite> <!-- WittyFeedTestCases.WittyFeedCatagoiesTestCasesTest -->
