<?xml version="1.0" encoding="UTF-8"?>
<!-- Generated by org.testng.reporters.JUnitReportReporter -->
<testsuite skipped="0" hostname="wittyfeed-Vostro-3558" name="FoodMateTestCases.WittyTagstestcasesTest" tests="2" failures="0" timestamp="15 Jan 2019 06:14:11 GMT" time="19.869" errors="0">
  <testcase name="CheckSearchOption" time="19.843" classname="FoodMateTestCases.WittyTagstestcasesTest"/>
  <testcase name="CheckSearchTags" time="0.026" classname="FoodMateTestCases.WittyTagstestcasesTest"/>
</testsuite> <!-- FoodMateTestCases.WittyTagstestcasesTest -->
