<?xml version="1.0" encoding="UTF-8"?>
<!-- Generated by org.testng.reporters.JUnitReportReporter -->
<testsuite skipped="0" hostname="wittyfeed-Vostro-3558" name="FoodMateTestCases.FoodMateStoryPageTestCasesTest" tests="7" failures="0" timestamp="15 Jan 2019 06:09:09 GMT" time="57.133" errors="0">
  <testcase name="OpenStoryPage" time="50.779" classname="FoodMateTestCases.FoodMateStoryPageTestCasesTest"/>
  <testcase name="CheckStoryAuthor" time="1.062" classname="FoodMateTestCases.FoodMateStoryPageTestCasesTest"/>
  <testcase name="CheckStoryTitle" time="1.113" classname="FoodMateTestCases.FoodMateStoryPageTestCasesTest"/>
  <testcase name="CheckStoryDesc" time="1.034" classname="FoodMateTestCases.FoodMateStoryPageTestCasesTest"/>
  <testcase name="CheckStoryShares" time="1.042" classname="FoodMateTestCases.FoodMateStoryPageTestCasesTest"/>
  <testcase name="CheckStoryShareOptions" time="1.062" classname="FoodMateTestCases.FoodMateStoryPageTestCasesTest"/>
  <testcase name="CheckStoryContent" time="1.041" classname="FoodMateTestCases.FoodMateStoryPageTestCasesTest"/>
</testsuite> <!-- FoodMateTestCases.FoodMateStoryPageTestCasesTest -->
