<?xml version="1.0" encoding="UTF-8"?>
<!-- Generated by org.testng.reporters.JUnitReportReporter -->
<testsuite skipped="0" hostname="wittyfeed-Vostro-3558" name="WittyFeedTestCases.CaptureAndParsingHarFileForPixPngWFTest" tests="1" failures="0" timestamp="08 Jan 2019 12:35:52 GMT" time="31.552" errors="0">
  <testcase name="RecordHAR" time="31.552" classname="WittyFeedTestCases.CaptureAndParsingHarFileForPixPngWFTest"/>
</testsuite> <!-- WittyFeedTestCases.CaptureAndParsingHarFileForPixPngWFTest -->
