<?xml version="1.0" encoding="UTF-8"?>
<!-- Generated by org.testng.reporters.JUnitReportReporter -->
<testsuite skipped="0" hostname="wittyfeed-Vostro-3558" name="WittyFeedTestCases.WittyTagstestcasesTest" tests="2" failures="0" timestamp="21 Dec 2018 11:00:46 GMT" time="7.492" errors="0">
  <testcase name="CheckSearchOption" time="7.450" classname="WittyFeedTestCases.WittyTagstestcasesTest"/>
  <testcase name="CheckSearchTags" time="0.042" classname="WittyFeedTestCases.WittyTagstestcasesTest"/>
</testsuite> <!-- WittyFeedTestCases.WittyTagstestcasesTest -->
