<?xml version="1.0" encoding="UTF-8"?>
<!-- Generated by org.testng.reporters.JUnitReportReporter -->
<testsuite skipped="0" hostname="wittyfeed-Vostro-3558" name="FoodMateTestCases.FoodMateCatagoiesTestCasesTest" tests="2" failures="0" timestamp="15 Jan 2019 05:33:14 GMT" time="29.296" errors="0">
  <testcase name="ClickHamburgerMenu" time="22.283" classname="FoodMateTestCases.FoodMateCatagoiesTestCasesTest"/>
  <testcase name="CheckVideosPage" time="7.013" classname="FoodMateTestCases.FoodMateCatagoiesTestCasesTest"/>
</testsuite> <!-- FoodMateTestCases.FoodMateCatagoiesTestCasesTest -->
