<?xml version="1.0" encoding="UTF-8"?>
<!-- Generated by org.testng.reporters.JUnitReportReporter -->
<testsuite skipped="0" hostname="wittyfeed-Vostro-3558" name="InnervoiceTestCases.InnerVoiceFooterOptionTestCasesTest" tests="9" failures="0" timestamp="26 Dec 2018 06:45:12 GMT" time="37.912" errors="0">
  <testcase name="ClickHamburgerMenu" time="21.852" classname="InnervoiceTestCases.InnerVoiceFooterOptionTestCasesTest"/>
  <testcase name="CheckAbutUsLink" time="0.023" classname="InnervoiceTestCases.InnerVoiceFooterOptionTestCasesTest"/>
  <testcase name="CheckTermsOfUseLink" time="0.017" classname="InnervoiceTestCases.InnerVoiceFooterOptionTestCasesTest"/>
  <testcase name="CheckPrivacyPolicyLink" time="0.018" classname="InnervoiceTestCases.InnerVoiceFooterOptionTestCasesTest"/>
  <testcase name="CheckCantactUsLink" time="0.016" classname="InnervoiceTestCases.InnerVoiceFooterOptionTestCasesTest"/>
  <testcase name="CheckAbutUsPage" time="5.990" classname="InnervoiceTestCases.InnerVoiceFooterOptionTestCasesTest"/>
  <testcase name="CheckTermsOfUsePage" time="5.696" classname="InnervoiceTestCases.InnerVoiceFooterOptionTestCasesTest"/>
  <testcase name="CheckPrivacyPolicyPage" time="4.257" classname="InnervoiceTestCases.InnerVoiceFooterOptionTestCasesTest"/>
  <testcase name="CheckCantactUsPage" time="0.043" classname="InnervoiceTestCases.InnerVoiceFooterOptionTestCasesTest"/>
</testsuite> <!-- InnervoiceTestCases.InnerVoiceFooterOptionTestCasesTest -->
