<?xml version="1.0" encoding="UTF-8"?>
<!-- Generated by org.testng.reporters.JUnitReportReporter -->
<testsuite skipped="0" hostname="wittyfeed-Vostro-3558" name="InnervoiceTestCases.InnerVoiceUserProfileTestCasesTest" tests="6" failures="0" timestamp="09 Jan 2019 07:15:27 GMT" time="21.150" errors="0">
  <testcase name="ClickAuthorName" time="21.021" classname="InnervoiceTestCases.InnerVoiceUserProfileTestCasesTest"/>
  <testcase name="CheckBackgroundImage" time="0.048" classname="InnervoiceTestCases.InnerVoiceUserProfileTestCasesTest"/>
  <testcase name="CheckAuthorName" time="0.020" classname="InnervoiceTestCases.InnerVoiceUserProfileTestCasesTest"/>
  <testcase name="CheckAuthorImage" time="0.024" classname="InnervoiceTestCases.InnerVoiceUserProfileTestCasesTest"/>
  <testcase name="CheckWriterName" time="0.020" classname="InnervoiceTestCases.InnerVoiceUserProfileTestCasesTest"/>
  <testcase name="CheckEditor" time="0.017" classname="InnervoiceTestCases.InnerVoiceUserProfileTestCasesTest"/>
</testsuite> <!-- InnervoiceTestCases.InnerVoiceUserProfileTestCasesTest -->
