<?xml version="1.0" encoding="UTF-8"?>
<!-- Generated by org.testng.reporters.JUnitReportReporter -->
<testsuite skipped="0" hostname="wittyfeed-Vostro-3558" name="InnervoiceTestCases.InnerVoiceSearchPageTestCasesTest" tests="4" failures="0" timestamp="09 Jan 2019 07:17:19 GMT" time="23.625" errors="0">
  <testcase name="ClickSearchOption" time="23.544" classname="InnervoiceTestCases.InnerVoiceSearchPageTestCasesTest"/>
  <testcase name="CheckSearchHeader" time="0.052" classname="InnervoiceTestCases.InnerVoiceSearchPageTestCasesTest"/>
  <testcase name="CheckSearchedStoryImage" time="0.014" classname="InnervoiceTestCases.InnerVoiceSearchPageTestCasesTest"/>
  <testcase name="CheckSearchedStoryTitle" time="0.015" classname="InnervoiceTestCases.InnerVoiceSearchPageTestCasesTest"/>
</testsuite> <!-- InnervoiceTestCases.InnerVoiceSearchPageTestCasesTest -->
