<?xml version="1.0" encoding="UTF-8"?>
<!-- Generated by org.testng.reporters.JUnitReportReporter -->
<testsuite skipped="0" hostname="wittyfeed-Vostro-3558" name="InnervoiceTestCases.InnnerVoiceHomePageTestcasesTest" tests="31" failures="0" timestamp="10 Jan 2019 13:25:26 GMT" time="36.167" errors="0">
  <testcase name="CheckSearchOption" time="19.531" classname="InnervoiceTestCases.InnnerVoiceHomePageTestcasesTest"/>
  <testcase name="CheckSiteLogo" time="0.014" classname="InnervoiceTestCases.InnnerVoiceHomePageTestcasesTest"/>
  <testcase name="CheckExploreCategories" time="0.015" classname="InnervoiceTestCases.InnnerVoiceHomePageTestcasesTest"/>
  <testcase name="CheckTalesCategories" time="5.015" classname="InnervoiceTestCases.InnnerVoiceHomePageTestcasesTest"/>
  <testcase name="CheckVideosCategories" time="0.013" classname="InnervoiceTestCases.InnnerVoiceHomePageTestcasesTest"/>
  <testcase name="CheckExpressCategories" time="0.012" classname="InnervoiceTestCases.InnnerVoiceHomePageTestcasesTest"/>
  <testcase name="CheckIVPicks" time="0.013" classname="InnervoiceTestCases.InnnerVoiceHomePageTestcasesTest"/>
  <testcase name="CheckInstaLink" time="0.012" classname="InnervoiceTestCases.InnnerVoiceHomePageTestcasesTest"/>
  <testcase name="CheckTwitterLink" time="0.024" classname="InnervoiceTestCases.InnnerVoiceHomePageTestcasesTest"/>
  <testcase name="CheckFacebookLink" time="0.018" classname="InnervoiceTestCases.InnnerVoiceHomePageTestcasesTest"/>
  <testcase name="CheckYouTubeLink" time="0.015" classname="InnervoiceTestCases.InnnerVoiceHomePageTestcasesTest"/>
  <testcase name="CheckFeaturedPostImage" time="0.011" classname="InnervoiceTestCases.InnnerVoiceHomePageTestcasesTest"/>
  <testcase name="CheckFeaturedPostTitle" time="0.013" classname="InnervoiceTestCases.InnnerVoiceHomePageTestcasesTest"/>
  <testcase name="CheckFeaturedPostAuthor" time="0.012" classname="InnervoiceTestCases.InnnerVoiceHomePageTestcasesTest"/>
  <testcase name="CheckSecondPostImage" time="0.013" classname="InnervoiceTestCases.InnnerVoiceHomePageTestcasesTest"/>
  <testcase name="CheckSecondPostTitle" time="0.012" classname="InnervoiceTestCases.InnnerVoiceHomePageTestcasesTest"/>
  <testcase name="CheckSecondPostAuthor" time="0.009" classname="InnervoiceTestCases.InnnerVoiceHomePageTestcasesTest"/>
  <testcase name="CheckThirdPostImage" time="0.010" classname="InnervoiceTestCases.InnnerVoiceHomePageTestcasesTest"/>
  <testcase name="CheckThirdPostTitle" time="0.015" classname="InnervoiceTestCases.InnnerVoiceHomePageTestcasesTest"/>
  <testcase name="CheckThirdPostAuthor" time="0.011" classname="InnervoiceTestCases.InnnerVoiceHomePageTestcasesTest"/>
  <testcase name="CheckLatestStoryImage" time="1.033" classname="InnervoiceTestCases.InnnerVoiceHomePageTestcasesTest"/>
  <testcase name="CheckLatestStoryTitle" time="1.051" classname="InnervoiceTestCases.InnnerVoiceHomePageTestcasesTest"/>
  <testcase name="CheckLatestStoryAuthor" time="1.030" classname="InnervoiceTestCases.InnnerVoiceHomePageTestcasesTest"/>
  <testcase name="CheckIVVideo1" time="1.027" classname="InnervoiceTestCases.InnnerVoiceHomePageTestcasesTest"/>
  <testcase name="CheckIVVideo2" time="1.028" classname="InnervoiceTestCases.InnnerVoiceHomePageTestcasesTest"/>
  <testcase name="CheckQuizeFeedImage" time="1.028" classname="InnervoiceTestCases.InnnerVoiceHomePageTestcasesTest"/>
  <testcase name="CheckQuizefeedTitle" time="1.041" classname="InnervoiceTestCases.InnnerVoiceHomePageTestcasesTest"/>
  <testcase name="CheckQuizeFeedAuthor" time="1.034" classname="InnervoiceTestCases.InnnerVoiceHomePageTestcasesTest"/>
  <testcase name="CheckEatSleepReadReaptImage" time="1.040" classname="InnervoiceTestCases.InnnerVoiceHomePageTestcasesTest"/>
  <testcase name="CheckEatSleepReadReaptTitle" time="1.039" classname="InnervoiceTestCases.InnnerVoiceHomePageTestcasesTest"/>
  <testcase name="CheckEatSleepReadReaptAuthor" time="1.028" classname="InnervoiceTestCases.InnnerVoiceHomePageTestcasesTest"/>
</testsuite> <!-- InnervoiceTestCases.InnnerVoiceHomePageTestcasesTest -->
