<?xml version="1.0" encoding="UTF-8"?>
<!-- Generated by org.testng.reporters.JUnitReportReporter -->
<testsuite skipped="0" hostname="wittyfeed-Vostro-3558" name="test.WittyFeedStoryPageTestCasesTest" tests="8" failures="0" timestamp="14 Dec 2018 12:23:13 GMT" time="44.996" errors="0">
  <testcase name="OpenStoryPage" time="38.445" classname="test.WittyFeedStoryPageTestCasesTest"/>
  <testcase name="CheckAdvertisementFrame" time="0.044" classname="test.WittyFeedStoryPageTestCasesTest"/>
  <testcase name="CheckStoryAuthor" time="1.073" classname="test.WittyFeedStoryPageTestCasesTest"/>
  <testcase name="CheckStoryTitle" time="1.072" classname="test.WittyFeedStoryPageTestCasesTest"/>
  <testcase name="CheckStoryDesc" time="1.076" classname="test.WittyFeedStoryPageTestCasesTest"/>
  <testcase name="CheckStoryShares" time="1.064" classname="test.WittyFeedStoryPageTestCasesTest"/>
  <testcase name="CheckStoryShareOptions" time="1.160" classname="test.WittyFeedStoryPageTestCasesTest"/>
  <testcase name="CheckStoryContent" time="1.062" classname="test.WittyFeedStoryPageTestCasesTest"/>
</testsuite> <!-- test.WittyFeedStoryPageTestCasesTest -->
