<?xml version="1.0" encoding="UTF-8"?>
<!-- Generated by org.testng.reporters.JUnitReportReporter -->
<testsuite skipped="0" hostname="wittyfeed-Vostro-3558" name="TestSuit.OneFeedTest" tests="19" failures="0" timestamp="24 Jan 2019 12:43:29 GMT" time="20.127" errors="0">
  <testcase name="ClickShowFeed" time="1.548" classname="TestSuit.OneFeedTest"/>
  <testcase name="CheckSearchBox" time="3.393" classname="TestSuit.OneFeedTest"/>
  <testcase name="CheckFeaturedImage" time="1.542" classname="TestSuit.OneFeedTest"/>
  <testcase name="CheckFeaturedTitle" time="0.127" classname="TestSuit.OneFeedTest"/>
  <testcase name="CheckCategoryOnFeaturedImage" time="0.143" classname="TestSuit.OneFeedTest"/>
  <testcase name="CheckStorySource" time="0.201" classname="TestSuit.OneFeedTest"/>
  <testcase name="CheckStorywriter" time="0.081" classname="TestSuit.OneFeedTest"/>
  <testcase name="CheckCardStoryImage" time="0.254" classname="TestSuit.OneFeedTest"/>
  <testcase name="CheckCardStoryTitle" time="4.392" classname="TestSuit.OneFeedTest"/>
  <testcase name="CheckCardStorywriter" time="0.190" classname="TestSuit.OneFeedTest"/>
  <testcase name="CheckListStoryImage" time="0.137" classname="TestSuit.OneFeedTest"/>
  <testcase name="CheckListStoryTitle" time="0.119" classname="TestSuit.OneFeedTest"/>
  <testcase name="CheckListStoryWriter" time="0.118" classname="TestSuit.OneFeedTest"/>
  <testcase name="CheckListStorySource" time="0.141" classname="TestSuit.OneFeedTest"/>
  <testcase name="CheckNextStoryFeaturedImage" time="7.005" classname="TestSuit.OneFeedTest"/>
  <testcase name="CheckNextStoryFeaturedTitle" time="0.145" classname="TestSuit.OneFeedTest"/>
  <testcase name="CheckCategoryOnNextStoryFeaturedImage" time="0.239" classname="TestSuit.OneFeedTest"/>
  <testcase name="CheckNextFeaturedStorywriter" time="0.190" classname="TestSuit.OneFeedTest"/>
  <testcase name="CheckNextFeaturedStorySource" time="0.162" classname="TestSuit.OneFeedTest"/>
</testsuite> <!-- TestSuit.OneFeedTest -->
