<?xml version="1.0" encoding="UTF-8"?>
<!-- Generated by org.testng.reporters.JUnitReportReporter -->
<testsuite skipped="0" hostname="wittyfeed-Vostro-3558" name="TestSuit.StoryPageMobileBrowserTestCasesTest" tests="7" failures="0" timestamp="25 Jan 2019 10:57:13 GMT" time="29.690" errors="0">
  <testcase name="ClickShowFeed" time="1.522" classname="TestSuit.StoryPageMobileBrowserTestCasesTest"/>
  <testcase name="SearchStory" time="13.407" classname="TestSuit.StoryPageMobileBrowserTestCasesTest"/>
  <testcase name="StoryFeaturedImage" time="3.590" classname="TestSuit.StoryPageMobileBrowserTestCasesTest"/>
  <testcase name="StoryTitle" time="0.394" classname="TestSuit.StoryPageMobileBrowserTestCasesTest"/>
  <testcase name="Storydesc" time="0.586" classname="TestSuit.StoryPageMobileBrowserTestCasesTest"/>
  <testcase name="StoryWriter" time="0.227" classname="TestSuit.StoryPageMobileBrowserTestCasesTest"/>
  <testcase name="StoryShareOption" time="9.964" classname="TestSuit.StoryPageMobileBrowserTestCasesTest"/>
</testsuite> <!-- TestSuit.StoryPageMobileBrowserTestCasesTest -->
