<?xml version="1.0" encoding="UTF-8"?>
<!-- Generated by org.testng.reporters.JUnitReportReporter -->
<testsuite skipped="0" hostname="wittyfeed-Vostro-3558" name="TestSuit.SearchPagetestcasesTest" tests="5" failures="0" timestamp="01 Feb 2019 08:45:53 GMT" time="72.257" errors="0">
  <testcase name="DoSignIn" time="36.438" classname="TestSuit.SearchPagetestcasesTest"/>
  <testcase name="ClickSearchIcon" time="2.380" classname="TestSuit.SearchPagetestcasesTest"/>
  <testcase name="GetPostSearchResult" time="9.087" classname="TestSuit.SearchPagetestcasesTest"/>
  <testcase name="GetHashtagSearchResult" time="13.821" classname="TestSuit.SearchPagetestcasesTest"/>
  <testcase name="GetPeopleSearchResult" time="10.531" classname="TestSuit.SearchPagetestcasesTest"/>
</testsuite> <!-- TestSuit.SearchPagetestcasesTest -->
