<?xml version="1.0" encoding="UTF-8"?>
<!-- Generated by org.testng.reporters.JUnitReportReporter -->
<testsuite skipped="0" hostname="wittyfeed-Vostro-3558" name="TestSuit.CreateNewPostTestCasesTest" tests="9" failures="0" timestamp="31 Jan 2019 07:06:51 GMT" time="74.852" errors="0">
  <testcase name="DoSignIn" time="49.569" classname="TestSuit.CreateNewPostTestCasesTest"/>
  <testcase name="CreatePostOption" time="1.502" classname="TestSuit.CreateNewPostTestCasesTest"/>
  <testcase name="permission_allow_Audio" time="4.115" classname="TestSuit.CreateNewPostTestCasesTest"/>
  <testcase name="TryNowButton" time="0.144" classname="TestSuit.CreateNewPostTestCasesTest"/>
  <testcase name="WriteText" time="13.428" classname="TestSuit.CreateNewPostTestCasesTest"/>
  <testcase name="SelectCategory" time="0.667" classname="TestSuit.CreateNewPostTestCasesTest"/>
  <testcase name="ClickNextOnPost" time="1.168" classname="TestSuit.CreateNewPostTestCasesTest"/>
  <testcase name="SelectHasTag" time="3.607" classname="TestSuit.CreateNewPostTestCasesTest"/>
  <testcase name="Publish" time="0.652" classname="TestSuit.CreateNewPostTestCasesTest"/>
</testsuite> <!-- TestSuit.CreateNewPostTestCasesTest -->
