<?xml version="1.0" encoding="UTF-8"?>
<!-- Generated by org.testng.reporters.JUnitReportReporter -->
<testsuite skipped="0" hostname="wittyfeed-Vostro-3558" name="TestSuit.InnerVoiceSignInTestCases" tests="6" failures="0" timestamp="30 Jan 2019 11:05:14 GMT" time="32.734" errors="0">
  <testcase name="Clicktwitter" time="4.475" classname="TestSuit.InnerVoiceSignInTestCases"/>
  <testcase name="twitterEmail" time="11.813" classname="TestSuit.InnerVoiceSignInTestCases"/>
  <testcase name="EntertwitterPassword" time="6.776" classname="TestSuit.InnerVoiceSignInTestCases"/>
  <testcase name="LoginButtonTwitter" time="3.165" classname="TestSuit.InnerVoiceSignInTestCases"/>
  <testcase name="ClickNextButton" time="3.775" classname="TestSuit.InnerVoiceSignInTestCases"/>
  <testcase name="ClickAccessPhotoMediaAllow" time="2.730" classname="TestSuit.InnerVoiceSignInTestCases"/>
</testsuite> <!-- TestSuit.InnerVoiceSignInTestCases -->
