<?xml version="1.0" encoding="UTF-8"?>
<!-- Generated by org.testng.reporters.JUnitReportReporter -->
<testsuite skipped="0" hostname="wittyfeed-Vostro-3558" name="TestSuit.UserFollowPageTestcasesTest" tests="4" failures="0" timestamp="01 Feb 2019 10:17:13 GMT" time="42.093" errors="0">
  <testcase name="DoSignIn" time="36.592" classname="TestSuit.UserFollowPageTestcasesTest"/>
  <testcase name="ClickUserProfileIcon" time="3.738" classname="TestSuit.UserFollowPageTestcasesTest"/>
  <testcase name="ClickFollowButton" time="0.900" classname="TestSuit.UserFollowPageTestcasesTest"/>
  <testcase name="ClickUnFollowButton" time="0.863" classname="TestSuit.UserFollowPageTestcasesTest"/>
</testsuite> <!-- TestSuit.UserFollowPageTestcasesTest -->
