<?xml version="1.0" encoding="UTF-8"?>
<!-- Generated by org.testng.reporters.JUnitReportReporter -->
<testsuite skipped="0" hostname="wittyfeed-Vostro-3558" name="WittyFeedTestCases.WittyFeedUserProfileTestCasesTest" tests="6" failures="0" timestamp="09 Jan 2019 07:24:46 GMT" time="47.355" errors="0">
  <testcase name="ClickAuthorName" time="46.235" classname="WittyFeedTestCases.WittyFeedUserProfileTestCasesTest"/>
  <testcase name="CheckBackgroundImage" time="0.031" classname="WittyFeedTestCases.WittyFeedUserProfileTestCasesTest"/>
  <testcase name="CheckAuthorName" time="0.020" classname="WittyFeedTestCases.WittyFeedUserProfileTestCasesTest"/>
  <testcase name="CheckAuthorImage" time="0.025" classname="WittyFeedTestCases.WittyFeedUserProfileTestCasesTest"/>
  <testcase name="CheckWriterName" time="1.021" classname="WittyFeedTestCases.WittyFeedUserProfileTestCasesTest"/>
  <testcase name="CheckEditor" time="0.023" classname="WittyFeedTestCases.WittyFeedUserProfileTestCasesTest"/>
</testsuite> <!-- WittyFeedTestCases.WittyFeedUserProfileTestCasesTest -->
