<?xml version="1.0" encoding="UTF-8"?>
<!-- Generated by org.testng.reporters.JUnitReportReporter -->
<testsuite skipped="0" hostname="wittyfeed-Vostro-3558" name="WittyFeedTestCases.WittyFeedHomePageTestcasesTest" tests="32" failures="1" timestamp="10 Jan 2019 13:31:58 GMT" time="40.094" errors="0">
  <testcase name="CheckSearchOption" time="23.476" classname="WittyFeedTestCases.WittyFeedHomePageTestcasesTest"/>
  <testcase name="CheckSiteLogo" time="0.018" classname="WittyFeedTestCases.WittyFeedHomePageTestcasesTest"/>
  <testcase name="CheckNewsCategories" time="0.013" classname="WittyFeedTestCases.WittyFeedHomePageTestcasesTest"/>
  <testcase name="CheckLifeStyleCategories" time="5.015" classname="WittyFeedTestCases.WittyFeedHomePageTestcasesTest"/>
  <testcase name="CheckEntertainmentCategories" time="0.014" classname="WittyFeedTestCases.WittyFeedHomePageTestcasesTest"/>
  <testcase name="CheckOpinion" time="0.019" classname="WittyFeedTestCases.WittyFeedHomePageTestcasesTest"/>
  <testcase name="CheckIndiaKaPulse" time="0.014" classname="WittyFeedTestCases.WittyFeedHomePageTestcasesTest"/>
  <testcase name="CheckGirling" time="0.026" classname="WittyFeedTestCases.WittyFeedHomePageTestcasesTest"/>
  <testcase name="CheckVideos" time="0.016" classname="WittyFeedTestCases.WittyFeedHomePageTestcasesTest"/>
  <testcase name="CheckQuiz" time="0.017" classname="WittyFeedTestCases.WittyFeedHomePageTestcasesTest"/>
  <testcase name="CheckTwitterLink" time="0.029" classname="WittyFeedTestCases.WittyFeedHomePageTestcasesTest"/>
  <testcase name="CheckYouTubeLink" time="0.014" classname="WittyFeedTestCases.WittyFeedHomePageTestcasesTest">
    <failure type="java.lang.AssertionError" message="expected [1] but found [0]">
      <![CDATA[java.lang.AssertionError: expected [1] but found [0]
at org.testng.Assert.fail(Assert.java:96)
at org.testng.Assert.failNotEquals(Assert.java:776)
at org.testng.Assert.assertEqualsImpl(Assert.java:137)
at org.testng.Assert.assertEquals(Assert.java:118)
at org.testng.Assert.assertEquals(Assert.java:652)
at org.testng.Assert.assertEquals(Assert.java:662)
at PagesOnWittyFeedTv.WittyFeedHomePage.YouTubeLink(WittyFeedHomePage.java:136)
at WittyFeedTestCases.WittyFeedHomePageTestcasesTest.CheckYouTubeLink(WittyFeedHomePageTestcasesTest.java:110)
at sun.reflect.NativeMethodAccessorImpl.invoke0(Native Method)
at sun.reflect.NativeMethodAccessorImpl.invoke(NativeMethodAccessorImpl.java:62)
at sun.reflect.DelegatingMethodAccessorImpl.invoke(DelegatingMethodAccessorImpl.java:43)
at java.lang.reflect.Method.invoke(Method.java:498)
at org.testng.internal.MethodInvocationHelper.invokeMethod(MethodInvocationHelper.java:124)
at org.testng.internal.Invoker.invokeMethod(Invoker.java:580)
at org.testng.internal.Invoker.invokeTestMethod(Invoker.java:716)
at org.testng.internal.Invoker.invokeTestMethods(Invoker.java:988)
at org.testng.internal.TestMethodWorker.invokeTestMethods(TestMethodWorker.java:125)
at org.testng.internal.TestMethodWorker.run(TestMethodWorker.java:109)
at org.testng.TestRunner.privateRun(TestRunner.java:648)
at org.testng.TestRunner.run(TestRunner.java:505)
at org.testng.SuiteRunner.runTest(SuiteRunner.java:455)
at org.testng.SuiteRunner.runSequentially(SuiteRunner.java:450)
at org.testng.SuiteRunner.privateRun(SuiteRunner.java:415)
at org.testng.SuiteRunner.run(SuiteRunner.java:364)
at org.testng.SuiteRunnerWorker.runSuite(SuiteRunnerWorker.java:52)
at org.testng.SuiteRunnerWorker.run(SuiteRunnerWorker.java:84)
at org.testng.TestNG.runSuitesSequentially(TestNG.java:1208)
at org.testng.TestNG.runSuitesLocally(TestNG.java:1137)
at org.testng.TestNG.runSuites(TestNG.java:1049)
at org.testng.TestNG.run(TestNG.java:1017)
at org.testng.remote.AbstractRemoteTestNG.run(AbstractRemoteTestNG.java:114)
at org.testng.remote.RemoteTestNG.initAndRun(RemoteTestNG.java:251)
at org.testng.remote.RemoteTestNG.main(RemoteTestNG.java:77)
]]>
    </failure>
  </testcase> <!-- CheckYouTubeLink -->
  <testcase name="CheckFeaturedPostImage" time="0.009" classname="WittyFeedTestCases.WittyFeedHomePageTestcasesTest"/>
  <testcase name="CheckFeaturedPostTitle" time="0.012" classname="WittyFeedTestCases.WittyFeedHomePageTestcasesTest"/>
  <testcase name="CheckFeaturedPostAuthor" time="0.012" classname="WittyFeedTestCases.WittyFeedHomePageTestcasesTest"/>
  <testcase name="CheckSecondPostImage" time="0.011" classname="WittyFeedTestCases.WittyFeedHomePageTestcasesTest"/>
  <testcase name="CheckSecondPostTitle" time="0.009" classname="WittyFeedTestCases.WittyFeedHomePageTestcasesTest"/>
  <testcase name="CheckSecondPostAuthor" time="0.013" classname="WittyFeedTestCases.WittyFeedHomePageTestcasesTest"/>
  <testcase name="CheckThirdPostImage" time="0.012" classname="WittyFeedTestCases.WittyFeedHomePageTestcasesTest"/>
  <testcase name="CheckThirdPostTitle" time="0.013" classname="WittyFeedTestCases.WittyFeedHomePageTestcasesTest"/>
  <testcase name="CheckThirdPostAuthor" time="0.013" classname="WittyFeedTestCases.WittyFeedHomePageTestcasesTest"/>
  <testcase name="CheckLatestStoryImage" time="1.028" classname="WittyFeedTestCases.WittyFeedHomePageTestcasesTest"/>
  <testcase name="CheckLatestStoryTitle" time="1.028" classname="WittyFeedTestCases.WittyFeedHomePageTestcasesTest"/>
  <testcase name="CheckLatestStoryAuthor" time="1.026" classname="WittyFeedTestCases.WittyFeedHomePageTestcasesTest"/>
  <testcase name="CheckIVVideo1" time="1.027" classname="WittyFeedTestCases.WittyFeedHomePageTestcasesTest"/>
  <testcase name="CheckIVVideo2" time="1.028" classname="WittyFeedTestCases.WittyFeedHomePageTestcasesTest"/>
  <testcase name="CheckQuizeFeedImage" time="1.028" classname="WittyFeedTestCases.WittyFeedHomePageTestcasesTest"/>
  <testcase name="CheckQuizefeedTitle" time="1.026" classname="WittyFeedTestCases.WittyFeedHomePageTestcasesTest"/>
  <testcase name="CheckQuizeFeedAuthor" time="1.033" classname="WittyFeedTestCases.WittyFeedHomePageTestcasesTest"/>
  <testcase name="CheckEatSleepReadReaptImage" time="1.035" classname="WittyFeedTestCases.WittyFeedHomePageTestcasesTest"/>
  <testcase name="CheckEatSleepReadReaptTitle" time="1.025" classname="WittyFeedTestCases.WittyFeedHomePageTestcasesTest"/>
  <testcase name="CheckEatSleepReadReaptAuthor" time="1.035" classname="WittyFeedTestCases.WittyFeedHomePageTestcasesTest"/>
</testsuite> <!-- WittyFeedTestCases.WittyFeedHomePageTestcasesTest -->
