<?xml version="1.0" encoding="UTF-8"?>
<!-- Generated by org.testng.reporters.JUnitReportReporter -->
<testsuite skipped="0" hostname="wittyfeed-Vostro-3558" name="WittyFeedTestCases.WittyFeedStoryPageTestCasesTest" tests="7" failures="0" timestamp="14 Jan 2019 08:03:21 GMT" time="65.891" errors="0">
  <testcase name="OpenStoryPage" time="59.548" classname="WittyFeedTestCases.WittyFeedStoryPageTestCasesTest"/>
  <testcase name="CheckStoryAuthor" time="1.140" classname="WittyFeedTestCases.WittyFeedStoryPageTestCasesTest"/>
  <testcase name="CheckStoryTitle" time="1.040" classname="WittyFeedTestCases.WittyFeedStoryPageTestCasesTest"/>
  <testcase name="CheckStoryDesc" time="1.041" classname="WittyFeedTestCases.WittyFeedStoryPageTestCasesTest"/>
  <testcase name="CheckStoryShares" time="1.029" classname="WittyFeedTestCases.WittyFeedStoryPageTestCasesTest"/>
  <testcase name="CheckStoryShareOptions" time="1.063" classname="WittyFeedTestCases.WittyFeedStoryPageTestCasesTest"/>
  <testcase name="CheckStoryContent" time="1.030" classname="WittyFeedTestCases.WittyFeedStoryPageTestCasesTest"/>
</testsuite> <!-- WittyFeedTestCases.WittyFeedStoryPageTestCasesTest -->
