<?xml version="1.0" encoding="UTF-8"?>
<!-- Generated by org.testng.reporters.JUnitReportReporter -->
<testsuite skipped="0" hostname="wittyfeed-Vostro-3558" name="test.WittyFeedUserProfileTestCasesTest" tests="9" failures="0" timestamp="14 Dec 2018 11:09:55 GMT" time="8.650" errors="0">
  <testcase name="ClickAuthorName" time="8.415" classname="test.WittyFeedUserProfileTestCasesTest"/>
  <testcase name="CheckBackgroundImage" time="0.032" classname="test.WittyFeedUserProfileTestCasesTest"/>
  <testcase name="CheckAuthorName" time="0.033" classname="test.WittyFeedUserProfileTestCasesTest"/>
  <testcase name="CheckAuthorImage" time="0.030" classname="test.WittyFeedUserProfileTestCasesTest"/>
  <testcase name="CheckWriterName" time="0.025" classname="test.WittyFeedUserProfileTestCasesTest"/>
  <testcase name="CheckEditor" time="0.043" classname="test.WittyFeedUserProfileTestCasesTest"/>
  <testcase name="CheckProfileDesc" time="0.030" classname="test.WittyFeedUserProfileTestCasesTest"/>
  <testcase name="CheckDontMissThisStory" time="0.022" classname="test.WittyFeedUserProfileTestCasesTest"/>
  <testcase name="LatestStories" time="0.020" classname="test.WittyFeedUserProfileTestCasesTest"/>
</testsuite> <!-- test.WittyFeedUserProfileTestCasesTest -->
