<?xml version="1.0" encoding="UTF-8"?>
<!-- Generated by org.testng.reporters.JUnitReportReporter -->
<testsuite skipped="0" hostname="wittyfeed-Vostro-3558" name="GeeksmateTestCases.GeeksmateCatagoiesTestCasesTest" tests="25" failures="0" timestamp="14 Jan 2019 05:41:09 GMT" time="93.805" errors="0">
  <testcase name="ClickHamburgerMenu" time="18.663" classname="GeeksmateTestCases.GeeksmateCatagoiesTestCasesTest"/>
  <testcase name="CheckNewsCata" time="1.050" classname="GeeksmateTestCases.GeeksmateCatagoiesTestCasesTest"/>
  <testcase name="CheckGadgetsCata" time="1.033" classname="GeeksmateTestCases.GeeksmateCatagoiesTestCasesTest"/>
  <testcase name="CheckGadgetsSubCata" time="1.032" classname="GeeksmateTestCases.GeeksmateCatagoiesTestCasesTest"/>
  <testcase name="CheckReviewsCata" time="1.030" classname="GeeksmateTestCases.GeeksmateCatagoiesTestCasesTest"/>
  <testcase name="BestInternetReadsCata" time="1.029" classname="GeeksmateTestCases.GeeksmateCatagoiesTestCasesTest"/>
  <testcase name="CheckInternetReadsSubCata" time="1.028" classname="GeeksmateTestCases.GeeksmateCatagoiesTestCasesTest"/>
  <testcase name="CheckVideosCata" time="1.026" classname="GeeksmateTestCases.GeeksmateCatagoiesTestCasesTest"/>
  <testcase name="CheckQUIZCata" time="1.032" classname="GeeksmateTestCases.GeeksmateCatagoiesTestCasesTest"/>
  <testcase name="CheckNewsPage" time="4.429" classname="GeeksmateTestCases.GeeksmateCatagoiesTestCasesTest"/>
  <testcase name="CheckGadgetsPage" time="4.125" classname="GeeksmateTestCases.GeeksmateCatagoiesTestCasesTest"/>
  <testcase name="CheckSmartPhonesPage" time="4.126" classname="GeeksmateTestCases.GeeksmateCatagoiesTestCasesTest"/>
  <testcase name="CheckLaptopPage" time="3.700" classname="GeeksmateTestCases.GeeksmateCatagoiesTestCasesTest"/>
  <testcase name="CheckCamerasPage" time="3.785" classname="GeeksmateTestCases.GeeksmateCatagoiesTestCasesTest"/>
  <testcase name="CheckMorePage" time="3.828" classname="GeeksmateTestCases.GeeksmateCatagoiesTestCasesTest"/>
  <testcase name="CheckReviewsPage" time="4.120" classname="GeeksmateTestCases.GeeksmateCatagoiesTestCasesTest"/>
  <testcase name="CheckInternetReadsPage" time="3.856" classname="GeeksmateTestCases.GeeksmateCatagoiesTestCasesTest"/>
  <testcase name="CheckHowToPage" time="5.238" classname="GeeksmateTestCases.GeeksmateCatagoiesTestCasesTest"/>
  <testcase name="CheckGamingPage" time="4.251" classname="GeeksmateTestCases.GeeksmateCatagoiesTestCasesTest"/>
  <testcase name="CheckSciencePage" time="4.347" classname="GeeksmateTestCases.GeeksmateCatagoiesTestCasesTest"/>
  <testcase name="CheckMoviesAndTVPage" time="3.591" classname="GeeksmateTestCases.GeeksmateCatagoiesTestCasesTest"/>
  <testcase name="CheckPCSPage" time="4.172" classname="GeeksmateTestCases.GeeksmateCatagoiesTestCasesTest"/>
  <testcase name="CheckappsPage" time="3.872" classname="GeeksmateTestCases.GeeksmateCatagoiesTestCasesTest"/>
  <testcase name="CheckVideosPage" time="5.383" classname="GeeksmateTestCases.GeeksmateCatagoiesTestCasesTest"/>
  <testcase name="CheckQUIZPage" time="4.059" classname="GeeksmateTestCases.GeeksmateCatagoiesTestCasesTest"/>
</testsuite> <!-- GeeksmateTestCases.GeeksmateCatagoiesTestCasesTest -->
