<?xml version="1.0" encoding="UTF-8"?>
<!-- Generated by org.testng.reporters.JUnitReportReporter -->
<testsuite skipped="0" hostname="wittyfeed-Vostro-3558" name="GeeksmateTestCases.GeeksmateSearchPageTestCasesTest" tests="4" failures="0" timestamp="09 Jan 2019 05:38:14 GMT" time="24.109" errors="0">
  <testcase name="ClickSearchOption" time="23.965" classname="GeeksmateTestCases.GeeksmateSearchPageTestCasesTest"/>
  <testcase name="CheckSearchHeader" time="0.080" classname="GeeksmateTestCases.GeeksmateSearchPageTestCasesTest"/>
  <testcase name="CheckSearchedStoryImage" time="0.041" classname="GeeksmateTestCases.GeeksmateSearchPageTestCasesTest"/>
  <testcase name="CheckSearchedStoryTitle" time="0.023" classname="GeeksmateTestCases.GeeksmateSearchPageTestCasesTest"/>
</testsuite> <!-- GeeksmateTestCases.GeeksmateSearchPageTestCasesTest -->
