<?xml version="1.0" encoding="UTF-8"?>
<!-- Generated by org.testng.reporters.JUnitReportReporter -->
<testsuite skipped="0" hostname="wittyfeed-Vostro-3558" name="GeeksmateTestCases.GeeksmateUserProfileTestCasesTest" tests="6" failures="0" timestamp="09 Jan 2019 07:08:44 GMT" time="24.053" errors="0">
  <testcase name="ClickAuthorName" time="23.882" classname="GeeksmateTestCases.GeeksmateUserProfileTestCasesTest"/>
  <testcase name="CheckBackgroundImage" time="0.050" classname="GeeksmateTestCases.GeeksmateUserProfileTestCasesTest"/>
  <testcase name="CheckAuthorName" time="0.023" classname="GeeksmateTestCases.GeeksmateUserProfileTestCasesTest"/>
  <testcase name="CheckAuthorImage" time="0.037" classname="GeeksmateTestCases.GeeksmateUserProfileTestCasesTest"/>
  <testcase name="CheckWriterName" time="0.023" classname="GeeksmateTestCases.GeeksmateUserProfileTestCasesTest"/>
  <testcase name="CheckEditor" time="0.038" classname="GeeksmateTestCases.GeeksmateUserProfileTestCasesTest"/>
</testsuite> <!-- GeeksmateTestCases.GeeksmateUserProfileTestCasesTest -->
