<?xml version="1.0" encoding="UTF-8"?>
<!-- Generated by org.testng.reporters.JUnitReportReporter -->
<testsuite skipped="0" hostname="wittyfeed-Vostro-3558" name="GeeksmateTestCases.CaptureAndParsingHarFileForPixPngGMTest" tests="32" failures="0" timestamp="07 Jan 2019 11:31:35 GMT" time="11.427" errors="0">
  <testcase name="OpenGoogleappsHar_analyzer" time="10.307" classname="GeeksmateTestCases.CaptureAndParsingHarFileForPixPngGMTest"/>
  <testcase name="CheckGMTValue" time="0.060" classname="GeeksmateTestCases.CaptureAndParsingHarFileForPixPngGMTest"/>
  <testcase name="Checkvisit_blockValue" time="0.060" classname="GeeksmateTestCases.CaptureAndParsingHarFileForPixPngGMTest"/>
  <testcase name="Checkcountry_codeValue" time="0.034" classname="GeeksmateTestCases.CaptureAndParsingHarFileForPixPngGMTest"/>
  <testcase name="Checklanguage_EnglishValue" time="0.031" classname="GeeksmateTestCases.CaptureAndParsingHarFileForPixPngGMTest"/>
  <testcase name="Checkcategory_peopleValue" time="0.048" classname="GeeksmateTestCases.CaptureAndParsingHarFileForPixPngGMTest"/>
  <testcase name="Checkwriter_nameValue" time="0.039" classname="GeeksmateTestCases.CaptureAndParsingHarFileForPixPngGMTest"/>
  <testcase name="Checkwriter_idValue" time="0.031" classname="GeeksmateTestCases.CaptureAndParsingHarFileForPixPngGMTest"/>
  <testcase name="Checkcategory_idValue" time="0.028" classname="GeeksmateTestCases.CaptureAndParsingHarFileForPixPngGMTest"/>
  <testcase name="Checkstory_idValue" time="0.028" classname="GeeksmateTestCases.CaptureAndParsingHarFileForPixPngGMTest"/>
  <testcase name="Checkgoogle_entitiesValue" time="0.029" classname="GeeksmateTestCases.CaptureAndParsingHarFileForPixPngGMTest"/>
  <testcase name="Checkpage_typeValue" time="0.030" classname="GeeksmateTestCases.CaptureAndParsingHarFileForPixPngGMTest"/>
  <testcase name="CheckcityValue" time="0.027" classname="GeeksmateTestCases.CaptureAndParsingHarFileForPixPngGMTest"/>
  <testcase name="Checkcountry_nameValue" time="0.028" classname="GeeksmateTestCases.CaptureAndParsingHarFileForPixPngGMTest"/>
  <testcase name="CheckfpValue" time="0.033" classname="GeeksmateTestCases.CaptureAndParsingHarFileForPixPngGMTest"/>
  <testcase name="Checkpage_urlValue" time="0.042" classname="GeeksmateTestCases.CaptureAndParsingHarFileForPixPngGMTest"/>
  <testcase name="Checkclient_ipValue" time="0.031" classname="GeeksmateTestCases.CaptureAndParsingHarFileForPixPngGMTest"/>
  <testcase name="Checkreferral_domainValue" time="0.034" classname="GeeksmateTestCases.CaptureAndParsingHarFileForPixPngGMTest"/>
  <testcase name="Checkdev_sourceValue" time="0.028" classname="GeeksmateTestCases.CaptureAndParsingHarFileForPixPngGMTest"/>
  <testcase name="CheckPBValue" time="0.028" classname="GeeksmateTestCases.CaptureAndParsingHarFileForPixPngGMTest"/>
  <testcase name="Checkstory_tagsValue" time="0.039" classname="GeeksmateTestCases.CaptureAndParsingHarFileForPixPngGMTest"/>
  <testcase name="Checkcurrent_blockValue" time="0.037" classname="GeeksmateTestCases.CaptureAndParsingHarFileForPixPngGMTest"/>
  <testcase name="Checktotal_blocksValue" time="0.034" classname="GeeksmateTestCases.CaptureAndParsingHarFileForPixPngGMTest"/>
  <testcase name="CheckdomainValue" time="0.029" classname="GeeksmateTestCases.CaptureAndParsingHarFileForPixPngGMTest"/>
  <testcase name="CheckadPartnerValue" time="0.026" classname="GeeksmateTestCases.CaptureAndParsingHarFileForPixPngGMTest"/>
  <testcase name="CheckadblockerValue" time="0.025" classname="GeeksmateTestCases.CaptureAndParsingHarFileForPixPngGMTest"/>
  <testcase name="CheckofcValue" time="0.026" classname="GeeksmateTestCases.CaptureAndParsingHarFileForPixPngGMTest"/>
  <testcase name="Checktotal_adsValue" time="0.053" classname="GeeksmateTestCases.CaptureAndParsingHarFileForPixPngGMTest"/>
  <testcase name="Checktree_idValue" time="0.042" classname="GeeksmateTestCases.CaptureAndParsingHarFileForPixPngGMTest"/>
  <testcase name="CheckussValue" time="0.050" classname="GeeksmateTestCases.CaptureAndParsingHarFileForPixPngGMTest"/>
  <testcase name="CheckpidValue" time="0.046" classname="GeeksmateTestCases.CaptureAndParsingHarFileForPixPngGMTest"/>
  <testcase name="Checkinit_story_idValue" time="0.044" classname="GeeksmateTestCases.CaptureAndParsingHarFileForPixPngGMTest"/>
</testsuite> <!-- GeeksmateTestCases.CaptureAndParsingHarFileForPixPngGMTest -->
