<?xml version="1.0" encoding="UTF-8"?>
<!-- Generated by org.testng.reporters.JUnitReportReporter -->
<testsuite skipped="0" hostname="wittyfeed-Vostro-3558" name="GeeksmateTestCases.GeeksmateHomePageTestcasesTest" tests="33" failures="0" timestamp="11 Jan 2019 11:08:21 GMT" time="37.429" errors="0">
  <testcase name="CheckSearchOption" time="20.819" classname="GeeksmateTestCases.GeeksmateHomePageTestcasesTest"/>
  <testcase name="CheckSiteLogo" time="0.014" classname="GeeksmateTestCases.GeeksmateHomePageTestcasesTest"/>
  <testcase name="CheckNewsCategories" time="0.012" classname="GeeksmateTestCases.GeeksmateHomePageTestcasesTest"/>
  <testcase name="CheckGadgetsCategories" time="5.015" classname="GeeksmateTestCases.GeeksmateHomePageTestcasesTest"/>
  <testcase name="CheckReviewsCategories" time="0.014" classname="GeeksmateTestCases.GeeksmateHomePageTestcasesTest"/>
  <testcase name="CheckBestProductsCategories" time="0.014" classname="GeeksmateTestCases.GeeksmateHomePageTestcasesTest"/>
  <testcase name="CheckInternetReadsCategories" time="0.011" classname="GeeksmateTestCases.GeeksmateHomePageTestcasesTest"/>
  <testcase name="CheckVideosCategories" time="0.012" classname="GeeksmateTestCases.GeeksmateHomePageTestcasesTest"/>
  <testcase name="CheckQuizCategories" time="0.023" classname="GeeksmateTestCases.GeeksmateHomePageTestcasesTest"/>
  <testcase name="CheckInstaLink" time="0.013" classname="GeeksmateTestCases.GeeksmateHomePageTestcasesTest"/>
  <testcase name="CheckTwitterLink" time="0.016" classname="GeeksmateTestCases.GeeksmateHomePageTestcasesTest"/>
  <testcase name="CheckFacebookLink" time="0.013" classname="GeeksmateTestCases.GeeksmateHomePageTestcasesTest"/>
  <testcase name="CheckYouTubeLink" time="0.013" classname="GeeksmateTestCases.GeeksmateHomePageTestcasesTest"/>
  <testcase name="CheckFeaturedPostImage" time="0.011" classname="GeeksmateTestCases.GeeksmateHomePageTestcasesTest"/>
  <testcase name="CheckFeaturedPostTitle" time="0.011" classname="GeeksmateTestCases.GeeksmateHomePageTestcasesTest"/>
  <testcase name="CheckFeaturedPostAuthor" time="0.011" classname="GeeksmateTestCases.GeeksmateHomePageTestcasesTest"/>
  <testcase name="CheckSecondPostImage" time="0.010" classname="GeeksmateTestCases.GeeksmateHomePageTestcasesTest"/>
  <testcase name="CheckSecondPostTitle" time="0.011" classname="GeeksmateTestCases.GeeksmateHomePageTestcasesTest"/>
  <testcase name="CheckSecondPostAuthor" time="0.011" classname="GeeksmateTestCases.GeeksmateHomePageTestcasesTest"/>
  <testcase name="CheckThirdPostImage" time="0.009" classname="GeeksmateTestCases.GeeksmateHomePageTestcasesTest"/>
  <testcase name="CheckThirdPostTitle" time="0.011" classname="GeeksmateTestCases.GeeksmateHomePageTestcasesTest"/>
  <testcase name="CheckThirdPostAuthor" time="0.010" classname="GeeksmateTestCases.GeeksmateHomePageTestcasesTest"/>
  <testcase name="CheckLatestStoryImage" time="1.042" classname="GeeksmateTestCases.GeeksmateHomePageTestcasesTest"/>
  <testcase name="CheckLatestStoryTitle" time="1.032" classname="GeeksmateTestCases.GeeksmateHomePageTestcasesTest"/>
  <testcase name="CheckLatestStoryAuthor" time="1.030" classname="GeeksmateTestCases.GeeksmateHomePageTestcasesTest"/>
  <testcase name="CheckGMVideo1" time="1.027" classname="GeeksmateTestCases.GeeksmateHomePageTestcasesTest"/>
  <testcase name="CheckGMVideo2" time="1.026" classname="GeeksmateTestCases.GeeksmateHomePageTestcasesTest"/>
  <testcase name="CheckQuizeFeedImage" time="1.026" classname="GeeksmateTestCases.GeeksmateHomePageTestcasesTest"/>
  <testcase name="CheckQuizefeedTitle" time="1.033" classname="GeeksmateTestCases.GeeksmateHomePageTestcasesTest"/>
  <testcase name="CheckQuizeFeedAuthor" time="1.035" classname="GeeksmateTestCases.GeeksmateHomePageTestcasesTest"/>
  <testcase name="CheckEatSleepReadReaptImage" time="1.028" classname="GeeksmateTestCases.GeeksmateHomePageTestcasesTest"/>
  <testcase name="CheckEatSleepReadReaptTitle" time="1.036" classname="GeeksmateTestCases.GeeksmateHomePageTestcasesTest"/>
  <testcase name="CheckEatSleepReadReaptAuthor" time="1.030" classname="GeeksmateTestCases.GeeksmateHomePageTestcasesTest"/>
</testsuite> <!-- GeeksmateTestCases.GeeksmateHomePageTestcasesTest -->
