<?xml version="1.0" encoding="UTF-8"?>
<!-- Generated by org.testng.reporters.JUnitReportReporter -->
<testsuite hostname="wittyfeed-Vostro-3558" name="test.WittyTagstestcasesTest" tests="2" failures="0" timestamp="18 Dec 2018 06:48:26 GMT" time="5.114" errors="0">
  <testcase name="CheckSearchOption" time="5.094" classname="test.WittyTagstestcasesTest"/>
  <testcase name="CheckSearchTags" time="0.020" classname="test.WittyTagstestcasesTest"/>
</testsuite>
