<?xml version="1.0" encoding="UTF-8"?>
<!-- Generated by org.testng.reporters.JUnitReportReporter -->
<testsuite hostname="wittyfeed-Vostro-3558" name="PoppleTestCases.FooterOptionTestCasesTest" tests="9" failures="0" timestamp="24 Dec 2018 13:12:38 GMT" time="19.028" errors="0">
  <testcase name="ClickHamburgerMenu" time="2.029" classname="PoppleTestCases.FooterOptionTestCasesTest"/>
  <testcase name="CheckTermsOfUsePage" time="5.785" classname="PoppleTestCases.FooterOptionTestCasesTest"/>
  <testcase name="CheckAbutUsLink" time="0.049" classname="PoppleTestCases.FooterOptionTestCasesTest"/>
  <testcase name="CheckCantactUsLink" time="0.050" classname="PoppleTestCases.FooterOptionTestCasesTest"/>
  <testcase name="CheckPrivacyPolicyLink" time="0.035" classname="PoppleTestCases.FooterOptionTestCasesTest"/>
  <testcase name="CheckPrivacyPolicyPage" time="5.214" classname="PoppleTestCases.FooterOptionTestCasesTest"/>
  <testcase name="CheckTermsOfUseLink" time="0.041" classname="PoppleTestCases.FooterOptionTestCasesTest"/>
  <testcase name="CheckCantactUsPage" time="0.027" classname="PoppleTestCases.FooterOptionTestCasesTest"/>
  <testcase name="CheckAbutUsPage" time="5.798" classname="PoppleTestCases.FooterOptionTestCasesTest"/>
</testsuite>
