<?xml version="1.0" encoding="UTF-8"?>
<!-- Generated by org.testng.reporters.JUnitReportReporter -->
<testsuite hostname="wittyfeed-Vostro-3558" name="PoppleTestCases.TagstestcasesTest" tests="2" failures="0" timestamp="24 Dec 2018 13:12:38 GMT" time="7.012" errors="0">
  <testcase name="CheckSearchOption" time="6.980" classname="PoppleTestCases.TagstestcasesTest"/>
  <testcase name="CheckSearchTags" time="0.032" classname="PoppleTestCases.TagstestcasesTest"/>
</testsuite>
