<?xml version="1.0" encoding="UTF-8"?>
<!-- Generated by org.testng.reporters.JUnitReportReporter -->
<testsuite hostname="wittyfeed-Vostro-3558" name="PoppleTestCases.SearchPageTestCasesTest" tests="4" failures="0" timestamp="24 Dec 2018 13:12:38 GMT" time="54.297" errors="0">
  <testcase name="ClickSearchOption" time="54.180" classname="PoppleTestCases.SearchPageTestCasesTest"/>
  <testcase name="CheckSearchedStoryTitle" time="0.043" classname="PoppleTestCases.SearchPageTestCasesTest"/>
  <testcase name="CheckSearchedStoryImage" time="0.036" classname="PoppleTestCases.SearchPageTestCasesTest"/>
  <testcase name="CheckSearchHeader" time="0.038" classname="PoppleTestCases.SearchPageTestCasesTest"/>
</testsuite>
