<?xml version="1.0" encoding="UTF-8"?>
<!-- Generated by org.testng.reporters.JUnitReportReporter -->
<testsuite hostname="wittyfeed-Vostro-3558" name="PoppleTestCases.CatagoriesPageTestCasesTest" tests="11" failures="0" timestamp="24 Dec 2018 13:12:38 GMT" time="61.096" errors="0">
  <testcase name="CheckPeoplePage" time="5.375" classname="PoppleTestCases.CatagoriesPageTestCasesTest"/>
  <testcase name="CheckPopularPage" time="7.665" classname="PoppleTestCases.CatagoriesPageTestCasesTest"/>
  <testcase name="CheckVideoPage" time="11.959" classname="PoppleTestCases.CatagoriesPageTestCasesTest"/>
  <testcase name="CheckPositiveCata" time="1.122" classname="PoppleTestCases.CatagoriesPageTestCasesTest"/>
  <testcase name="CheckQuizLink" time="1.127" classname="PoppleTestCases.CatagoriesPageTestCasesTest"/>
  <testcase name="CheckPopularCata" time="1.086" classname="PoppleTestCases.CatagoriesPageTestCasesTest"/>
  <testcase name="CheckPositivePage" time="6.360" classname="PoppleTestCases.CatagoriesPageTestCasesTest"/>
  <testcase name="CheckpeopleCata" time="1.105" classname="PoppleTestCases.CatagoriesPageTestCasesTest"/>
  <testcase name="CheckQuizPage" time="6.370" classname="PoppleTestCases.CatagoriesPageTestCasesTest"/>
  <testcase name="CheckVideoLink" time="1.121" classname="PoppleTestCases.CatagoriesPageTestCasesTest"/>
  <testcase name="ClickHamburgerMenu" time="17.806" classname="PoppleTestCases.CatagoriesPageTestCasesTest"/>
</testsuite>
