<?xml version="1.0" encoding="UTF-8"?>
<!-- Generated by org.testng.reporters.JUnitReportReporter -->
<testsuite hostname="wittyfeed-Vostro-3558" name="PoppleTestCases.UserProfileTestCasesTest" tests="9" failures="0" timestamp="24 Dec 2018 13:12:38 GMT" time="20.596" errors="0">
  <testcase name="CheckAuthorImage" time="0.026" classname="PoppleTestCases.UserProfileTestCasesTest"/>
  <testcase name="CheckAuthorName" time="0.031" classname="PoppleTestCases.UserProfileTestCasesTest"/>
  <testcase name="CheckDontMissThisStory" time="0.019" classname="PoppleTestCases.UserProfileTestCasesTest"/>
  <testcase name="ClickAuthorName" time="20.409" classname="PoppleTestCases.UserProfileTestCasesTest"/>
  <testcase name="CheckEditor" time="0.025" classname="PoppleTestCases.UserProfileTestCasesTest"/>
  <testcase name="CheckBackgroundImage" time="0.024" classname="PoppleTestCases.UserProfileTestCasesTest"/>
  <testcase name="CheckProfileDesc" time="0.026" classname="PoppleTestCases.UserProfileTestCasesTest"/>
  <testcase name="CheckWriterName" time="0.018" classname="PoppleTestCases.UserProfileTestCasesTest"/>
  <testcase name="LatestStories" time="0.018" classname="PoppleTestCases.UserProfileTestCasesTest"/>
</testsuite>
