<?xml version="1.0" encoding="UTF-8"?>
<!-- Generated by org.testng.reporters.JUnitReportReporter -->
<testsuite hostname="wittyfeed-Vostro-3558" name="PoppleTestCases.StoryPageTestCasesTest" tests="9" failures="0" timestamp="24 Dec 2018 13:12:38 GMT" time="45.325" errors="0">
  <testcase name="CheckAdvertisementFrame" time="0.069" classname="PoppleTestCases.StoryPageTestCasesTest"/>
  <testcase name="CheckStoryShares" time="1.120" classname="PoppleTestCases.StoryPageTestCasesTest"/>
  <testcase name="CheckStoryDesc" time="1.127" classname="PoppleTestCases.StoryPageTestCasesTest"/>
  <testcase name="CheckStoryContent" time="1.115" classname="PoppleTestCases.StoryPageTestCasesTest"/>
  <testcase name="CheckStoryShareOptions" time="1.282" classname="PoppleTestCases.StoryPageTestCasesTest"/>
  <testcase name="OpenStoryPage" time="37.884" classname="PoppleTestCases.StoryPageTestCasesTest"/>
  <testcase name="CheckStoryAuthor" time="1.257" classname="PoppleTestCases.StoryPageTestCasesTest"/>
  <testcase name="CheckStoryFirstImage" time="0.053" classname="PoppleTestCases.StoryPageTestCasesTest"/>
  <testcase name="CheckStoryTitle" time="1.418" classname="PoppleTestCases.StoryPageTestCasesTest"/>
</testsuite>
