<?xml version="1.0" encoding="UTF-8"?>
<!-- Generated by org.testng.reporters.JUnitReportReporter -->
<testsuite skipped="0" hostname="wittyfeed-Vostro-3558" name="DuniadigestTestCases.seleniumeasyHARExample" tests="1" failures="0" timestamp="02 Jan 2019 14:35:22 GMT" time="0.013" errors="0">
  <testcase name="testCaseOne" time="0.013" classname="DuniadigestTestCases.seleniumeasyHARExample"/>
</testsuite> <!-- DuniadigestTestCases.seleniumeasyHARExample -->
