<?xml version="1.0" encoding="UTF-8"?>
<!-- Generated by org.testng.reporters.JUnitReportReporter -->
<testsuite skipped="0" hostname="wittyfeed-Vostro-3558" name="OnefeedTestCases.OneFeedSearchPageTestCasesTest" tests="3" failures="0" timestamp="11 Jan 2019 11:36:38 GMT" time="13.759" errors="0">
  <testcase name="ClickSearchOption" time="13.441" classname="OnefeedTestCases.OneFeedSearchPageTestCasesTest"/>
  <testcase name="CheckSearchedStoryImage" time="0.295" classname="OnefeedTestCases.OneFeedSearchPageTestCasesTest"/>
  <testcase name="CheckSearchedStoryTitle" time="0.023" classname="OnefeedTestCases.OneFeedSearchPageTestCasesTest"/>
</testsuite> <!-- OnefeedTestCases.OneFeedSearchPageTestCasesTest -->
