<?xml version="1.0" encoding="UTF-8"?>
<!-- Generated by org.testng.reporters.JUnitReportReporter -->
<testsuite skipped="0" hostname="wittyfeed-Vostro-3558" name="DuniadigestTestCases.DuniadigestHomePageTestcasesTest" tests="33" failures="0" timestamp="09 Jan 2019 11:30:02 GMT" time="42.097" errors="0">
  <testcase name="CheckSearchOption" time="25.455" classname="DuniadigestTestCases.DuniadigestHomePageTestcasesTest"/>
  <testcase name="CheckSiteLogo" time="0.017" classname="DuniadigestTestCases.DuniadigestHomePageTestcasesTest"/>
  <testcase name="CheckNewsDigestCategories" time="0.014" classname="DuniadigestTestCases.DuniadigestHomePageTestcasesTest"/>
  <testcase name="CheckLifeCategories" time="5.015" classname="DuniadigestTestCases.DuniadigestHomePageTestcasesTest"/>
  <testcase name="CheckFilmyDuniaCategories" time="0.018" classname="DuniadigestTestCases.DuniadigestHomePageTestcasesTest"/>
  <testcase name="CheckDharamParCharchaCategories" time="0.020" classname="DuniadigestTestCases.DuniadigestHomePageTestcasesTest"/>
  <testcase name="CheckMultiMediaCategories" time="0.014" classname="DuniadigestTestCases.DuniadigestHomePageTestcasesTest"/>
  <testcase name="CheckMathaPachiCategories" time="0.011" classname="DuniadigestTestCases.DuniadigestHomePageTestcasesTest"/>
  <testcase name="CheckKhelKhiladiCategories" time="0.024" classname="DuniadigestTestCases.DuniadigestHomePageTestcasesTest"/>
  <testcase name="CheckInstaLink" time="0.015" classname="DuniadigestTestCases.DuniadigestHomePageTestcasesTest"/>
  <testcase name="CheckTwitterLink" time="0.017" classname="DuniadigestTestCases.DuniadigestHomePageTestcasesTest"/>
  <testcase name="CheckFacebookLink" time="0.014" classname="DuniadigestTestCases.DuniadigestHomePageTestcasesTest"/>
  <testcase name="CheckYouTubeLink" time="0.013" classname="DuniadigestTestCases.DuniadigestHomePageTestcasesTest"/>
  <testcase name="CheckFeaturedPostImage" time="0.011" classname="DuniadigestTestCases.DuniadigestHomePageTestcasesTest"/>
  <testcase name="CheckFeaturedPostTitle" time="0.011" classname="DuniadigestTestCases.DuniadigestHomePageTestcasesTest"/>
  <testcase name="CheckFeaturedPostAuthor" time="0.011" classname="DuniadigestTestCases.DuniadigestHomePageTestcasesTest"/>
  <testcase name="CheckSecondPostImage" time="0.010" classname="DuniadigestTestCases.DuniadigestHomePageTestcasesTest"/>
  <testcase name="CheckSecondPostTitle" time="0.010" classname="DuniadigestTestCases.DuniadigestHomePageTestcasesTest"/>
  <testcase name="CheckSecondPostAuthor" time="0.012" classname="DuniadigestTestCases.DuniadigestHomePageTestcasesTest"/>
  <testcase name="CheckThirdPostImage" time="0.011" classname="DuniadigestTestCases.DuniadigestHomePageTestcasesTest"/>
  <testcase name="CheckThirdPostTitle" time="0.012" classname="DuniadigestTestCases.DuniadigestHomePageTestcasesTest"/>
  <testcase name="CheckThirdPostAuthor" time="0.011" classname="DuniadigestTestCases.DuniadigestHomePageTestcasesTest"/>
  <testcase name="CheckLatestStoryImage" time="1.032" classname="DuniadigestTestCases.DuniadigestHomePageTestcasesTest"/>
  <testcase name="CheckLatestStoryTitle" time="1.032" classname="DuniadigestTestCases.DuniadigestHomePageTestcasesTest"/>
  <testcase name="CheckLatestStoryAuthor" time="1.031" classname="DuniadigestTestCases.DuniadigestHomePageTestcasesTest"/>
  <testcase name="CheckDDVideo1" time="1.027" classname="DuniadigestTestCases.DuniadigestHomePageTestcasesTest"/>
  <testcase name="CheckDDVideo2" time="1.027" classname="DuniadigestTestCases.DuniadigestHomePageTestcasesTest"/>
  <testcase name="CheckQuizeFeedImage" time="1.030" classname="DuniadigestTestCases.DuniadigestHomePageTestcasesTest"/>
  <testcase name="CheckQuizefeedTitle" time="1.032" classname="DuniadigestTestCases.DuniadigestHomePageTestcasesTest"/>
  <testcase name="CheckQuizeFeedAuthor" time="1.036" classname="DuniadigestTestCases.DuniadigestHomePageTestcasesTest"/>
  <testcase name="CheckEatSleepReadReaptImage" time="1.032" classname="DuniadigestTestCases.DuniadigestHomePageTestcasesTest"/>
  <testcase name="CheckEatSleepReadReaptTitle" time="1.029" classname="DuniadigestTestCases.DuniadigestHomePageTestcasesTest"/>
  <testcase name="CheckEatSleepReadReaptAuthor" time="1.043" classname="DuniadigestTestCases.DuniadigestHomePageTestcasesTest"/>
</testsuite> <!-- DuniadigestTestCases.DuniadigestHomePageTestcasesTest -->
