<?xml version="1.0" encoding="UTF-8"?>
<!-- Generated by org.testng.reporters.JUnitReportReporter -->
<testsuite skipped="0" hostname="wittyfeed-Vostro-3558" name="DuniadigestTestCases.DuniadigestStoryPageTestCasesTest" tests="7" failures="0" timestamp="28 Dec 2018 07:47:42 GMT" time="57.531" errors="0">
  <testcase name="OpenStoryPage" time="51.034" classname="DuniadigestTestCases.DuniadigestStoryPageTestCasesTest"/>
  <testcase name="CheckStoryAuthor" time="1.067" classname="DuniadigestTestCases.DuniadigestStoryPageTestCasesTest"/>
  <testcase name="CheckStoryTitle" time="1.145" classname="DuniadigestTestCases.DuniadigestStoryPageTestCasesTest"/>
  <testcase name="CheckStoryDesc" time="1.038" classname="DuniadigestTestCases.DuniadigestStoryPageTestCasesTest"/>
  <testcase name="CheckStoryShares" time="1.122" classname="DuniadigestTestCases.DuniadigestStoryPageTestCasesTest"/>
  <testcase name="CheckStoryShareOptions" time="1.096" classname="DuniadigestTestCases.DuniadigestStoryPageTestCasesTest"/>
  <testcase name="CheckStoryContent" time="1.029" classname="DuniadigestTestCases.DuniadigestStoryPageTestCasesTest"/>
</testsuite> <!-- DuniadigestTestCases.DuniadigestStoryPageTestCasesTest -->
