<?xml version="1.0" encoding="UTF-8"?>
<!-- Generated by org.testng.reporters.JUnitReportReporter -->
<testsuite skipped="0" hostname="wittyfeed-Vostro-3558" name="test.CaptureAndParsingHarFileForPixPngTest" tests="32" failures="0" timestamp="18 Dec 2018 06:51:30 GMT" time="9.498" errors="0">
  <testcase name="OpenGoogleappsHar_analyzer" time="7.684" classname="test.CaptureAndParsingHarFileForPixPngTest"/>
  <testcase name="CheckGMTValue" time="0.102" classname="test.CaptureAndParsingHarFileForPixPngTest"/>
  <testcase name="Checkvisit_blockValue" time="0.061" classname="test.CaptureAndParsingHarFileForPixPngTest"/>
  <testcase name="Checkcountry_codeValue" time="0.084" classname="test.CaptureAndParsingHarFileForPixPngTest"/>
  <testcase name="Checklanguage_EnglishValue" time="0.060" classname="test.CaptureAndParsingHarFileForPixPngTest"/>
  <testcase name="Checkcategory_peopleValue" time="0.052" classname="test.CaptureAndParsingHarFileForPixPngTest"/>
  <testcase name="Checkwriter_nameValue" time="0.050" classname="test.CaptureAndParsingHarFileForPixPngTest"/>
  <testcase name="Checkwriter_idValue" time="0.053" classname="test.CaptureAndParsingHarFileForPixPngTest"/>
  <testcase name="Checkcategory_idValue" time="0.049" classname="test.CaptureAndParsingHarFileForPixPngTest"/>
  <testcase name="Checkstory_idValue" time="0.056" classname="test.CaptureAndParsingHarFileForPixPngTest"/>
  <testcase name="Checkgoogle_entitiesValue" time="0.053" classname="test.CaptureAndParsingHarFileForPixPngTest"/>
  <testcase name="Checkpage_typeValue" time="0.054" classname="test.CaptureAndParsingHarFileForPixPngTest"/>
  <testcase name="CheckcityValue" time="0.052" classname="test.CaptureAndParsingHarFileForPixPngTest"/>
  <testcase name="Checkcountry_nameValue" time="0.052" classname="test.CaptureAndParsingHarFileForPixPngTest"/>
  <testcase name="CheckfpValue" time="0.050" classname="test.CaptureAndParsingHarFileForPixPngTest"/>
  <testcase name="Checkpage_urlValue" time="0.048" classname="test.CaptureAndParsingHarFileForPixPngTest"/>
  <testcase name="Checkclient_ipValue" time="0.055" classname="test.CaptureAndParsingHarFileForPixPngTest"/>
  <testcase name="Checkreferral_domainValue" time="0.051" classname="test.CaptureAndParsingHarFileForPixPngTest"/>
  <testcase name="Checkdev_sourceValue" time="0.058" classname="test.CaptureAndParsingHarFileForPixPngTest"/>
  <testcase name="CheckPBValue" time="0.053" classname="test.CaptureAndParsingHarFileForPixPngTest"/>
  <testcase name="Checkstory_tagsValue" time="0.069" classname="test.CaptureAndParsingHarFileForPixPngTest"/>
  <testcase name="Checkcurrent_blockValue" time="0.059" classname="test.CaptureAndParsingHarFileForPixPngTest"/>
  <testcase name="Checktotal_blocksValue" time="0.052" classname="test.CaptureAndParsingHarFileForPixPngTest"/>
  <testcase name="CheckdomainValue" time="0.049" classname="test.CaptureAndParsingHarFileForPixPngTest"/>
  <testcase name="CheckadPartnerValue" time="0.048" classname="test.CaptureAndParsingHarFileForPixPngTest"/>
  <testcase name="CheckadblockerValue" time="0.067" classname="test.CaptureAndParsingHarFileForPixPngTest"/>
  <testcase name="CheckofcValue" time="0.055" classname="test.CaptureAndParsingHarFileForPixPngTest"/>
  <testcase name="Checktotal_adsValue" time="0.063" classname="test.CaptureAndParsingHarFileForPixPngTest"/>
  <testcase name="Checktree_idValue" time="0.069" classname="test.CaptureAndParsingHarFileForPixPngTest"/>
  <testcase name="CheckussValue" time="0.069" classname="test.CaptureAndParsingHarFileForPixPngTest"/>
  <testcase name="CheckpidValue" time="0.056" classname="test.CaptureAndParsingHarFileForPixPngTest"/>
  <testcase name="Checkinit_story_idValue" time="0.065" classname="test.CaptureAndParsingHarFileForPixPngTest"/>
</testsuite> <!-- test.CaptureAndParsingHarFileForPixPngTest -->
