<?xml version="1.0" encoding="UTF-8"?>
<!-- Generated by org.testng.reporters.JUnitReportReporter -->
<testsuite skipped="0" hostname="wittyfeed-Vostro-3558" name="OnefeedTestCases.OneFeedStoryPageTestCasesTest" tests="7" failures="0" timestamp="11 Jan 2019 11:20:22 GMT" time="28.114" errors="0">
  <testcase name="OpenStoryPage" time="21.267" classname="OnefeedTestCases.OneFeedStoryPageTestCasesTest"/>
  <testcase name="CheckStoryAuthor" time="1.062" classname="OnefeedTestCases.OneFeedStoryPageTestCasesTest"/>
  <testcase name="CheckStoryTitle" time="1.089" classname="OnefeedTestCases.OneFeedStoryPageTestCasesTest"/>
  <testcase name="CheckStoryDesc" time="1.038" classname="OnefeedTestCases.OneFeedStoryPageTestCasesTest"/>
  <testcase name="CheckStoryShares" time="1.026" classname="OnefeedTestCases.OneFeedStoryPageTestCasesTest"/>
  <testcase name="CheckStoryShareOptions" time="1.066" classname="OnefeedTestCases.OneFeedStoryPageTestCasesTest"/>
  <testcase name="CheckStoryContent" time="1.566" classname="OnefeedTestCases.OneFeedStoryPageTestCasesTest"/>
</testsuite> <!-- OnefeedTestCases.OneFeedStoryPageTestCasesTest -->
