<?xml version="1.0" encoding="UTF-8"?>
<!-- Generated by org.testng.reporters.JUnitReportReporter -->
<testsuite skipped="0" hostname="wittyfeed-Vostro-3558" name="OnefeedTestCases.OneFeedUserProfileTestCasesTest" tests="6" failures="0" timestamp="11 Jan 2019 11:29:11 GMT" time="14.421" errors="0">
  <testcase name="ClickAuthorName" time="14.307" classname="OnefeedTestCases.OneFeedUserProfileTestCasesTest"/>
  <testcase name="CheckBackgroundImage" time="0.030" classname="OnefeedTestCases.OneFeedUserProfileTestCasesTest"/>
  <testcase name="CheckAuthorName" time="0.020" classname="OnefeedTestCases.OneFeedUserProfileTestCasesTest"/>
  <testcase name="CheckAuthorImage" time="0.021" classname="OnefeedTestCases.OneFeedUserProfileTestCasesTest"/>
  <testcase name="CheckWriterName" time="0.017" classname="OnefeedTestCases.OneFeedUserProfileTestCasesTest"/>
  <testcase name="CheckEditor" time="0.026" classname="OnefeedTestCases.OneFeedUserProfileTestCasesTest"/>
</testsuite> <!-- OnefeedTestCases.OneFeedUserProfileTestCasesTest -->
