<?xml version="1.0" encoding="UTF-8"?>
<!-- Generated by org.testng.reporters.JUnitReportReporter -->
<testsuite skipped="0" hostname="wittyfeed-Vostro-3558" name="OnefeedTestCases.OnefeedHomePageTestcasesTest" tests="28" failures="0" timestamp="11 Jan 2019 06:56:06 GMT" time="33.085" errors="0">
  <testcase name="CheckSearchOption" time="21.615" classname="OnefeedTestCases.OnefeedHomePageTestcasesTest"/>
  <testcase name="CheckSiteLogo" time="0.019" classname="OnefeedTestCases.OnefeedHomePageTestcasesTest"/>
  <testcase name="CheckNewsDigestCategories" time="0.016" classname="OnefeedTestCases.OnefeedHomePageTestcasesTest"/>
  <testcase name="CheckLifeCategories" time="5.014" classname="OnefeedTestCases.OnefeedHomePageTestcasesTest"/>
  <testcase name="CheckFilmyDuniaCategories" time="0.028" classname="OnefeedTestCases.OnefeedHomePageTestcasesTest"/>
  <testcase name="CheckDharamParCharchaCategories" time="0.014" classname="OnefeedTestCases.OnefeedHomePageTestcasesTest"/>
  <testcase name="CheckMultiMediaCategories" time="0.012" classname="OnefeedTestCases.OnefeedHomePageTestcasesTest"/>
  <testcase name="CheckMathaPachiCategories" time="0.020" classname="OnefeedTestCases.OnefeedHomePageTestcasesTest"/>
  <testcase name="CheckKhelKhiladiCategories" time="0.013" classname="OnefeedTestCases.OnefeedHomePageTestcasesTest"/>
  <testcase name="CheckInstaLink" time="0.015" classname="OnefeedTestCases.OnefeedHomePageTestcasesTest"/>
  <testcase name="CheckTwitterLink" time="0.016" classname="OnefeedTestCases.OnefeedHomePageTestcasesTest"/>
  <testcase name="CheckFacebookLink" time="0.011" classname="OnefeedTestCases.OnefeedHomePageTestcasesTest"/>
  <testcase name="CheckYouTubeLink" time="0.010" classname="OnefeedTestCases.OnefeedHomePageTestcasesTest"/>
  <testcase name="CheckFeaturedPostImage" time="0.011" classname="OnefeedTestCases.OnefeedHomePageTestcasesTest"/>
  <testcase name="CheckFeaturedPostTitle" time="0.015" classname="OnefeedTestCases.OnefeedHomePageTestcasesTest"/>
  <testcase name="CheckFeaturedPostAuthor" time="0.011" classname="OnefeedTestCases.OnefeedHomePageTestcasesTest"/>
  <testcase name="CheckSecondPostImage" time="0.013" classname="OnefeedTestCases.OnefeedHomePageTestcasesTest"/>
  <testcase name="CheckSecondPostTitle" time="0.010" classname="OnefeedTestCases.OnefeedHomePageTestcasesTest"/>
  <testcase name="CheckSecondPostAuthor" time="0.011" classname="OnefeedTestCases.OnefeedHomePageTestcasesTest"/>
  <testcase name="CheckThirdPostImage" time="0.010" classname="OnefeedTestCases.OnefeedHomePageTestcasesTest"/>
  <testcase name="CheckThirdPostTitle" time="0.013" classname="OnefeedTestCases.OnefeedHomePageTestcasesTest"/>
  <testcase name="CheckThirdPostAuthor" time="0.012" classname="OnefeedTestCases.OnefeedHomePageTestcasesTest"/>
  <testcase name="CheckLatestStoryImage" time="1.034" classname="OnefeedTestCases.OnefeedHomePageTestcasesTest"/>
  <testcase name="CheckLatestStoryTitle" time="1.026" classname="OnefeedTestCases.OnefeedHomePageTestcasesTest"/>
  <testcase name="CheckLatestStoryAuthor" time="1.030" classname="OnefeedTestCases.OnefeedHomePageTestcasesTest"/>
  <testcase name="CheckEatSleepReadReaptImage" time="1.031" classname="OnefeedTestCases.OnefeedHomePageTestcasesTest"/>
  <testcase name="CheckEatSleepReadReaptTitle" time="1.029" classname="OnefeedTestCases.OnefeedHomePageTestcasesTest"/>
  <testcase name="CheckEatSleepReadReaptAuthor" time="1.026" classname="OnefeedTestCases.OnefeedHomePageTestcasesTest"/>
</testsuite> <!-- OnefeedTestCases.OnefeedHomePageTestcasesTest -->
