<?xml version="1.0" encoding="UTF-8"?>
<!-- Generated by org.testng.reporters.JUnitReportReporter -->
<testsuite skipped="0" hostname="wittyfeed-Vostro-3558" name="WittyFeedTestCases.WittyFeedUserProfileTestCasesTest" tests="9" failures="0" timestamp="21 Dec 2018 10:53:17 GMT" time="16.978" errors="0">
  <testcase name="ClickAuthorName" time="16.662" classname="WittyFeedTestCases.WittyFeedUserProfileTestCasesTest"/>
  <testcase name="CheckBackgroundImage" time="0.046" classname="WittyFeedTestCases.WittyFeedUserProfileTestCasesTest"/>
  <testcase name="CheckAuthorName" time="0.048" classname="WittyFeedTestCases.WittyFeedUserProfileTestCasesTest"/>
  <testcase name="CheckAuthorImage" time="0.039" classname="WittyFeedTestCases.WittyFeedUserProfileTestCasesTest"/>
  <testcase name="CheckWriterName" time="0.032" classname="WittyFeedTestCases.WittyFeedUserProfileTestCasesTest"/>
  <testcase name="CheckEditor" time="0.050" classname="WittyFeedTestCases.WittyFeedUserProfileTestCasesTest"/>
  <testcase name="CheckProfileDesc" time="0.057" classname="WittyFeedTestCases.WittyFeedUserProfileTestCasesTest"/>
  <testcase name="CheckDontMissThisStory" time="0.022" classname="WittyFeedTestCases.WittyFeedUserProfileTestCasesTest"/>
  <testcase name="LatestStories" time="0.022" classname="WittyFeedTestCases.WittyFeedUserProfileTestCasesTest"/>
</testsuite> <!-- WittyFeedTestCases.WittyFeedUserProfileTestCasesTest -->
