<?xml version="1.0" encoding="UTF-8"?>
<!-- Generated by org.testng.reporters.JUnitReportReporter -->
<testsuite skipped="0" hostname="wittyfeed-Vostro-3558" name="WittyFeedTestCases.CaptureAndParsingHarFileForPixPngWFTest" tests="32" failures="0" timestamp="07 Jan 2019 11:10:10 GMT" time="11.035" errors="0">
  <testcase name="OpenGoogleappsHar_analyzer" time="10.011" classname="WittyFeedTestCases.CaptureAndParsingHarFileForPixPngWFTest"/>
  <testcase name="CheckGMTValue" time="0.044" classname="WittyFeedTestCases.CaptureAndParsingHarFileForPixPngWFTest"/>
  <testcase name="Checkvisit_blockValue" time="0.044" classname="WittyFeedTestCases.CaptureAndParsingHarFileForPixPngWFTest"/>
  <testcase name="Checkcountry_codeValue" time="0.029" classname="WittyFeedTestCases.CaptureAndParsingHarFileForPixPngWFTest"/>
  <testcase name="Checklanguage_EnglishValue" time="0.028" classname="WittyFeedTestCases.CaptureAndParsingHarFileForPixPngWFTest"/>
  <testcase name="Checkcategory_peopleValue" time="0.035" classname="WittyFeedTestCases.CaptureAndParsingHarFileForPixPngWFTest"/>
  <testcase name="Checkwriter_nameValue" time="0.034" classname="WittyFeedTestCases.CaptureAndParsingHarFileForPixPngWFTest"/>
  <testcase name="Checkwriter_idValue" time="0.033" classname="WittyFeedTestCases.CaptureAndParsingHarFileForPixPngWFTest"/>
  <testcase name="Checkcategory_idValue" time="0.029" classname="WittyFeedTestCases.CaptureAndParsingHarFileForPixPngWFTest"/>
  <testcase name="Checkstory_idValue" time="0.028" classname="WittyFeedTestCases.CaptureAndParsingHarFileForPixPngWFTest"/>
  <testcase name="Checkgoogle_entitiesValue" time="0.034" classname="WittyFeedTestCases.CaptureAndParsingHarFileForPixPngWFTest"/>
  <testcase name="Checkpage_typeValue" time="0.035" classname="WittyFeedTestCases.CaptureAndParsingHarFileForPixPngWFTest"/>
  <testcase name="CheckcityValue" time="0.037" classname="WittyFeedTestCases.CaptureAndParsingHarFileForPixPngWFTest"/>
  <testcase name="Checkcountry_nameValue" time="0.030" classname="WittyFeedTestCases.CaptureAndParsingHarFileForPixPngWFTest"/>
  <testcase name="CheckfpValue" time="0.025" classname="WittyFeedTestCases.CaptureAndParsingHarFileForPixPngWFTest"/>
  <testcase name="Checkpage_urlValue" time="0.024" classname="WittyFeedTestCases.CaptureAndParsingHarFileForPixPngWFTest"/>
  <testcase name="Checkclient_ipValue" time="0.027" classname="WittyFeedTestCases.CaptureAndParsingHarFileForPixPngWFTest"/>
  <testcase name="Checkreferral_domainValue" time="0.028" classname="WittyFeedTestCases.CaptureAndParsingHarFileForPixPngWFTest"/>
  <testcase name="Checkdev_sourceValue" time="0.050" classname="WittyFeedTestCases.CaptureAndParsingHarFileForPixPngWFTest"/>
  <testcase name="CheckPBValue" time="0.026" classname="WittyFeedTestCases.CaptureAndParsingHarFileForPixPngWFTest"/>
  <testcase name="Checkstory_tagsValue" time="0.024" classname="WittyFeedTestCases.CaptureAndParsingHarFileForPixPngWFTest"/>
  <testcase name="Checkcurrent_blockValue" time="0.027" classname="WittyFeedTestCases.CaptureAndParsingHarFileForPixPngWFTest"/>
  <testcase name="Checktotal_blocksValue" time="0.023" classname="WittyFeedTestCases.CaptureAndParsingHarFileForPixPngWFTest"/>
  <testcase name="CheckdomainValue" time="0.025" classname="WittyFeedTestCases.CaptureAndParsingHarFileForPixPngWFTest"/>
  <testcase name="CheckadPartnerValue" time="0.026" classname="WittyFeedTestCases.CaptureAndParsingHarFileForPixPngWFTest"/>
  <testcase name="CheckadblockerValue" time="0.025" classname="WittyFeedTestCases.CaptureAndParsingHarFileForPixPngWFTest"/>
  <testcase name="CheckofcValue" time="0.025" classname="WittyFeedTestCases.CaptureAndParsingHarFileForPixPngWFTest"/>
  <testcase name="Checktotal_adsValue" time="0.031" classname="WittyFeedTestCases.CaptureAndParsingHarFileForPixPngWFTest"/>
  <testcase name="Checktree_idValue" time="0.043" classname="WittyFeedTestCases.CaptureAndParsingHarFileForPixPngWFTest"/>
  <testcase name="CheckussValue" time="0.061" classname="WittyFeedTestCases.CaptureAndParsingHarFileForPixPngWFTest"/>
  <testcase name="CheckpidValue" time="0.050" classname="WittyFeedTestCases.CaptureAndParsingHarFileForPixPngWFTest"/>
  <testcase name="Checkinit_story_idValue" time="0.044" classname="WittyFeedTestCases.CaptureAndParsingHarFileForPixPngWFTest"/>
</testsuite> <!-- WittyFeedTestCases.CaptureAndParsingHarFileForPixPngWFTest -->
