<?xml version="1.0" encoding="UTF-8"?>
<!-- Generated by org.testng.reporters.JUnitReportReporter -->
<testsuite skipped="34" hostname="wittyfeed-Vostro-3558" name="WittyFeedTestCases.WittyFeedHomePageTestcasesTest" tests="35" failures="0" timestamp="25 Dec 2018 08:15:59 GMT" time="1.440" errors="1">
  <testcase name="Setup" time="1.440" classname="WittyFeedTestCases.WittyFeedHomePageTestcasesTest">
    <error type="org.openqa.selenium.SessionNotCreatedException" message="session not created
from disconnected: unable to connect to renderer
  (Session info: headless chrome=71.0.3578.80)
  (Driver info: chromedriver=2.45.615279 (12b89733300bd268cff3b78fc76cb8f3a7cc44e5),platform=Linux 4.4.0-131-generic x86_64) (WARNING: The server did not provide any stacktrace information)
Command duration or timeout: 344 milliseconds
Build info: version: &#039;3.5.3&#039;, revision: &#039;a88d25fe6b&#039;, time: &#039;2017-08-29T12:42:44.417Z&#039;
System info: host: &#039;wittyfeed-Vostro-3558&#039;, ip: &#039;127.0.1.1&#039;, os.name: &#039;Linux&#039;, os.arch: &#039;amd64&#039;, os.version: &#039;4.4.0-131-generic&#039;, java.version: &#039;1.8.0_191&#039;
Driver info: driver.version: ChromeDriver">
      <![CDATA[org.openqa.selenium.SessionNotCreatedException: session not created
from disconnected: unable to connect to renderer
  (Session info: headless chrome=71.0.3578.80)
  (Driver info: chromedriver=2.45.615279 (12b89733300bd268cff3b78fc76cb8f3a7cc44e5),platform=Linux 4.4.0-131-generic x86_64) (WARNING: The server did not provide any stacktrace information)
Command duration or timeout: 344 milliseconds
Build info: version: '3.5.3', revision: 'a88d25fe6b', time: '2017-08-29T12:42:44.417Z'
System info: host: 'wittyfeed-Vostro-3558', ip: '127.0.1.1', os.name: 'Linux', os.arch: 'amd64', os.version: '4.4.0-131-generic', java.version: '1.8.0_191'
Driver info: driver.version: ChromeDriver
at sun.reflect.NativeConstructorAccessorImpl.newInstance0(Native Method)
at sun.reflect.NativeConstructorAccessorImpl.newInstance(NativeConstructorAccessorImpl.java:62)
at sun.reflect.DelegatingConstructorAccessorImpl.newInstance(DelegatingConstructorAccessorImpl.java:45)
at java.lang.reflect.Constructor.newInstance(Constructor.java:423)
at org.openqa.selenium.remote.ErrorHandler.createThrowable(ErrorHandler.java:215)
at org.openqa.selenium.remote.ErrorHandler.throwIfResponseFailed(ErrorHandler.java:167)
at org.openqa.selenium.remote.JsonWireProtocolResponse.lambda$new$0(JsonWireProtocolResponse.java:53)
at org.openqa.selenium.remote.JsonWireProtocolResponse.lambda$getResponseFunction$2(JsonWireProtocolResponse.java:91)
at org.openqa.selenium.remote.ProtocolHandshake.lambda$createSession$24(ProtocolHandshake.java:359)
at java.util.stream.ReferencePipeline$3$1.accept(ReferencePipeline.java:193)
at java.util.Spliterators$ArraySpliterator.tryAdvance(Spliterators.java:958)
at java.util.stream.ReferencePipeline.forEachWithCancel(ReferencePipeline.java:126)
at java.util.stream.AbstractPipeline.copyIntoWithCancel(AbstractPipeline.java:498)
at java.util.stream.AbstractPipeline.copyInto(AbstractPipeline.java:485)
at java.util.stream.AbstractPipeline.wrapAndCopyInto(AbstractPipeline.java:471)
at java.util.stream.FindOps$FindOp.evaluateSequential(FindOps.java:152)
at java.util.stream.AbstractPipeline.evaluate(AbstractPipeline.java:234)
at java.util.stream.ReferencePipeline.findFirst(ReferencePipeline.java:464)
at org.openqa.selenium.remote.ProtocolHandshake.createSession(ProtocolHandshake.java:362)
at org.openqa.selenium.remote.ProtocolHandshake.createSession(ProtocolHandshake.java:136)
at org.openqa.selenium.remote.HttpCommandExecutor.execute(HttpCommandExecutor.java:142)
at org.openqa.selenium.remote.service.DriverCommandExecutor.execute(DriverCommandExecutor.java:82)
at org.openqa.selenium.remote.RemoteWebDriver.execute(RemoteWebDriver.java:646)
at org.openqa.selenium.remote.RemoteWebDriver.startSession(RemoteWebDriver.java:255)
at org.openqa.selenium.remote.RemoteWebDriver.startSession(RemoteWebDriver.java:237)
at org.openqa.selenium.remote.RemoteWebDriver.<init>(RemoteWebDriver.java:138)
at org.openqa.selenium.chrome.ChromeDriver.<init>(ChromeDriver.java:178)
at org.openqa.selenium.chrome.ChromeDriver.<init>(ChromeDriver.java:167)
at org.openqa.selenium.chrome.ChromeDriver.<init>(ChromeDriver.java:156)
at WittyFeedTestCases.ReportGenerateWittyTest.Setup(ReportGenerateWittyTest.java:59)
at sun.reflect.NativeMethodAccessorImpl.invoke0(Native Method)
at sun.reflect.NativeMethodAccessorImpl.invoke(NativeMethodAccessorImpl.java:62)
at sun.reflect.DelegatingMethodAccessorImpl.invoke(DelegatingMethodAccessorImpl.java:43)
at java.lang.reflect.Method.invoke(Method.java:498)
at org.testng.internal.MethodInvocationHelper.invokeMethod(MethodInvocationHelper.java:124)
at org.testng.internal.MethodInvocationHelper.invokeMethodConsideringTimeout(MethodInvocationHelper.java:59)
at org.testng.internal.Invoker.invokeConfigurationMethod(Invoker.java:455)
at org.testng.internal.Invoker.invokeConfigurations(Invoker.java:222)
at org.testng.internal.Invoker.invokeConfigurations(Invoker.java:142)
at org.testng.SuiteRunner.privateRun(SuiteRunner.java:401)
at org.testng.SuiteRunner.run(SuiteRunner.java:364)
at org.testng.SuiteRunnerWorker.runSuite(SuiteRunnerWorker.java:52)
at org.testng.SuiteRunnerWorker.run(SuiteRunnerWorker.java:84)
at org.testng.TestNG.runSuitesSequentially(TestNG.java:1208)
at org.testng.TestNG.runSuitesLocally(TestNG.java:1137)
at org.testng.TestNG.runSuites(TestNG.java:1049)
at org.testng.TestNG.run(TestNG.java:1017)
at org.testng.remote.AbstractRemoteTestNG.run(AbstractRemoteTestNG.java:114)
at org.testng.remote.RemoteTestNG.initAndRun(RemoteTestNG.java:251)
at org.testng.remote.RemoteTestNG.main(RemoteTestNG.java:77)
]]>
    </error>
  </testcase> <!-- Setup -->
  <testcase name="CheckSearchOption" time="0.000" classname="WittyFeedTestCases.WittyFeedHomePageTestcasesTest">
    <skipped/>
  </testcase> <!-- CheckSearchOption -->
  <testcase name="CheckSiteLogo" time="0.000" classname="WittyFeedTestCases.WittyFeedHomePageTestcasesTest">
    <skipped/>
  </testcase> <!-- CheckSiteLogo -->
  <testcase name="CheckNewsCategories" time="0.000" classname="WittyFeedTestCases.WittyFeedHomePageTestcasesTest">
    <skipped/>
  </testcase> <!-- CheckNewsCategories -->
  <testcase name="CheckLifeStyleCategories" time="0.000" classname="WittyFeedTestCases.WittyFeedHomePageTestcasesTest">
    <skipped/>
  </testcase> <!-- CheckLifeStyleCategories -->
  <testcase name="CheckEntertainmentCategories" time="0.000" classname="WittyFeedTestCases.WittyFeedHomePageTestcasesTest">
    <skipped/>
  </testcase> <!-- CheckEntertainmentCategories -->
  <testcase name="CheckOpinion" time="0.000" classname="WittyFeedTestCases.WittyFeedHomePageTestcasesTest">
    <skipped/>
  </testcase> <!-- CheckOpinion -->
  <testcase name="CheckIndiaKaPulse" time="0.000" classname="WittyFeedTestCases.WittyFeedHomePageTestcasesTest">
    <skipped/>
  </testcase> <!-- CheckIndiaKaPulse -->
  <testcase name="CheckGirling" time="0.000" classname="WittyFeedTestCases.WittyFeedHomePageTestcasesTest">
    <skipped/>
  </testcase> <!-- CheckGirling -->
  <testcase name="CheckVideos" time="0.000" classname="WittyFeedTestCases.WittyFeedHomePageTestcasesTest">
    <skipped/>
  </testcase> <!-- CheckVideos -->
  <testcase name="CheckQuiz" time="0.000" classname="WittyFeedTestCases.WittyFeedHomePageTestcasesTest">
    <skipped/>
  </testcase> <!-- CheckQuiz -->
  <testcase name="CheckInstaLink" time="0.000" classname="WittyFeedTestCases.WittyFeedHomePageTestcasesTest">
    <skipped/>
  </testcase> <!-- CheckInstaLink -->
  <testcase name="CheckTwitterLink" time="0.000" classname="WittyFeedTestCases.WittyFeedHomePageTestcasesTest">
    <skipped/>
  </testcase> <!-- CheckTwitterLink -->
  <testcase name="CheckFacebookLink" time="0.000" classname="WittyFeedTestCases.WittyFeedHomePageTestcasesTest">
    <skipped/>
  </testcase> <!-- CheckFacebookLink -->
  <testcase name="CheckYouTubeLink" time="0.000" classname="WittyFeedTestCases.WittyFeedHomePageTestcasesTest">
    <skipped/>
  </testcase> <!-- CheckYouTubeLink -->
  <testcase name="CheckFeaturedPostImage" time="0.000" classname="WittyFeedTestCases.WittyFeedHomePageTestcasesTest">
    <skipped/>
  </testcase> <!-- CheckFeaturedPostImage -->
  <testcase name="CheckFeaturedPostTitle" time="0.000" classname="WittyFeedTestCases.WittyFeedHomePageTestcasesTest">
    <skipped/>
  </testcase> <!-- CheckFeaturedPostTitle -->
  <testcase name="CheckFeaturedPostAuthor" time="0.000" classname="WittyFeedTestCases.WittyFeedHomePageTestcasesTest">
    <skipped/>
  </testcase> <!-- CheckFeaturedPostAuthor -->
  <testcase name="CheckSecondPostImage" time="0.000" classname="WittyFeedTestCases.WittyFeedHomePageTestcasesTest">
    <skipped/>
  </testcase> <!-- CheckSecondPostImage -->
  <testcase name="CheckSecondPostTitle" time="0.000" classname="WittyFeedTestCases.WittyFeedHomePageTestcasesTest">
    <skipped/>
  </testcase> <!-- CheckSecondPostTitle -->
  <testcase name="CheckSecondPostAuthor" time="0.000" classname="WittyFeedTestCases.WittyFeedHomePageTestcasesTest">
    <skipped/>
  </testcase> <!-- CheckSecondPostAuthor -->
  <testcase name="CheckThirdPostImage" time="0.000" classname="WittyFeedTestCases.WittyFeedHomePageTestcasesTest">
    <skipped/>
  </testcase> <!-- CheckThirdPostImage -->
  <testcase name="CheckThirdPostTitle" time="0.000" classname="WittyFeedTestCases.WittyFeedHomePageTestcasesTest">
    <skipped/>
  </testcase> <!-- CheckThirdPostTitle -->
  <testcase name="CheckThirdPostAuthor" time="0.000" classname="WittyFeedTestCases.WittyFeedHomePageTestcasesTest">
    <skipped/>
  </testcase> <!-- CheckThirdPostAuthor -->
  <testcase name="CheckLatestStoryImage" time="0.000" classname="WittyFeedTestCases.WittyFeedHomePageTestcasesTest">
    <skipped/>
  </testcase> <!-- CheckLatestStoryImage -->
  <testcase name="CheckLatestStoryTitle" time="0.000" classname="WittyFeedTestCases.WittyFeedHomePageTestcasesTest">
    <skipped/>
  </testcase> <!-- CheckLatestStoryTitle -->
  <testcase name="CheckLatestStoryAuthor" time="0.000" classname="WittyFeedTestCases.WittyFeedHomePageTestcasesTest">
    <skipped/>
  </testcase> <!-- CheckLatestStoryAuthor -->
  <testcase name="CheckIVVideo1" time="0.000" classname="WittyFeedTestCases.WittyFeedHomePageTestcasesTest">
    <skipped/>
  </testcase> <!-- CheckIVVideo1 -->
  <testcase name="CheckIVVideo2" time="0.000" classname="WittyFeedTestCases.WittyFeedHomePageTestcasesTest">
    <skipped/>
  </testcase> <!-- CheckIVVideo2 -->
  <testcase name="CheckQuizeFeedImage" time="0.000" classname="WittyFeedTestCases.WittyFeedHomePageTestcasesTest">
    <skipped/>
  </testcase> <!-- CheckQuizeFeedImage -->
  <testcase name="CheckQuizefeedTitle" time="0.000" classname="WittyFeedTestCases.WittyFeedHomePageTestcasesTest">
    <skipped/>
  </testcase> <!-- CheckQuizefeedTitle -->
  <testcase name="CheckQuizeFeedAuthor" time="0.000" classname="WittyFeedTestCases.WittyFeedHomePageTestcasesTest">
    <skipped/>
  </testcase> <!-- CheckQuizeFeedAuthor -->
  <testcase name="CheckEatSleepReadReaptImage" time="0.000" classname="WittyFeedTestCases.WittyFeedHomePageTestcasesTest">
    <skipped/>
  </testcase> <!-- CheckEatSleepReadReaptImage -->
  <testcase name="CheckEatSleepReadReaptTitle" time="0.000" classname="WittyFeedTestCases.WittyFeedHomePageTestcasesTest">
    <skipped/>
  </testcase> <!-- CheckEatSleepReadReaptTitle -->
  <testcase name="CheckEatSleepReadReaptAuthor" time="0.000" classname="WittyFeedTestCases.WittyFeedHomePageTestcasesTest">
    <skipped/>
  </testcase> <!-- CheckEatSleepReadReaptAuthor -->
</testsuite> <!-- WittyFeedTestCases.WittyFeedHomePageTestcasesTest -->
