<?xml version="1.0" encoding="UTF-8"?>
<!-- Generated by org.testng.reporters.JUnitReportReporter -->
<testsuite skipped="0" hostname="wittyfeed-Vostro-3558" name="WittyFeedTestCases.WittyFeedCatagoiesTestCasesTest" tests="29" failures="0" timestamp="21 Dec 2018 07:57:47 GMT" time="101.107" errors="0">
  <testcase name="ClickHamburgerMenu" time="13.977" classname="WittyFeedTestCases.WittyFeedCatagoiesTestCasesTest"/>
  <testcase name="CheckEntertainmentCata" time="1.079" classname="WittyFeedTestCases.WittyFeedCatagoiesTestCasesTest"/>
  <testcase name="CheckEntertainmentSubCata" time="1.039" classname="WittyFeedTestCases.WittyFeedCatagoiesTestCasesTest"/>
  <testcase name="CheckOpinionLink" time="1.057" classname="WittyFeedTestCases.WittyFeedCatagoiesTestCasesTest"/>
  <testcase name="CheckIndiaKaPulseLink" time="1.055" classname="WittyFeedTestCases.WittyFeedCatagoiesTestCasesTest"/>
  <testcase name="CheckSocialImpactLink" time="1.059" classname="WittyFeedTestCases.WittyFeedCatagoiesTestCasesTest"/>
  <testcase name="CheckGirlingLink" time="1.061" classname="WittyFeedTestCases.WittyFeedCatagoiesTestCasesTest"/>
  <testcase name="CheckVideosLink" time="1.057" classname="WittyFeedTestCases.WittyFeedCatagoiesTestCasesTest"/>
  <testcase name="CheckQuizLink" time="1.063" classname="WittyFeedTestCases.WittyFeedCatagoiesTestCasesTest"/>
  <testcase name="CheckNewsPage" time="5.803" classname="WittyFeedTestCases.WittyFeedCatagoiesTestCasesTest"/>
  <testcase name="CheckPoliticsPage" time="5.182" classname="WittyFeedTestCases.WittyFeedCatagoiesTestCasesTest"/>
  <testcase name="CheckSocialPage" time="6.690" classname="WittyFeedTestCases.WittyFeedCatagoiesTestCasesTest"/>
  <testcase name="CheckTrendingPage" time="4.964" classname="WittyFeedTestCases.WittyFeedCatagoiesTestCasesTest"/>
  <testcase name="CheckLifeStylePage" time="4.706" classname="WittyFeedTestCases.WittyFeedCatagoiesTestCasesTest"/>
  <testcase name="CheckHealthPage" time="5.281" classname="WittyFeedTestCases.WittyFeedCatagoiesTestCasesTest"/>
  <testcase name="CheckRelationshipPage" time="5.067" classname="WittyFeedTestCases.WittyFeedCatagoiesTestCasesTest"/>
  <testcase name="CheckTravelPage" time="5.209" classname="WittyFeedTestCases.WittyFeedCatagoiesTestCasesTest"/>
  <testcase name="CheckFashionPage" time="4.820" classname="WittyFeedTestCases.WittyFeedCatagoiesTestCasesTest"/>
  <testcase name="CheckEntertainmentPage" time="5.047" classname="WittyFeedTestCases.WittyFeedCatagoiesTestCasesTest"/>
  <testcase name="CheckBollywoodPage" time="4.532" classname="WittyFeedTestCases.WittyFeedCatagoiesTestCasesTest"/>
  <testcase name="CheckSocialCelebritiesPage" time="5.057" classname="WittyFeedTestCases.WittyFeedCatagoiesTestCasesTest"/>
  <testcase name="CheckSportsPage" time="5.133" classname="WittyFeedTestCases.WittyFeedCatagoiesTestCasesTest"/>
  <testcase name="CheckHollywoodPage" time="4.823" classname="WittyFeedTestCases.WittyFeedCatagoiesTestCasesTest"/>
  <testcase name="CheckOpinionPage" time="1.083" classname="WittyFeedTestCases.WittyFeedCatagoiesTestCasesTest"/>
  <testcase name="CheckIndiaKaPulsePage" time="1.063" classname="WittyFeedTestCases.WittyFeedCatagoiesTestCasesTest"/>
  <testcase name="CheckSocialImpactPage" time="1.053" classname="WittyFeedTestCases.WittyFeedCatagoiesTestCasesTest"/>
  <testcase name="CheckGirlingPage" time="1.054" classname="WittyFeedTestCases.WittyFeedCatagoiesTestCasesTest"/>
  <testcase name="CheckVideosPage" time="1.052" classname="WittyFeedTestCases.WittyFeedCatagoiesTestCasesTest"/>
  <testcase name="CheckQuizPage" time="1.041" classname="WittyFeedTestCases.WittyFeedCatagoiesTestCasesTest"/>
</testsuite> <!-- WittyFeedTestCases.WittyFeedCatagoiesTestCasesTest -->
