<?xml version="1.0" encoding="UTF-8"?>
<!-- Generated by org.testng.reporters.JUnitReportReporter -->
<testsuite skipped="0" hostname="wittyfeed-Vostro-3558" name="WittyFeedTestCases.WittyFeedSearchPageTestCasesTest" tests="4" failures="0" timestamp="26 Dec 2018 06:51:05 GMT" time="28.920" errors="0">
  <testcase name="ClickSearchOption" time="28.795" classname="WittyFeedTestCases.WittyFeedSearchPageTestCasesTest"/>
  <testcase name="CheckSearchHeader" time="0.072" classname="WittyFeedTestCases.WittyFeedSearchPageTestCasesTest"/>
  <testcase name="CheckSearchedStoryImage" time="0.023" classname="WittyFeedTestCases.WittyFeedSearchPageTestCasesTest"/>
  <testcase name="CheckSearchedStoryTitle" time="0.030" classname="WittyFeedTestCases.WittyFeedSearchPageTestCasesTest"/>
</testsuite> <!-- WittyFeedTestCases.WittyFeedSearchPageTestCasesTest -->
