<?xml version="1.0" encoding="UTF-8"?>
<!-- Generated by org.testng.reporters.JUnitReportReporter -->
<testsuite skipped="0" hostname="wittyfeed-Vostro-3558" name="WittyFeedTestCases.WittyFeedStoryPageTestCasesTest" tests="7" failures="0" timestamp="21 Dec 2018 10:57:19 GMT" time="21.316" errors="0">
  <testcase name="OpenStoryPage" time="14.764" classname="WittyFeedTestCases.WittyFeedStoryPageTestCasesTest"/>
  <testcase name="CheckStoryAuthor" time="1.122" classname="WittyFeedTestCases.WittyFeedStoryPageTestCasesTest"/>
  <testcase name="CheckStoryTitle" time="1.068" classname="WittyFeedTestCases.WittyFeedStoryPageTestCasesTest"/>
  <testcase name="CheckStoryDesc" time="1.062" classname="WittyFeedTestCases.WittyFeedStoryPageTestCasesTest"/>
  <testcase name="CheckStoryShares" time="1.063" classname="WittyFeedTestCases.WittyFeedStoryPageTestCasesTest"/>
  <testcase name="CheckStoryShareOptions" time="1.159" classname="WittyFeedTestCases.WittyFeedStoryPageTestCasesTest"/>
  <testcase name="CheckStoryContent" time="1.078" classname="WittyFeedTestCases.WittyFeedStoryPageTestCasesTest"/>
</testsuite> <!-- WittyFeedTestCases.WittyFeedStoryPageTestCasesTest -->
