<?xml version="1.0" encoding="UTF-8"?>
<!-- Generated by org.testng.reporters.JUnitReportReporter -->
<testsuite skipped="0" hostname="wittyfeed-Vostro-3558" name="WittyFeedTestCases.WittyFeedSearchPageTestCasesTest" tests="4" failures="0" timestamp="09 Jan 2019 07:27:06 GMT" time="21.336" errors="0">
  <testcase name="ClickSearchOption" time="21.219" classname="WittyFeedTestCases.WittyFeedSearchPageTestCasesTest"/>
  <testcase name="CheckSearchHeader" time="0.080" classname="WittyFeedTestCases.WittyFeedSearchPageTestCasesTest"/>
  <testcase name="CheckSearchedStoryImage" time="0.022" classname="WittyFeedTestCases.WittyFeedSearchPageTestCasesTest"/>
  <testcase name="CheckSearchedStoryTitle" time="0.015" classname="WittyFeedTestCases.WittyFeedSearchPageTestCasesTest"/>
</testsuite> <!-- WittyFeedTestCases.WittyFeedSearchPageTestCasesTest -->
