<?xml version="1.0" encoding="UTF-8"?>
<!-- Generated by org.testng.reporters.JUnitReportReporter -->
<testsuite skipped="0" hostname="wittyfeed-Vostro-3558" name="WittyFeedTestCases.WittyFeedStoryPageTestCasesTest" tests="7" failures="0" timestamp="10 Jan 2019 13:33:47 GMT" time="51.644" errors="0">
  <testcase name="OpenStoryPage" time="45.153" classname="WittyFeedTestCases.WittyFeedStoryPageTestCasesTest"/>
  <testcase name="CheckStoryAuthor" time="1.069" classname="WittyFeedTestCases.WittyFeedStoryPageTestCasesTest"/>
  <testcase name="CheckStoryTitle" time="1.186" classname="WittyFeedTestCases.WittyFeedStoryPageTestCasesTest"/>
  <testcase name="CheckStoryDesc" time="1.112" classname="WittyFeedTestCases.WittyFeedStoryPageTestCasesTest"/>
  <testcase name="CheckStoryShares" time="1.035" classname="WittyFeedTestCases.WittyFeedStoryPageTestCasesTest"/>
  <testcase name="CheckStoryShareOptions" time="1.060" classname="WittyFeedTestCases.WittyFeedStoryPageTestCasesTest"/>
  <testcase name="CheckStoryContent" time="1.029" classname="WittyFeedTestCases.WittyFeedStoryPageTestCasesTest"/>
</testsuite> <!-- WittyFeedTestCases.WittyFeedStoryPageTestCasesTest -->
