<?xml version="1.0" encoding="UTF-8"?>
<!-- Generated by org.testng.reporters.JUnitReportReporter -->
<testsuite hostname="wittyfeed-Vostro-3558" name="WittyFeedTestCases.WittyTagstestcasesTest" tests="2" failures="0" timestamp="19 Dec 2018 05:26:50 GMT" time="3.800" errors="0">
  <testcase name="CheckSearchTags" time="0.044" classname="WittyFeedTestCases.WittyTagstestcasesTest"/>
  <testcase name="CheckSearchOption" time="3.756" classname="WittyFeedTestCases.WittyTagstestcasesTest"/>
</testsuite>
