<?xml version="1.0" encoding="UTF-8"?>
<!-- Generated by org.testng.reporters.JUnitReportReporter -->
<testsuite skipped="0" hostname="wittyfeed-Vostro-3558" name="HealthiasticTestCases.HealthiasticSearchPageTestCasesTest" tests="4" failures="0" timestamp="10 Jan 2019 05:39:37 GMT" time="26.993" errors="0">
  <testcase name="ClickSearchOption" time="26.918" classname="HealthiasticTestCases.HealthiasticSearchPageTestCasesTest"/>
  <testcase name="CheckSearchHeader" time="0.041" classname="HealthiasticTestCases.HealthiasticSearchPageTestCasesTest"/>
  <testcase name="CheckSearchedStoryImage" time="0.012" classname="HealthiasticTestCases.HealthiasticSearchPageTestCasesTest"/>
  <testcase name="CheckSearchedStoryTitle" time="0.022" classname="HealthiasticTestCases.HealthiasticSearchPageTestCasesTest"/>
</testsuite> <!-- HealthiasticTestCases.HealthiasticSearchPageTestCasesTest -->
