<?xml version="1.0" encoding="UTF-8"?>
<!-- Generated by org.testng.reporters.JUnitReportReporter -->
<testsuite skipped="0" hostname="wittyfeed-Vostro-3558" name="GeeksmateTestCases.HealthiasticFooterOptionTestCasesTest" tests="5" failures="0" timestamp="29 Dec 2018 10:20:01 GMT" time="18.899" errors="0">
  <testcase name="ClickHamburgerMenu" time="12.090" classname="GeeksmateTestCases.HealthiasticFooterOptionTestCasesTest"/>
  <testcase name="CheckTermsOfUseLink" time="0.025" classname="GeeksmateTestCases.HealthiasticFooterOptionTestCasesTest"/>
  <testcase name="CheckPrivacyPolicyLink" time="0.018" classname="GeeksmateTestCases.HealthiasticFooterOptionTestCasesTest"/>
  <testcase name="CheckTermsOfUsePage" time="3.823" classname="GeeksmateTestCases.HealthiasticFooterOptionTestCasesTest"/>
  <testcase name="CheckPrivacyPolicyPage" time="2.943" classname="GeeksmateTestCases.HealthiasticFooterOptionTestCasesTest"/>
</testsuite> <!-- GeeksmateTestCases.HealthiasticFooterOptionTestCasesTest -->
