<?xml version="1.0" encoding="UTF-8"?>
<!-- Generated by org.testng.reporters.JUnitReportReporter -->
<testsuite skipped="0" hostname="wittyfeed-Vostro-3558" name="HealthiasticTestCases.CaptureAndParsingHarFileForPixPngHealthiasticTest" tests="32" failures="0" timestamp="07 Jan 2019 11:29:48 GMT" time="10.531" errors="0">
  <testcase name="OpenGoogleappsHar_analyzer" time="9.518" classname="HealthiasticTestCases.CaptureAndParsingHarFileForPixPngHealthiasticTest"/>
  <testcase name="CheckGMTValue" time="0.047" classname="HealthiasticTestCases.CaptureAndParsingHarFileForPixPngHealthiasticTest"/>
  <testcase name="Checkvisit_blockValue" time="0.030" classname="HealthiasticTestCases.CaptureAndParsingHarFileForPixPngHealthiasticTest"/>
  <testcase name="Checkcountry_codeValue" time="0.028" classname="HealthiasticTestCases.CaptureAndParsingHarFileForPixPngHealthiasticTest"/>
  <testcase name="Checklanguage_EnglishValue" time="0.050" classname="HealthiasticTestCases.CaptureAndParsingHarFileForPixPngHealthiasticTest"/>
  <testcase name="Checkcategory_peopleValue" time="0.041" classname="HealthiasticTestCases.CaptureAndParsingHarFileForPixPngHealthiasticTest"/>
  <testcase name="Checkwriter_nameValue" time="0.037" classname="HealthiasticTestCases.CaptureAndParsingHarFileForPixPngHealthiasticTest"/>
  <testcase name="Checkwriter_idValue" time="0.029" classname="HealthiasticTestCases.CaptureAndParsingHarFileForPixPngHealthiasticTest"/>
  <testcase name="Checkcategory_idValue" time="0.032" classname="HealthiasticTestCases.CaptureAndParsingHarFileForPixPngHealthiasticTest"/>
  <testcase name="Checkstory_idValue" time="0.030" classname="HealthiasticTestCases.CaptureAndParsingHarFileForPixPngHealthiasticTest"/>
  <testcase name="Checkgoogle_entitiesValue" time="0.032" classname="HealthiasticTestCases.CaptureAndParsingHarFileForPixPngHealthiasticTest"/>
  <testcase name="Checkpage_typeValue" time="0.031" classname="HealthiasticTestCases.CaptureAndParsingHarFileForPixPngHealthiasticTest"/>
  <testcase name="CheckcityValue" time="0.037" classname="HealthiasticTestCases.CaptureAndParsingHarFileForPixPngHealthiasticTest"/>
  <testcase name="Checkcountry_nameValue" time="0.028" classname="HealthiasticTestCases.CaptureAndParsingHarFileForPixPngHealthiasticTest"/>
  <testcase name="CheckfpValue" time="0.028" classname="HealthiasticTestCases.CaptureAndParsingHarFileForPixPngHealthiasticTest"/>
  <testcase name="Checkpage_urlValue" time="0.029" classname="HealthiasticTestCases.CaptureAndParsingHarFileForPixPngHealthiasticTest"/>
  <testcase name="Checkclient_ipValue" time="0.031" classname="HealthiasticTestCases.CaptureAndParsingHarFileForPixPngHealthiasticTest"/>
  <testcase name="Checkreferral_domainValue" time="0.028" classname="HealthiasticTestCases.CaptureAndParsingHarFileForPixPngHealthiasticTest"/>
  <testcase name="Checkdev_sourceValue" time="0.029" classname="HealthiasticTestCases.CaptureAndParsingHarFileForPixPngHealthiasticTest"/>
  <testcase name="CheckPBValue" time="0.025" classname="HealthiasticTestCases.CaptureAndParsingHarFileForPixPngHealthiasticTest"/>
  <testcase name="Checkstory_tagsValue" time="0.028" classname="HealthiasticTestCases.CaptureAndParsingHarFileForPixPngHealthiasticTest"/>
  <testcase name="Checkcurrent_blockValue" time="0.033" classname="HealthiasticTestCases.CaptureAndParsingHarFileForPixPngHealthiasticTest"/>
  <testcase name="Checktotal_blocksValue" time="0.026" classname="HealthiasticTestCases.CaptureAndParsingHarFileForPixPngHealthiasticTest"/>
  <testcase name="CheckdomainValue" time="0.027" classname="HealthiasticTestCases.CaptureAndParsingHarFileForPixPngHealthiasticTest"/>
  <testcase name="CheckadPartnerValue" time="0.030" classname="HealthiasticTestCases.CaptureAndParsingHarFileForPixPngHealthiasticTest"/>
  <testcase name="CheckadblockerValue" time="0.026" classname="HealthiasticTestCases.CaptureAndParsingHarFileForPixPngHealthiasticTest"/>
  <testcase name="CheckofcValue" time="0.032" classname="HealthiasticTestCases.CaptureAndParsingHarFileForPixPngHealthiasticTest"/>
  <testcase name="Checktotal_adsValue" time="0.033" classname="HealthiasticTestCases.CaptureAndParsingHarFileForPixPngHealthiasticTest"/>
  <testcase name="Checktree_idValue" time="0.032" classname="HealthiasticTestCases.CaptureAndParsingHarFileForPixPngHealthiasticTest"/>
  <testcase name="CheckussValue" time="0.034" classname="HealthiasticTestCases.CaptureAndParsingHarFileForPixPngHealthiasticTest"/>
  <testcase name="CheckpidValue" time="0.039" classname="HealthiasticTestCases.CaptureAndParsingHarFileForPixPngHealthiasticTest"/>
  <testcase name="Checkinit_story_idValue" time="0.051" classname="HealthiasticTestCases.CaptureAndParsingHarFileForPixPngHealthiasticTest"/>
</testsuite> <!-- HealthiasticTestCases.CaptureAndParsingHarFileForPixPngHealthiasticTest -->
