<?xml version="1.0" encoding="UTF-8"?>
<!-- Generated by org.testng.reporters.JUnitReportReporter -->
<testsuite skipped="0" hostname="wittyfeed-Vostro-3558" name="InnervoiceTestCases.InnerVoiceUserProfileTestCasesTest" tests="9" failures="0" timestamp="26 Dec 2018 07:25:42 GMT" time="24.765" errors="0">
  <testcase name="ClickAuthorName" time="24.440" classname="InnervoiceTestCases.InnerVoiceUserProfileTestCasesTest"/>
  <testcase name="CheckBackgroundImage" time="0.138" classname="InnervoiceTestCases.InnerVoiceUserProfileTestCasesTest"/>
  <testcase name="CheckAuthorName" time="0.020" classname="InnervoiceTestCases.InnerVoiceUserProfileTestCasesTest"/>
  <testcase name="CheckAuthorImage" time="0.020" classname="InnervoiceTestCases.InnerVoiceUserProfileTestCasesTest"/>
  <testcase name="CheckWriterName" time="0.019" classname="InnervoiceTestCases.InnerVoiceUserProfileTestCasesTest"/>
  <testcase name="CheckEditor" time="0.027" classname="InnervoiceTestCases.InnerVoiceUserProfileTestCasesTest"/>
  <testcase name="CheckProfileDesc" time="0.020" classname="InnervoiceTestCases.InnerVoiceUserProfileTestCasesTest"/>
  <testcase name="CheckDontMissThisStory" time="0.029" classname="InnervoiceTestCases.InnerVoiceUserProfileTestCasesTest"/>
  <testcase name="LatestStories" time="0.052" classname="InnervoiceTestCases.InnerVoiceUserProfileTestCasesTest"/>
</testsuite> <!-- InnervoiceTestCases.InnerVoiceUserProfileTestCasesTest -->
