<?xml version="1.0" encoding="UTF-8"?>
<!-- Generated by org.testng.reporters.JUnitReportReporter -->
<testsuite skipped="0" hostname="wittyfeed-Vostro-3558" name="HealthiasticTestCases.HealthiasticHomePageTestcasesTest" tests="26" failures="0" timestamp="09 Jan 2019 11:12:03 GMT" time="27.139" errors="0">
  <testcase name="CheckSearchOption" time="15.685" classname="HealthiasticTestCases.HealthiasticHomePageTestcasesTest"/>
  <testcase name="CheckSiteLogo" time="0.017" classname="HealthiasticTestCases.HealthiasticHomePageTestcasesTest"/>
  <testcase name="CheckTipsAndTricksCategories" time="0.017" classname="HealthiasticTestCases.HealthiasticHomePageTestcasesTest"/>
  <testcase name="CheckWomensHealthCategories" time="5.016" classname="HealthiasticTestCases.HealthiasticHomePageTestcasesTest"/>
  <testcase name="CheckHealthAlertCategories" time="0.016" classname="HealthiasticTestCases.HealthiasticHomePageTestcasesTest"/>
  <testcase name="CheckLifestyleCategories" time="0.015" classname="HealthiasticTestCases.HealthiasticHomePageTestcasesTest"/>
  <testcase name="CheckBeautyCategories" time="0.014" classname="HealthiasticTestCases.HealthiasticHomePageTestcasesTest"/>
  <testcase name="CheckInstaLink" time="0.022" classname="HealthiasticTestCases.HealthiasticHomePageTestcasesTest"/>
  <testcase name="CheckTwitterLink" time="0.012" classname="HealthiasticTestCases.HealthiasticHomePageTestcasesTest"/>
  <testcase name="CheckFacebookLink" time="0.015" classname="HealthiasticTestCases.HealthiasticHomePageTestcasesTest"/>
  <testcase name="CheckYouTubeLink" time="0.014" classname="HealthiasticTestCases.HealthiasticHomePageTestcasesTest"/>
  <testcase name="CheckFeaturedPostImage" time="0.013" classname="HealthiasticTestCases.HealthiasticHomePageTestcasesTest"/>
  <testcase name="CheckFeaturedPostTitle" time="0.015" classname="HealthiasticTestCases.HealthiasticHomePageTestcasesTest"/>
  <testcase name="CheckFeaturedPostAuthor" time="0.016" classname="HealthiasticTestCases.HealthiasticHomePageTestcasesTest"/>
  <testcase name="CheckSecondPostImage" time="0.011" classname="HealthiasticTestCases.HealthiasticHomePageTestcasesTest"/>
  <testcase name="CheckSecondPostTitle" time="0.011" classname="HealthiasticTestCases.HealthiasticHomePageTestcasesTest"/>
  <testcase name="CheckSecondPostAuthor" time="0.010" classname="HealthiasticTestCases.HealthiasticHomePageTestcasesTest"/>
  <testcase name="CheckThirdPostImage" time="0.013" classname="HealthiasticTestCases.HealthiasticHomePageTestcasesTest"/>
  <testcase name="CheckThirdPostTitle" time="0.012" classname="HealthiasticTestCases.HealthiasticHomePageTestcasesTest"/>
  <testcase name="CheckThirdPostAuthor" time="0.010" classname="HealthiasticTestCases.HealthiasticHomePageTestcasesTest"/>
  <testcase name="CheckLatestStoryImage" time="1.032" classname="HealthiasticTestCases.HealthiasticHomePageTestcasesTest"/>
  <testcase name="CheckLatestStoryTitle" time="1.031" classname="HealthiasticTestCases.HealthiasticHomePageTestcasesTest"/>
  <testcase name="CheckLatestStoryAuthor" time="1.030" classname="HealthiasticTestCases.HealthiasticHomePageTestcasesTest"/>
  <testcase name="CheckEatSleepReadReaptImage" time="1.029" classname="HealthiasticTestCases.HealthiasticHomePageTestcasesTest"/>
  <testcase name="CheckEatSleepReadReaptTitle" time="1.033" classname="HealthiasticTestCases.HealthiasticHomePageTestcasesTest"/>
  <testcase name="CheckEatSleepReadReaptAuthor" time="1.030" classname="HealthiasticTestCases.HealthiasticHomePageTestcasesTest"/>
</testsuite> <!-- HealthiasticTestCases.HealthiasticHomePageTestcasesTest -->
