<?xml version="1.0" encoding="UTF-8"?>
<!-- Generated by org.testng.reporters.JUnitReportReporter -->
<testsuite skipped="0" hostname="wittyfeed-Vostro-3558" name="test.FooterOptionTestCasesTest" tests="9" failures="0" timestamp="14 Dec 2018 09:41:24 GMT" time="25.107" errors="0">
  <testcase name="ClickHamburgerMenu" time="11.801" classname="test.FooterOptionTestCasesTest"/>
  <testcase name="CheckAbutUsLink" time="0.053" classname="test.FooterOptionTestCasesTest"/>
  <testcase name="CheckTermsOfUseLink" time="0.035" classname="test.FooterOptionTestCasesTest"/>
  <testcase name="CheckPrivacyPolicyLink" time="0.033" classname="test.FooterOptionTestCasesTest"/>
  <testcase name="CheckCantactUsLink" time="0.044" classname="test.FooterOptionTestCasesTest"/>
  <testcase name="CheckAbutUsPage" time="4.540" classname="test.FooterOptionTestCasesTest"/>
  <testcase name="CheckTermsOfUsePage" time="4.463" classname="test.FooterOptionTestCasesTest"/>
  <testcase name="CheckPrivacyPolicyPage" time="4.111" classname="test.FooterOptionTestCasesTest"/>
  <testcase name="CheckCantactUsPage" time="0.027" classname="test.FooterOptionTestCasesTest"/>
</testsuite> <!-- test.FooterOptionTestCasesTest -->
