<?xml version="1.0" encoding="UTF-8"?>
<!-- Generated by org.testng.reporters.JUnitReportReporter -->
<testsuite hostname="wittyfeed-Vostro-3558" name="test.WittyFeedHomePageTestcasesTest" tests="34" failures="0" timestamp="18 Dec 2018 06:48:26 GMT" time="39.406" errors="0">
  <testcase name="CheckYouTubeLink" time="0.023" classname="test.WittyFeedHomePageTestcasesTest"/>
  <testcase name="CheckSiteLogo" time="0.021" classname="test.WittyFeedHomePageTestcasesTest"/>
  <testcase name="CheckFeaturedPostAuthor" time="0.022" classname="test.WittyFeedHomePageTestcasesTest"/>
  <testcase name="CheckThirdPostImage" time="0.022" classname="test.WittyFeedHomePageTestcasesTest"/>
  <testcase name="CheckEatSleepReadReaptImage" time="1.059" classname="test.WittyFeedHomePageTestcasesTest"/>
  <testcase name="CheckQuizeFeedImage" time="1.060" classname="test.WittyFeedHomePageTestcasesTest"/>
  <testcase name="CheckQuizefeedTitle" time="1.060" classname="test.WittyFeedHomePageTestcasesTest"/>
  <testcase name="CheckNewsCategories" time="0.031" classname="test.WittyFeedHomePageTestcasesTest"/>
  <testcase name="CheckSecondPostImage" time="0.020" classname="test.WittyFeedHomePageTestcasesTest"/>
  <testcase name="CheckEatSleepReadReaptTitle" time="1.060" classname="test.WittyFeedHomePageTestcasesTest"/>
  <testcase name="CheckQuiz" time="0.020" classname="test.WittyFeedHomePageTestcasesTest"/>
  <testcase name="CheckFeaturedPostImage" time="0.020" classname="test.WittyFeedHomePageTestcasesTest"/>
  <testcase name="CheckLatestStoryTitle" time="1.061" classname="test.WittyFeedHomePageTestcasesTest"/>
  <testcase name="CheckTwitterLink" time="0.021" classname="test.WittyFeedHomePageTestcasesTest"/>
  <testcase name="CheckWittyVideo2" time="1.071" classname="test.WittyFeedHomePageTestcasesTest"/>
  <testcase name="CheckIndiaKaPulse" time="0.034" classname="test.WittyFeedHomePageTestcasesTest"/>
  <testcase name="CheckVideos" time="0.022" classname="test.WittyFeedHomePageTestcasesTest"/>
  <testcase name="CheckThirdPostAuthor" time="0.021" classname="test.WittyFeedHomePageTestcasesTest"/>
  <testcase name="CheckThirdPostTitle" time="0.021" classname="test.WittyFeedHomePageTestcasesTest"/>
  <testcase name="CheckQuizeFeedAuthor" time="1.052" classname="test.WittyFeedHomePageTestcasesTest"/>
  <testcase name="CheckLatestStoryAuthor" time="1.049" classname="test.WittyFeedHomePageTestcasesTest"/>
  <testcase name="CheckFacebookLink" time="0.022" classname="test.WittyFeedHomePageTestcasesTest"/>
  <testcase name="CheckEatSleepReadReaptAuthor" time="1.054" classname="test.WittyFeedHomePageTestcasesTest"/>
  <testcase name="CheckSecondPostTitle" time="0.023" classname="test.WittyFeedHomePageTestcasesTest"/>
  <testcase name="CheckGirling" time="0.046" classname="test.WittyFeedHomePageTestcasesTest"/>
  <testcase name="CheckLifeStyleCategories" time="5.039" classname="test.WittyFeedHomePageTestcasesTest"/>
  <testcase name="CheckSecondPostAuthor" time="0.027" classname="test.WittyFeedHomePageTestcasesTest"/>
  <testcase name="CheckWittyVideo1" time="1.053" classname="test.WittyFeedHomePageTestcasesTest"/>
  <testcase name="CheckInstaLink" time="0.023" classname="test.WittyFeedHomePageTestcasesTest"/>
  <testcase name="CheckLatestStoryImage" time="1.057" classname="test.WittyFeedHomePageTestcasesTest"/>
  <testcase name="CheckFeaturedPostTitle" time="0.031" classname="test.WittyFeedHomePageTestcasesTest"/>
  <testcase name="CheckOpinion" time="0.025" classname="test.WittyFeedHomePageTestcasesTest"/>
  <testcase name="CheckEntertainmentCategories" time="0.020" classname="test.WittyFeedHomePageTestcasesTest"/>
  <testcase name="CheckSearchOption" time="22.216" classname="test.WittyFeedHomePageTestcasesTest"/>
</testsuite>
