<?xml version="1.0" encoding="UTF-8"?>
<!-- Generated by org.testng.reporters.JUnitReportReporter -->
<testsuite hostname="wittyfeed-Vostro-3558" name="WittyFeedTestCases.WittyFeedFooterOptionTestCasesTest" tests="9" failures="0" timestamp="19 Dec 2018 05:26:50 GMT" time="16.389" errors="0">
  <testcase name="CheckAbutUsPage" time="4.795" classname="WittyFeedTestCases.WittyFeedFooterOptionTestCasesTest"/>
  <testcase name="CheckTermsOfUseLink" time="0.024" classname="WittyFeedTestCases.WittyFeedFooterOptionTestCasesTest"/>
  <testcase name="CheckPrivacyPolicyPage" time="4.579" classname="WittyFeedTestCases.WittyFeedFooterOptionTestCasesTest"/>
  <testcase name="CheckCantactUsLink" time="0.025" classname="WittyFeedTestCases.WittyFeedFooterOptionTestCasesTest"/>
  <testcase name="CheckTermsOfUsePage" time="4.934" classname="WittyFeedTestCases.WittyFeedFooterOptionTestCasesTest"/>
  <testcase name="ClickHamburgerMenu" time="1.938" classname="WittyFeedTestCases.WittyFeedFooterOptionTestCasesTest"/>
  <testcase name="CheckPrivacyPolicyLink" time="0.026" classname="WittyFeedTestCases.WittyFeedFooterOptionTestCasesTest"/>
  <testcase name="CheckAbutUsLink" time="0.041" classname="WittyFeedTestCases.WittyFeedFooterOptionTestCasesTest"/>
  <testcase name="CheckCantactUsPage" time="0.027" classname="WittyFeedTestCases.WittyFeedFooterOptionTestCasesTest"/>
</testsuite>
