<?xml version="1.0" encoding="UTF-8"?>
<!-- Generated by org.testng.reporters.JUnitReportReporter -->
<testsuite skipped="0" hostname="wittyfeed-Vostro-3558" name="GeeksmateTestCases.ThePhilipinoCatagoiesTestCasesTest" tests="13" failures="0" timestamp="29 Dec 2018 07:32:51 GMT" time="48.067" errors="0">
  <testcase name="ClickHamburgerMenu" time="19.312" classname="GeeksmateTestCases.ThePhilipinoCatagoiesTestCasesTest"/>
  <testcase name="CheckHealthCata" time="1.056" classname="GeeksmateTestCases.ThePhilipinoCatagoiesTestCasesTest"/>
  <testcase name="CheckHumorCata" time="1.030" classname="GeeksmateTestCases.ThePhilipinoCatagoiesTestCasesTest"/>
  <testcase name="CheckCelebrityCata" time="1.043" classname="GeeksmateTestCases.ThePhilipinoCatagoiesTestCasesTest"/>
  <testcase name="TechnologyCata" time="1.025" classname="GeeksmateTestCases.ThePhilipinoCatagoiesTestCasesTest"/>
  <testcase name="CheckMiscCata" time="1.030" classname="GeeksmateTestCases.ThePhilipinoCatagoiesTestCasesTest"/>
  <testcase name="CheckFactsCata" time="1.028" classname="GeeksmateTestCases.ThePhilipinoCatagoiesTestCasesTest"/>
  <testcase name="CheckHealthPage" time="3.735" classname="GeeksmateTestCases.ThePhilipinoCatagoiesTestCasesTest"/>
  <testcase name="CheckHumorPage" time="3.737" classname="GeeksmateTestCases.ThePhilipinoCatagoiesTestCasesTest"/>
  <testcase name="CheckCelebrityPage" time="3.379" classname="GeeksmateTestCases.ThePhilipinoCatagoiesTestCasesTest"/>
  <testcase name="CheckTechnologyPage" time="3.782" classname="GeeksmateTestCases.ThePhilipinoCatagoiesTestCasesTest"/>
  <testcase name="CheckMiscPage" time="3.918" classname="GeeksmateTestCases.ThePhilipinoCatagoiesTestCasesTest"/>
  <testcase name="CheckFactsPage" time="3.992" classname="GeeksmateTestCases.ThePhilipinoCatagoiesTestCasesTest"/>
</testsuite> <!-- GeeksmateTestCases.ThePhilipinoCatagoiesTestCasesTest -->
