<?xml version="1.0" encoding="UTF-8"?>
<!-- Generated by org.testng.reporters.JUnitReportReporter -->
<testsuite skipped="0" hostname="wittyfeed-Vostro-3558" name="GeeksmateTestCases.HealthiasticCatagoiesTestCasesTest" tests="11" failures="0" timestamp="29 Dec 2018 10:12:50 GMT" time="34.552" errors="0">
  <testcase name="ClickHamburgerMenu" time="13.436" classname="GeeksmateTestCases.HealthiasticCatagoiesTestCasesTest"/>
  <testcase name="CheckTipsAndTricks" time="1.051" classname="GeeksmateTestCases.HealthiasticCatagoiesTestCasesTest"/>
  <testcase name="CheckWomensHealthCata" time="1.036" classname="GeeksmateTestCases.HealthiasticCatagoiesTestCasesTest"/>
  <testcase name="CheckHealthAlertCata" time="1.032" classname="GeeksmateTestCases.HealthiasticCatagoiesTestCasesTest"/>
  <testcase name="CheckLifestyleCata" time="1.032" classname="GeeksmateTestCases.HealthiasticCatagoiesTestCasesTest"/>
  <testcase name="CheckBeautyCata" time="1.031" classname="GeeksmateTestCases.HealthiasticCatagoiesTestCasesTest"/>
  <testcase name="CheckTipsAndTricksPage" time="3.716" classname="GeeksmateTestCases.HealthiasticCatagoiesTestCasesTest"/>
  <testcase name="CheckWomensHealthPage" time="3.131" classname="GeeksmateTestCases.HealthiasticCatagoiesTestCasesTest"/>
  <testcase name="CheckHealthAlertPage" time="2.924" classname="GeeksmateTestCases.HealthiasticCatagoiesTestCasesTest"/>
  <testcase name="CheckLifestylePage" time="3.010" classname="GeeksmateTestCases.HealthiasticCatagoiesTestCasesTest"/>
  <testcase name="CheckBeautyPage" time="3.153" classname="GeeksmateTestCases.HealthiasticCatagoiesTestCasesTest"/>
</testsuite> <!-- GeeksmateTestCases.HealthiasticCatagoiesTestCasesTest -->
