<?xml version="1.0" encoding="UTF-8"?>
<!-- Generated by org.testng.reporters.JUnitReportReporter -->
<testsuite skipped="0" hostname="wittyfeed-Vostro-3558" name="GeeksmateTestCases.GeeksmateSearchPageTestCasesTest" tests="4" failures="0" timestamp="27 Dec 2018 05:46:27 GMT" time="25.735" errors="0">
  <testcase name="ClickSearchOption" time="25.663" classname="GeeksmateTestCases.GeeksmateSearchPageTestCasesTest"/>
  <testcase name="CheckSearchHeader" time="0.040" classname="GeeksmateTestCases.GeeksmateSearchPageTestCasesTest"/>
  <testcase name="CheckSearchedStoryImage" time="0.016" classname="GeeksmateTestCases.GeeksmateSearchPageTestCasesTest"/>
  <testcase name="CheckSearchedStoryTitle" time="0.016" classname="GeeksmateTestCases.GeeksmateSearchPageTestCasesTest"/>
</testsuite> <!-- GeeksmateTestCases.GeeksmateSearchPageTestCasesTest -->
