<?xml version="1.0" encoding="UTF-8"?>
<!-- Generated by org.testng.reporters.JUnitReportReporter -->
<testsuite skipped="0" hostname="wittyfeed-Vostro-3558" name="MostlymoneyTestCases.MostlymoneyUserProfileTestCasesTest" tests="9" failures="0" timestamp="03 Jan 2019 12:44:22 GMT" time="16.082" errors="0">
  <testcase name="ClickAuthorName" time="15.871" classname="MostlymoneyTestCases.MostlymoneyUserProfileTestCasesTest"/>
  <testcase name="CheckBackgroundImage" time="0.037" classname="MostlymoneyTestCases.MostlymoneyUserProfileTestCasesTest"/>
  <testcase name="CheckAuthorName" time="0.024" classname="MostlymoneyTestCases.MostlymoneyUserProfileTestCasesTest"/>
  <testcase name="CheckAuthorImage" time="0.023" classname="MostlymoneyTestCases.MostlymoneyUserProfileTestCasesTest"/>
  <testcase name="CheckWriterName" time="0.024" classname="MostlymoneyTestCases.MostlymoneyUserProfileTestCasesTest"/>
  <testcase name="CheckEditor" time="0.018" classname="MostlymoneyTestCases.MostlymoneyUserProfileTestCasesTest"/>
  <testcase name="CheckProfileDesc" time="0.019" classname="MostlymoneyTestCases.MostlymoneyUserProfileTestCasesTest"/>
  <testcase name="CheckDontMissThisStory" time="0.018" classname="MostlymoneyTestCases.MostlymoneyUserProfileTestCasesTest"/>
  <testcase name="LatestStories" time="0.048" classname="MostlymoneyTestCases.MostlymoneyUserProfileTestCasesTest"/>
</testsuite> <!-- MostlymoneyTestCases.MostlymoneyUserProfileTestCasesTest -->
