<?xml version="1.0" encoding="UTF-8"?>
<!-- Generated by org.testng.reporters.JUnitReportReporter -->
<testsuite skipped="0" hostname="wittyfeed-Vostro-3558" name="test.WittyFeedHomePageTestcasesTest" tests="34" failures="0" timestamp="14 Dec 2018 06:22:51 GMT" time="26.643" errors="0">
  <testcase name="CheckSearchOption" time="9.308" classname="test.WittyFeedHomePageTestcasesTest"/>
  <testcase name="CheckSiteLogo" time="0.034" classname="test.WittyFeedHomePageTestcasesTest"/>
  <testcase name="CheckNewsCategories" time="0.027" classname="test.WittyFeedHomePageTestcasesTest"/>
  <testcase name="CheckLifeStyleCategories" time="5.029" classname="test.WittyFeedHomePageTestcasesTest"/>
  <testcase name="CheckEntertainmentCategories" time="0.025" classname="test.WittyFeedHomePageTestcasesTest"/>
  <testcase name="CheckOpinion" time="0.028" classname="test.WittyFeedHomePageTestcasesTest"/>
  <testcase name="CheckIndiaKaPulse" time="0.024" classname="test.WittyFeedHomePageTestcasesTest"/>
  <testcase name="CheckGirling" time="0.027" classname="test.WittyFeedHomePageTestcasesTest"/>
  <testcase name="CheckVideos" time="0.025" classname="test.WittyFeedHomePageTestcasesTest"/>
  <testcase name="CheckQuiz" time="0.037" classname="test.WittyFeedHomePageTestcasesTest"/>
  <testcase name="CheckInstaLink" time="0.028" classname="test.WittyFeedHomePageTestcasesTest"/>
  <testcase name="CheckTwitterLink" time="0.034" classname="test.WittyFeedHomePageTestcasesTest"/>
  <testcase name="CheckFacebookLink" time="0.039" classname="test.WittyFeedHomePageTestcasesTest"/>
  <testcase name="CheckYouTubeLink" time="0.033" classname="test.WittyFeedHomePageTestcasesTest"/>
  <testcase name="CheckFeaturedPostImage" time="0.028" classname="test.WittyFeedHomePageTestcasesTest"/>
  <testcase name="CheckFeaturedPostTitle" time="0.026" classname="test.WittyFeedHomePageTestcasesTest"/>
  <testcase name="CheckFeaturedPostAuthor" time="0.025" classname="test.WittyFeedHomePageTestcasesTest"/>
  <testcase name="CheckSecondPostImage" time="0.025" classname="test.WittyFeedHomePageTestcasesTest"/>
  <testcase name="CheckSecondPostTitle" time="0.033" classname="test.WittyFeedHomePageTestcasesTest"/>
  <testcase name="CheckSecondPostAuthor" time="0.029" classname="test.WittyFeedHomePageTestcasesTest"/>
  <testcase name="CheckThirdPostImage" time="0.027" classname="test.WittyFeedHomePageTestcasesTest"/>
  <testcase name="CheckThirdPostTitle" time="0.024" classname="test.WittyFeedHomePageTestcasesTest"/>
  <testcase name="CheckThirdPostAuthor" time="0.024" classname="test.WittyFeedHomePageTestcasesTest"/>
  <testcase name="CheckLatestStoryImage" time="1.069" classname="test.WittyFeedHomePageTestcasesTest"/>
  <testcase name="CheckLatestStoryTitle" time="1.057" classname="test.WittyFeedHomePageTestcasesTest"/>
  <testcase name="CheckLatestStoryAuthor" time="1.059" classname="test.WittyFeedHomePageTestcasesTest"/>
  <testcase name="CheckWittyVideo1" time="1.060" classname="test.WittyFeedHomePageTestcasesTest"/>
  <testcase name="CheckWittyVideo2" time="1.055" classname="test.WittyFeedHomePageTestcasesTest"/>
  <testcase name="CheckQuizeFeedImage" time="1.082" classname="test.WittyFeedHomePageTestcasesTest"/>
  <testcase name="CheckQuizefeedTitle" time="1.074" classname="test.WittyFeedHomePageTestcasesTest"/>
  <testcase name="CheckQuizeFeedAuthor" time="1.061" classname="test.WittyFeedHomePageTestcasesTest"/>
  <testcase name="CheckEatSleepReadReaptImage" time="1.058" classname="test.WittyFeedHomePageTestcasesTest"/>
  <testcase name="CheckEatSleepReadReaptTitle" time="1.056" classname="test.WittyFeedHomePageTestcasesTest"/>
  <testcase name="CheckEatSleepReadReaptAuthor" time="1.073" classname="test.WittyFeedHomePageTestcasesTest"/>
</testsuite> <!-- test.WittyFeedHomePageTestcasesTest -->
