<?xml version="1.0" encoding="UTF-8"?>
<!-- Generated by org.testng.reporters.JUnitReportReporter -->
<testsuite skipped="0" hostname="wittyfeed-Vostro-3558" name="MostlymoneyTestCases.MostlymoneyFooterOptionTestCasesTest" tests="5" failures="0" timestamp="03 Jan 2019 12:37:19 GMT" time="20.973" errors="0">
  <testcase name="ClickHamburgerMenu" time="15.433" classname="MostlymoneyTestCases.MostlymoneyFooterOptionTestCasesTest"/>
  <testcase name="CheckTermsOfUseLink" time="0.024" classname="MostlymoneyTestCases.MostlymoneyFooterOptionTestCasesTest"/>
  <testcase name="CheckPrivacyPolicyLink" time="0.017" classname="MostlymoneyTestCases.MostlymoneyFooterOptionTestCasesTest"/>
  <testcase name="CheckTermsOfUsePage" time="3.170" classname="MostlymoneyTestCases.MostlymoneyFooterOptionTestCasesTest"/>
  <testcase name="CheckPrivacyPolicyPage" time="2.329" classname="MostlymoneyTestCases.MostlymoneyFooterOptionTestCasesTest"/>
</testsuite> <!-- MostlymoneyTestCases.MostlymoneyFooterOptionTestCasesTest -->
