<?xml version="1.0" encoding="UTF-8"?>
<!-- Generated by org.testng.reporters.JUnitReportReporter -->
<testsuite skipped="0" hostname="wittyfeed-Vostro-3558" name="InnervoiceTestCases.InnerVoiceTagstestcasesTest" tests="2" failures="0" timestamp="26 Dec 2018 07:34:16 GMT" time="22.848" errors="0">
  <testcase name="CheckSearchOption" time="22.815" classname="InnervoiceTestCases.InnerVoiceTagstestcasesTest"/>
  <testcase name="CheckSearchTags" time="0.033" classname="InnervoiceTestCases.InnerVoiceTagstestcasesTest"/>
</testsuite> <!-- InnervoiceTestCases.InnerVoiceTagstestcasesTest -->
