<?xml version="1.0" encoding="UTF-8"?>
<!-- Generated by org.testng.reporters.JUnitReportReporter -->
<testsuite skipped="0" hostname="wittyfeed-Vostro-3558" name="MostlymoneyTestCases.MostlymoneySearchPageTestCasesTest" tests="4" failures="0" timestamp="10 Jan 2019 06:01:06 GMT" time="29.496" errors="0">
  <testcase name="ClickSearchOption" time="29.425" classname="MostlymoneyTestCases.MostlymoneySearchPageTestCasesTest"/>
  <testcase name="CheckSearchHeader" time="0.039" classname="MostlymoneyTestCases.MostlymoneySearchPageTestCasesTest"/>
  <testcase name="CheckSearchedStoryImage" time="0.017" classname="MostlymoneyTestCases.MostlymoneySearchPageTestCasesTest"/>
  <testcase name="CheckSearchedStoryTitle" time="0.015" classname="MostlymoneyTestCases.MostlymoneySearchPageTestCasesTest"/>
</testsuite> <!-- MostlymoneyTestCases.MostlymoneySearchPageTestCasesTest -->
