<?xml version="1.0" encoding="UTF-8"?>
<!-- Generated by org.testng.reporters.JUnitReportReporter -->
<testsuite skipped="0" hostname="wittyfeed-Vostro-3558" name="MostlymoneyTestCases.CaptureAndParsingHarFileForPixPngMMTest" tests="32" failures="0" timestamp="15 Jan 2019 12:37:22 GMT" time="10.928" errors="0">
  <testcase name="OpenGoogleappsHar_analyzer" time="9.984" classname="MostlymoneyTestCases.CaptureAndParsingHarFileForPixPngMMTest"/>
  <testcase name="CheckGMTValue" time="0.046" classname="MostlymoneyTestCases.CaptureAndParsingHarFileForPixPngMMTest"/>
  <testcase name="Checkvisit_blockValue" time="0.027" classname="MostlymoneyTestCases.CaptureAndParsingHarFileForPixPngMMTest"/>
  <testcase name="Checkcountry_codeValue" time="0.030" classname="MostlymoneyTestCases.CaptureAndParsingHarFileForPixPngMMTest"/>
  <testcase name="Checklanguage_EnglishValue" time="0.030" classname="MostlymoneyTestCases.CaptureAndParsingHarFileForPixPngMMTest"/>
  <testcase name="Checkcategory_peopleValue" time="0.045" classname="MostlymoneyTestCases.CaptureAndParsingHarFileForPixPngMMTest"/>
  <testcase name="Checkwriter_nameValue" time="0.028" classname="MostlymoneyTestCases.CaptureAndParsingHarFileForPixPngMMTest"/>
  <testcase name="Checkwriter_idValue" time="0.034" classname="MostlymoneyTestCases.CaptureAndParsingHarFileForPixPngMMTest"/>
  <testcase name="Checkcategory_idValue" time="0.028" classname="MostlymoneyTestCases.CaptureAndParsingHarFileForPixPngMMTest"/>
  <testcase name="Checkstory_idValue" time="0.030" classname="MostlymoneyTestCases.CaptureAndParsingHarFileForPixPngMMTest"/>
  <testcase name="Checkgoogle_entitiesValue" time="0.028" classname="MostlymoneyTestCases.CaptureAndParsingHarFileForPixPngMMTest"/>
  <testcase name="Checkpage_typeValue" time="0.028" classname="MostlymoneyTestCases.CaptureAndParsingHarFileForPixPngMMTest"/>
  <testcase name="CheckcityValue" time="0.030" classname="MostlymoneyTestCases.CaptureAndParsingHarFileForPixPngMMTest"/>
  <testcase name="Checkcountry_nameValue" time="0.030" classname="MostlymoneyTestCases.CaptureAndParsingHarFileForPixPngMMTest"/>
  <testcase name="CheckfpValue" time="0.033" classname="MostlymoneyTestCases.CaptureAndParsingHarFileForPixPngMMTest"/>
  <testcase name="Checkpage_urlValue" time="0.028" classname="MostlymoneyTestCases.CaptureAndParsingHarFileForPixPngMMTest"/>
  <testcase name="Checkclient_ipValue" time="0.030" classname="MostlymoneyTestCases.CaptureAndParsingHarFileForPixPngMMTest"/>
  <testcase name="Checkreferral_domainValue" time="0.034" classname="MostlymoneyTestCases.CaptureAndParsingHarFileForPixPngMMTest"/>
  <testcase name="Checkdev_sourceValue" time="0.026" classname="MostlymoneyTestCases.CaptureAndParsingHarFileForPixPngMMTest"/>
  <testcase name="CheckPBValue" time="0.022" classname="MostlymoneyTestCases.CaptureAndParsingHarFileForPixPngMMTest"/>
  <testcase name="Checkstory_tagsValue" time="0.037" classname="MostlymoneyTestCases.CaptureAndParsingHarFileForPixPngMMTest"/>
  <testcase name="Checkcurrent_blockValue" time="0.042" classname="MostlymoneyTestCases.CaptureAndParsingHarFileForPixPngMMTest"/>
  <testcase name="Checktotal_blocksValue" time="0.025" classname="MostlymoneyTestCases.CaptureAndParsingHarFileForPixPngMMTest"/>
  <testcase name="CheckdomainValue" time="0.024" classname="MostlymoneyTestCases.CaptureAndParsingHarFileForPixPngMMTest"/>
  <testcase name="CheckadPartnerValue" time="0.025" classname="MostlymoneyTestCases.CaptureAndParsingHarFileForPixPngMMTest"/>
  <testcase name="CheckadblockerValue" time="0.024" classname="MostlymoneyTestCases.CaptureAndParsingHarFileForPixPngMMTest"/>
  <testcase name="CheckofcValue" time="0.023" classname="MostlymoneyTestCases.CaptureAndParsingHarFileForPixPngMMTest"/>
  <testcase name="Checktotal_adsValue" time="0.027" classname="MostlymoneyTestCases.CaptureAndParsingHarFileForPixPngMMTest"/>
  <testcase name="Checktree_idValue" time="0.026" classname="MostlymoneyTestCases.CaptureAndParsingHarFileForPixPngMMTest"/>
  <testcase name="CheckussValue" time="0.033" classname="MostlymoneyTestCases.CaptureAndParsingHarFileForPixPngMMTest"/>
  <testcase name="CheckpidValue" time="0.035" classname="MostlymoneyTestCases.CaptureAndParsingHarFileForPixPngMMTest"/>
  <testcase name="Checkinit_story_idValue" time="0.036" classname="MostlymoneyTestCases.CaptureAndParsingHarFileForPixPngMMTest"/>
</testsuite> <!-- MostlymoneyTestCases.CaptureAndParsingHarFileForPixPngMMTest -->
