<?xml version="1.0" encoding="UTF-8"?>
<!-- Generated by org.testng.reporters.JUnitReportReporter -->
<testsuite skipped="0" hostname="wittyfeed-Vostro-3558" name="MostlymoneyTestCases.MostlymoneyCatagoiesTestCasesTest" tests="9" failures="0" timestamp="03 Jan 2019 12:34:57 GMT" time="31.293" errors="0">
  <testcase name="ClickHamburgerMenu" time="14.500" classname="MostlymoneyTestCases.MostlymoneyCatagoiesTestCasesTest"/>
  <testcase name="CheckMoney" time="1.067" classname="MostlymoneyTestCases.MostlymoneyCatagoiesTestCasesTest"/>
  <testcase name="CheckLifeCata" time="1.033" classname="MostlymoneyTestCases.MostlymoneyCatagoiesTestCasesTest"/>
  <testcase name="CheckSuccessCata" time="1.038" classname="MostlymoneyTestCases.MostlymoneyCatagoiesTestCasesTest"/>
  <testcase name="CheckSecurityeCata" time="1.029" classname="MostlymoneyTestCases.MostlymoneyCatagoiesTestCasesTest"/>
  <testcase name="CheckMoneyPage" time="3.450" classname="MostlymoneyTestCases.MostlymoneyCatagoiesTestCasesTest"/>
  <testcase name="CheckLifePage" time="3.148" classname="MostlymoneyTestCases.MostlymoneyCatagoiesTestCasesTest"/>
  <testcase name="CheckSuccessPage" time="3.021" classname="MostlymoneyTestCases.MostlymoneyCatagoiesTestCasesTest"/>
  <testcase name="CheckSecurityPage" time="3.007" classname="MostlymoneyTestCases.MostlymoneyCatagoiesTestCasesTest"/>
</testsuite> <!-- MostlymoneyTestCases.MostlymoneyCatagoiesTestCasesTest -->
