<?xml version="1.0" encoding="UTF-8"?>
<!-- Generated by org.testng.reporters.JUnitReportReporter -->
<testsuite skipped="0" hostname="wittyfeed-Vostro-3558" name="GeeksmateTestCases.ThePhilipinoFooterOptionTestCasesTest" tests="5" failures="0" timestamp="29 Dec 2018 07:43:31 GMT" time="24.157" errors="0">
  <testcase name="ClickHamburgerMenu" time="17.578" classname="GeeksmateTestCases.ThePhilipinoFooterOptionTestCasesTest"/>
  <testcase name="CheckTermsOfUseLink" time="0.029" classname="GeeksmateTestCases.ThePhilipinoFooterOptionTestCasesTest"/>
  <testcase name="CheckPrivacyPolicyLink" time="0.019" classname="GeeksmateTestCases.ThePhilipinoFooterOptionTestCasesTest"/>
  <testcase name="CheckTermsOfUsePage" time="3.362" classname="GeeksmateTestCases.ThePhilipinoFooterOptionTestCasesTest"/>
  <testcase name="CheckPrivacyPolicyPage" time="3.169" classname="GeeksmateTestCases.ThePhilipinoFooterOptionTestCasesTest"/>
</testsuite> <!-- GeeksmateTestCases.ThePhilipinoFooterOptionTestCasesTest -->
