<?xml version="1.0" encoding="UTF-8"?>
<!-- Generated by org.testng.reporters.JUnitReportReporter -->
<testsuite skipped="0" hostname="wittyfeed-Vostro-3558" name="MostlymoneyTestCases.MostlymoneyHomePageTestcasesTest" tests="25" failures="0" timestamp="03 Jan 2019 12:22:27 GMT" time="24.732" errors="0">
  <testcase name="CheckSearchOption" time="13.269" classname="MostlymoneyTestCases.MostlymoneyHomePageTestcasesTest"/>
  <testcase name="CheckSiteLogo" time="0.020" classname="MostlymoneyTestCases.MostlymoneyHomePageTestcasesTest"/>
  <testcase name="CheckMoneyCategories" time="0.028" classname="MostlymoneyTestCases.MostlymoneyHomePageTestcasesTest"/>
  <testcase name="CheckLifeCategories" time="5.016" classname="MostlymoneyTestCases.MostlymoneyHomePageTestcasesTest"/>
  <testcase name="CheckSuccessCategories" time="0.017" classname="MostlymoneyTestCases.MostlymoneyHomePageTestcasesTest"/>
  <testcase name="CheckSecurityCategories" time="0.014" classname="MostlymoneyTestCases.MostlymoneyHomePageTestcasesTest"/>
  <testcase name="CheckInstaLink" time="0.014" classname="MostlymoneyTestCases.MostlymoneyHomePageTestcasesTest"/>
  <testcase name="CheckTwitterLink" time="0.012" classname="MostlymoneyTestCases.MostlymoneyHomePageTestcasesTest"/>
  <testcase name="CheckFacebookLink" time="0.017" classname="MostlymoneyTestCases.MostlymoneyHomePageTestcasesTest"/>
  <testcase name="CheckYouTubeLink" time="0.013" classname="MostlymoneyTestCases.MostlymoneyHomePageTestcasesTest"/>
  <testcase name="CheckFeaturedPostImage" time="0.011" classname="MostlymoneyTestCases.MostlymoneyHomePageTestcasesTest"/>
  <testcase name="CheckFeaturedPostTitle" time="0.016" classname="MostlymoneyTestCases.MostlymoneyHomePageTestcasesTest"/>
  <testcase name="CheckFeaturedPostAuthor" time="0.013" classname="MostlymoneyTestCases.MostlymoneyHomePageTestcasesTest"/>
  <testcase name="CheckSecondPostImage" time="0.022" classname="MostlymoneyTestCases.MostlymoneyHomePageTestcasesTest"/>
  <testcase name="CheckSecondPostTitle" time="0.013" classname="MostlymoneyTestCases.MostlymoneyHomePageTestcasesTest"/>
  <testcase name="CheckSecondPostAuthor" time="0.015" classname="MostlymoneyTestCases.MostlymoneyHomePageTestcasesTest"/>
  <testcase name="CheckThirdPostImage" time="0.012" classname="MostlymoneyTestCases.MostlymoneyHomePageTestcasesTest"/>
  <testcase name="CheckThirdPostTitle" time="0.012" classname="MostlymoneyTestCases.MostlymoneyHomePageTestcasesTest"/>
  <testcase name="CheckThirdPostAuthor" time="0.010" classname="MostlymoneyTestCases.MostlymoneyHomePageTestcasesTest"/>
  <testcase name="CheckLatestStoryImage" time="1.029" classname="MostlymoneyTestCases.MostlymoneyHomePageTestcasesTest"/>
  <testcase name="CheckLatestStoryTitle" time="1.033" classname="MostlymoneyTestCases.MostlymoneyHomePageTestcasesTest"/>
  <testcase name="CheckLatestStoryAuthor" time="1.028" classname="MostlymoneyTestCases.MostlymoneyHomePageTestcasesTest"/>
  <testcase name="CheckEatSleepReadReaptImage" time="1.030" classname="MostlymoneyTestCases.MostlymoneyHomePageTestcasesTest"/>
  <testcase name="CheckEatSleepReadReaptTitle" time="1.041" classname="MostlymoneyTestCases.MostlymoneyHomePageTestcasesTest"/>
  <testcase name="CheckEatSleepReadReaptAuthor" time="1.027" classname="MostlymoneyTestCases.MostlymoneyHomePageTestcasesTest"/>
</testsuite> <!-- MostlymoneyTestCases.MostlymoneyHomePageTestcasesTest -->
