<?xml version="1.0" encoding="UTF-8"?>
<!-- Generated by org.testng.reporters.JUnitReportReporter -->
<testsuite skipped="0" hostname="wittyfeed-Vostro-3558" name="MostlymoneyTestCases.MostlymoneyStoryPageTestCasesTest" tests="7" failures="0" timestamp="03 Jan 2019 12:41:31 GMT" time="26.341" errors="0">
  <testcase name="OpenStoryPage" time="20.047" classname="MostlymoneyTestCases.MostlymoneyStoryPageTestCasesTest"/>
  <testcase name="CheckStoryAuthor" time="1.049" classname="MostlymoneyTestCases.MostlymoneyStoryPageTestCasesTest"/>
  <testcase name="CheckStoryTitle" time="1.084" classname="MostlymoneyTestCases.MostlymoneyStoryPageTestCasesTest"/>
  <testcase name="CheckStoryDesc" time="1.038" classname="MostlymoneyTestCases.MostlymoneyStoryPageTestCasesTest"/>
  <testcase name="CheckStoryShares" time="1.032" classname="MostlymoneyTestCases.MostlymoneyStoryPageTestCasesTest"/>
  <testcase name="CheckStoryShareOptions" time="1.061" classname="MostlymoneyTestCases.MostlymoneyStoryPageTestCasesTest"/>
  <testcase name="CheckStoryContent" time="1.030" classname="MostlymoneyTestCases.MostlymoneyStoryPageTestCasesTest"/>
</testsuite> <!-- MostlymoneyTestCases.MostlymoneyStoryPageTestCasesTest -->
