<?xml version="1.0" encoding="UTF-8"?>
<!-- Generated by org.testng.reporters.JUnitReportReporter -->
<testsuite hostname="wittyfeed-Vostro-3558" name="WittyFeedTestCases.WittyFeedSearchPageTestCasesTest" tests="4" failures="0" timestamp="19 Dec 2018 05:26:50 GMT" time="7.889" errors="0">
  <testcase name="ClickSearchOption" time="7.802" classname="WittyFeedTestCases.WittyFeedSearchPageTestCasesTest"/>
  <testcase name="CheckSearchedStoryImage" time="0.031" classname="WittyFeedTestCases.WittyFeedSearchPageTestCasesTest"/>
  <testcase name="CheckSearchedStoryTitle" time="0.032" classname="WittyFeedTestCases.WittyFeedSearchPageTestCasesTest"/>
  <testcase name="CheckSearchHeader" time="0.024" classname="WittyFeedTestCases.WittyFeedSearchPageTestCasesTest"/>
</testsuite>
