<?xml version="1.0" encoding="UTF-8"?>
<!-- Generated by org.testng.reporters.JUnitReportReporter -->
<testsuite hostname="wittyfeed-Vostro-3558" name="test.WittyFeedSearchPageTestCasesTest" tests="4" failures="0" timestamp="18 Dec 2018 06:48:26 GMT" time="37.337" errors="0">
  <testcase name="CheckSearchHeader" time="0.023" classname="test.WittyFeedSearchPageTestCasesTest"/>
  <testcase name="CheckSearchedStoryImage" time="0.020" classname="test.WittyFeedSearchPageTestCasesTest"/>
  <testcase name="ClickSearchOption" time="37.274" classname="test.WittyFeedSearchPageTestCasesTest"/>
  <testcase name="CheckSearchedStoryTitle" time="0.020" classname="test.WittyFeedSearchPageTestCasesTest"/>
</testsuite>
