<?xml version="1.0" encoding="UTF-8"?>
<!-- Generated by org.testng.reporters.JUnitReportReporter -->
<testsuite hostname="wittyfeed-Vostro-3558" name="WittyFeedTestCases.CaptureAndParsingHarFileForPixPngTest" tests="32" failures="0" timestamp="19 Dec 2018 05:26:50 GMT" time="15.380" errors="0">
  <testcase name="Checktree_idValue" time="0.057" classname="WittyFeedTestCases.CaptureAndParsingHarFileForPixPngTest"/>
  <testcase name="Checktotal_blocksValue" time="0.075" classname="WittyFeedTestCases.CaptureAndParsingHarFileForPixPngTest"/>
  <testcase name="Checkinit_story_idValue" time="0.057" classname="WittyFeedTestCases.CaptureAndParsingHarFileForPixPngTest"/>
  <testcase name="Checkstory_idValue" time="0.051" classname="WittyFeedTestCases.CaptureAndParsingHarFileForPixPngTest"/>
  <testcase name="Checkgoogle_entitiesValue" time="0.067" classname="WittyFeedTestCases.CaptureAndParsingHarFileForPixPngTest"/>
  <testcase name="CheckadblockerValue" time="0.068" classname="WittyFeedTestCases.CaptureAndParsingHarFileForPixPngTest"/>
  <testcase name="CheckussValue" time="0.063" classname="WittyFeedTestCases.CaptureAndParsingHarFileForPixPngTest"/>
  <testcase name="Checkcurrent_blockValue" time="0.050" classname="WittyFeedTestCases.CaptureAndParsingHarFileForPixPngTest"/>
  <testcase name="Checkpage_typeValue" time="0.074" classname="WittyFeedTestCases.CaptureAndParsingHarFileForPixPngTest"/>
  <testcase name="CheckPBValue" time="0.053" classname="WittyFeedTestCases.CaptureAndParsingHarFileForPixPngTest"/>
  <testcase name="OpenGoogleappsHar_analyzer" time="13.388" classname="WittyFeedTestCases.CaptureAndParsingHarFileForPixPngTest"/>
  <testcase name="Checklanguage_EnglishValue" time="0.065" classname="WittyFeedTestCases.CaptureAndParsingHarFileForPixPngTest"/>
  <testcase name="Checkwriter_nameValue" time="0.055" classname="WittyFeedTestCases.CaptureAndParsingHarFileForPixPngTest"/>
  <testcase name="CheckdomainValue" time="0.089" classname="WittyFeedTestCases.CaptureAndParsingHarFileForPixPngTest"/>
  <testcase name="Checkdev_sourceValue" time="0.053" classname="WittyFeedTestCases.CaptureAndParsingHarFileForPixPngTest"/>
  <testcase name="Checkclient_ipValue" time="0.064" classname="WittyFeedTestCases.CaptureAndParsingHarFileForPixPngTest"/>
  <testcase name="Checkwriter_idValue" time="0.056" classname="WittyFeedTestCases.CaptureAndParsingHarFileForPixPngTest"/>
  <testcase name="CheckGMTValue" time="0.133" classname="WittyFeedTestCases.CaptureAndParsingHarFileForPixPngTest"/>
  <testcase name="Checkreferral_domainValue" time="0.053" classname="WittyFeedTestCases.CaptureAndParsingHarFileForPixPngTest"/>
  <testcase name="CheckpidValue" time="0.055" classname="WittyFeedTestCases.CaptureAndParsingHarFileForPixPngTest"/>
  <testcase name="CheckfpValue" time="0.065" classname="WittyFeedTestCases.CaptureAndParsingHarFileForPixPngTest"/>
  <testcase name="Checkcountry_codeValue" time="0.069" classname="WittyFeedTestCases.CaptureAndParsingHarFileForPixPngTest"/>
  <testcase name="Checkvisit_blockValue" time="0.065" classname="WittyFeedTestCases.CaptureAndParsingHarFileForPixPngTest"/>
  <testcase name="Checkpage_urlValue" time="0.062" classname="WittyFeedTestCases.CaptureAndParsingHarFileForPixPngTest"/>
  <testcase name="CheckadPartnerValue" time="0.068" classname="WittyFeedTestCases.CaptureAndParsingHarFileForPixPngTest"/>
  <testcase name="Checktotal_adsValue" time="0.061" classname="WittyFeedTestCases.CaptureAndParsingHarFileForPixPngTest"/>
  <testcase name="Checkcategory_peopleValue" time="0.064" classname="WittyFeedTestCases.CaptureAndParsingHarFileForPixPngTest"/>
  <testcase name="Checkstory_tagsValue" time="0.051" classname="WittyFeedTestCases.CaptureAndParsingHarFileForPixPngTest"/>
  <testcase name="CheckofcValue" time="0.064" classname="WittyFeedTestCases.CaptureAndParsingHarFileForPixPngTest"/>
  <testcase name="Checkcountry_nameValue" time="0.075" classname="WittyFeedTestCases.CaptureAndParsingHarFileForPixPngTest"/>
  <testcase name="CheckcityValue" time="0.055" classname="WittyFeedTestCases.CaptureAndParsingHarFileForPixPngTest"/>
  <testcase name="Checkcategory_idValue" time="0.055" classname="WittyFeedTestCases.CaptureAndParsingHarFileForPixPngTest"/>
</testsuite>
