<?xml version="1.0" encoding="UTF-8"?>
<!-- Generated by org.testng.reporters.JUnitReportReporter -->
<testsuite hostname="wittyfeed-Vostro-3558" name="WittyFeedTestCases.WittyFeedCatagoiesTestCasesTest" tests="33" failures="0" timestamp="19 Dec 2018 05:26:50 GMT" time="102.708" errors="0">
  <testcase name="CheckOpinionLink" time="1.063" classname="WittyFeedTestCases.WittyFeedCatagoiesTestCasesTest"/>
  <testcase name="CheckGirlingLink" time="1.052" classname="WittyFeedTestCases.WittyFeedCatagoiesTestCasesTest"/>
  <testcase name="ClickHamburgerMenu" time="11.158" classname="WittyFeedTestCases.WittyFeedCatagoiesTestCasesTest"/>
  <testcase name="CheckVideosPage" time="1.053" classname="WittyFeedTestCases.WittyFeedCatagoiesTestCasesTest"/>
  <testcase name="CheckNewsPage" time="6.031" classname="WittyFeedTestCases.WittyFeedCatagoiesTestCasesTest"/>
  <testcase name="CheckSocialImpactPage" time="1.055" classname="WittyFeedTestCases.WittyFeedCatagoiesTestCasesTest"/>
  <testcase name="CheckHealthPage" time="5.297" classname="WittyFeedTestCases.WittyFeedCatagoiesTestCasesTest"/>
  <testcase name="CheckLifeStylePage" time="4.799" classname="WittyFeedTestCases.WittyFeedCatagoiesTestCasesTest"/>
  <testcase name="CheckFashionPage" time="4.621" classname="WittyFeedTestCases.WittyFeedCatagoiesTestCasesTest"/>
  <testcase name="CheckPoliticsPage" time="5.327" classname="WittyFeedTestCases.WittyFeedCatagoiesTestCasesTest"/>
  <testcase name="CheckOpinionPage" time="1.074" classname="WittyFeedTestCases.WittyFeedCatagoiesTestCasesTest"/>
  <testcase name="CheckEntertainmentSubCata" time="1.042" classname="WittyFeedTestCases.WittyFeedCatagoiesTestCasesTest"/>
  <testcase name="CheckRelationshipPage" time="5.187" classname="WittyFeedTestCases.WittyFeedCatagoiesTestCasesTest"/>
  <testcase name="CheckGirlingPage" time="1.048" classname="WittyFeedTestCases.WittyFeedCatagoiesTestCasesTest"/>
  <testcase name="CheckNewsSubCata" time="1.057" classname="WittyFeedTestCases.WittyFeedCatagoiesTestCasesTest"/>
  <testcase name="CheckSocialPage" time="4.841" classname="WittyFeedTestCases.WittyFeedCatagoiesTestCasesTest"/>
  <testcase name="CheckTrendingPage" time="5.020" classname="WittyFeedTestCases.WittyFeedCatagoiesTestCasesTest"/>
  <testcase name="CheckBollywoodPage" time="5.234" classname="WittyFeedTestCases.WittyFeedCatagoiesTestCasesTest"/>
  <testcase name="CheckQuizLink" time="1.062" classname="WittyFeedTestCases.WittyFeedCatagoiesTestCasesTest"/>
  <testcase name="CheckEntertainmentCata" time="1.055" classname="WittyFeedTestCases.WittyFeedCatagoiesTestCasesTest"/>
  <testcase name="CheckSocialCelebritiesPage" time="6.303" classname="WittyFeedTestCases.WittyFeedCatagoiesTestCasesTest"/>
  <testcase name="CheckSportsPage" time="5.218" classname="WittyFeedTestCases.WittyFeedCatagoiesTestCasesTest"/>
  <testcase name="CheckLifeStyleCata" time="1.065" classname="WittyFeedTestCases.WittyFeedCatagoiesTestCasesTest"/>
  <testcase name="CheckEntertainmentPage" time="4.443" classname="WittyFeedTestCases.WittyFeedCatagoiesTestCasesTest"/>
  <testcase name="CheckSocialImpactLink" time="1.058" classname="WittyFeedTestCases.WittyFeedCatagoiesTestCasesTest"/>
  <testcase name="CheckHollywoodPage" time="4.990" classname="WittyFeedTestCases.WittyFeedCatagoiesTestCasesTest"/>
  <testcase name="CheckNewsCata" time="1.129" classname="WittyFeedTestCases.WittyFeedCatagoiesTestCasesTest"/>
  <testcase name="CheckTravelPage" time="5.132" classname="WittyFeedTestCases.WittyFeedCatagoiesTestCasesTest"/>
  <testcase name="CheckIndiaKaPulseLink" time="1.057" classname="WittyFeedTestCases.WittyFeedCatagoiesTestCasesTest"/>
  <testcase name="CheckVideosLink" time="1.058" classname="WittyFeedTestCases.WittyFeedCatagoiesTestCasesTest"/>
  <testcase name="CheckQuizPage" time="1.048" classname="WittyFeedTestCases.WittyFeedCatagoiesTestCasesTest"/>
  <testcase name="CheckLifeStyleSubCata" time="1.075" classname="WittyFeedTestCases.WittyFeedCatagoiesTestCasesTest"/>
  <testcase name="CheckIndiaKaPulsePage" time="1.056" classname="WittyFeedTestCases.WittyFeedCatagoiesTestCasesTest"/>
</testsuite>
