<?xml version="1.0" encoding="UTF-8"?>
<!-- Generated by org.testng.reporters.JUnitReportReporter -->
<testsuite hostname="wittyfeed-Vostro-3558" name="DuniadigestTestCases.DuniadigestCatagoiesTestCasesTest" tests="34" failures="0" timestamp="7 Jan 2019 13:22:12 GMT" time="275.878" errors="0">
  <testcase name="CheckKiseePage" time="6.046" classname="DuniadigestTestCases.DuniadigestCatagoiesTestCasesTest"/>
  <testcase name="CheckDharamParCharchaSubCata" time="1.027" classname="DuniadigestTestCases.DuniadigestCatagoiesTestCasesTest"/>
  <testcase name="CheckFirangiPage" time="4.223" classname="DuniadigestTestCases.DuniadigestCatagoiesTestCasesTest"/>
  <testcase name="CheckChugalKhorCachiPage" time="4.832" classname="DuniadigestTestCases.DuniadigestCatagoiesTestCasesTest"/>
  <testcase name="CheckNewsDigest" time="1.037" classname="DuniadigestTestCases.DuniadigestCatagoiesTestCasesTest"/>
  <testcase name="CheckLifePage" time="4.534" classname="DuniadigestTestCases.DuniadigestCatagoiesTestCasesTest"/>
  <testcase name="CheckFilmyDuniaCata" time="1.025" classname="DuniadigestTestCases.DuniadigestCatagoiesTestCasesTest"/>
  <testcase name="CheckApnaHindustanPage" time="4.490" classname="DuniadigestTestCases.DuniadigestCatagoiesTestCasesTest"/>
  <testcase name="CheckRahanSahanPage" time="7.261" classname="DuniadigestTestCases.DuniadigestCatagoiesTestCasesTest"/>
  <testcase name="ClickHamburgerMenu" time="16.218" classname="DuniadigestTestCases.DuniadigestCatagoiesTestCasesTest"/>
  <testcase name="CheckMultiMediaSubCata" time="1.030" classname="DuniadigestTestCases.DuniadigestCatagoiesTestCasesTest"/>
  <testcase name="CheckLifeCata" time="1.030" classname="DuniadigestTestCases.DuniadigestCatagoiesTestCasesTest"/>
  <testcase name="CheckInfoGraphicsPage" time="4.506" classname="DuniadigestTestCases.DuniadigestCatagoiesTestCasesTest"/>
  <testcase name="CheckTaknikPage" time="4.505" classname="DuniadigestTestCases.DuniadigestCatagoiesTestCasesTest"/>
  <testcase name="CheckMathPachiPage" time="7.389" classname="DuniadigestTestCases.DuniadigestCatagoiesTestCasesTest"/>
  <testcase name="CheckDharamParCharchaPage" time="121.195" classname="DuniadigestTestCases.DuniadigestCatagoiesTestCasesTest"/>
  <testcase name="CheckMathPachiCata" time="1.024" classname="DuniadigestTestCases.DuniadigestCatagoiesTestCasesTest"/>
  <testcase name="CheckMultiMediaCata" time="1.038" classname="DuniadigestTestCases.DuniadigestCatagoiesTestCasesTest"/>
  <testcase name="CheckSitareZaminPePage" time="4.130" classname="DuniadigestTestCases.DuniadigestCatagoiesTestCasesTest"/>
  <testcase name="CheckMultiMediaPage" time="4.940" classname="DuniadigestTestCases.DuniadigestCatagoiesTestCasesTest"/>
  <testcase name="CheckSocialCharchaPage" time="4.520" classname="DuniadigestTestCases.DuniadigestCatagoiesTestCasesTest"/>
  <testcase name="CheckFilmyDuniaPage" time="4.363" classname="DuniadigestTestCases.DuniadigestCatagoiesTestCasesTest"/>
  <testcase name="CheckDharmikItihasPage" time="4.391" classname="DuniadigestTestCases.DuniadigestCatagoiesTestCasesTest"/>
  <testcase name="CheckLifeSubCata" time="1.026" classname="DuniadigestTestCases.DuniadigestCatagoiesTestCasesTest"/>
  <testcase name="CheckHealthPage" time="4.124" classname="DuniadigestTestCases.DuniadigestCatagoiesTestCasesTest"/>
  <testcase name="CheckKhelKhiladiCata" time="1.029" classname="DuniadigestTestCases.DuniadigestCatagoiesTestCasesTest"/>
  <testcase name="CheckRelationshipPage" time="28.600" classname="DuniadigestTestCases.DuniadigestCatagoiesTestCasesTest"/>
  <testcase name="CheckHasithitoliPage" time="4.813" classname="DuniadigestTestCases.DuniadigestCatagoiesTestCasesTest"/>
  <testcase name="CheckKhelKhiladiPage" time="8.249" classname="DuniadigestTestCases.DuniadigestCatagoiesTestCasesTest"/>
  <testcase name="CheckVideoPage" time="4.349" classname="DuniadigestTestCases.DuniadigestCatagoiesTestCasesTest"/>
  <testcase name="CheckNewsDigestPage" time="4.836" classname="DuniadigestTestCases.DuniadigestCatagoiesTestCasesTest"/>
  <testcase name="DharamParCharchaCata" time="1.035" classname="DuniadigestTestCases.DuniadigestCatagoiesTestCasesTest"/>
  <testcase name="CheckNewsDigestSubCata" time="1.028" classname="DuniadigestTestCases.DuniadigestCatagoiesTestCasesTest"/>
  <testcase name="CheckFilmyDuniaSubCata" time="2.035" classname="DuniadigestTestCases.DuniadigestCatagoiesTestCasesTest"/>
</testsuite>
