<?xml version="1.0" encoding="UTF-8"?>
<!-- Generated by org.testng.reporters.JUnitReportReporter -->
<testsuite hostname="wittyfeed-Vostro-3558" name="DuniadigestTestCases.DuniadigestTagstestcasesTest" tests="2" failures="0" timestamp="7 Jan 2019 13:22:12 GMT" time="5.235" errors="0">
  <testcase name="CheckSearchOption" time="5.227" classname="DuniadigestTestCases.DuniadigestTagstestcasesTest"/>
  <testcase name="CheckSearchTags" time="0.008" classname="DuniadigestTestCases.DuniadigestTagstestcasesTest"/>
</testsuite>
