<?xml version="1.0" encoding="UTF-8"?>
<!-- Generated by org.testng.reporters.JUnitReportReporter -->
<testsuite hostname="wittyfeed-Vostro-3558" name="DuniadigestTestCases.DuniadigestUserProfileTestCasesTest" tests="9" failures="0" timestamp="7 Jan 2019 13:22:12 GMT" time="9.549" errors="0">
  <testcase name="CheckProfileDesc" time="0.012" classname="DuniadigestTestCases.DuniadigestUserProfileTestCasesTest"/>
  <testcase name="LatestStories" time="0.010" classname="DuniadigestTestCases.DuniadigestUserProfileTestCasesTest"/>
  <testcase name="CheckEditor" time="0.010" classname="DuniadigestTestCases.DuniadigestUserProfileTestCasesTest"/>
  <testcase name="CheckWriterName" time="0.010" classname="DuniadigestTestCases.DuniadigestUserProfileTestCasesTest"/>
  <testcase name="CheckBackgroundImage" time="0.020" classname="DuniadigestTestCases.DuniadigestUserProfileTestCasesTest"/>
  <testcase name="CheckAuthorName" time="0.015" classname="DuniadigestTestCases.DuniadigestUserProfileTestCasesTest"/>
  <testcase name="CheckAuthorImage" time="0.012" classname="DuniadigestTestCases.DuniadigestUserProfileTestCasesTest"/>
  <testcase name="ClickAuthorName" time="9.450" classname="DuniadigestTestCases.DuniadigestUserProfileTestCasesTest"/>
  <testcase name="CheckDontMissThisStory" time="0.010" classname="DuniadigestTestCases.DuniadigestUserProfileTestCasesTest"/>
</testsuite>
